   1              		.cpu arm926ej-s
   2              		.fpu softvfp
   3              		.eabi_attribute 20, 1
   4              		.eabi_attribute 21, 1
   5              		.eabi_attribute 23, 3
   6              		.eabi_attribute 24, 1
   7              		.eabi_attribute 25, 1
   8              		.eabi_attribute 26, 1
   9              		.eabi_attribute 30, 6
  10              		.eabi_attribute 18, 4
  11              		.file	"DebugConsole.c"
  19              	.Ltext0:
  20              		.cfi_sections	.debug_frame
  21              		.section	.bss.DebugTxEnabled,"aw",%nobits
  22              		.align	2
  25              	DebugTxEnabled:
  26 0000 00000000 		.space	4
  27              		.section	.rodata
  28              		.align	2
  29              	.LC0:
  30 0000 0A257320 		.ascii	"\012%s Successful\000"
  30      53756363 
  30      65737366 
  30      756C00
  31 000f 00       		.align	2
  32              	.LC1:
  33 0010 0A257320 		.ascii	"\012%s failed, Status = %d\012\000"
  33      6661696C 
  33      65642C20 
  33      53746174 
  33      7573203D 
  34 0029 000000   		.align	2
  35              	.LC2:
  36 002c 3F00     		.ascii	"?\000"
  37              		.section	.text.CheckStatus,"ax",%progbits
  38              		.align	2
  39              		.global	CheckStatus
  41              	CheckStatus:
  42              	.LFB0:
  43              		.file 1 "../DebugConsole.c"
   1:../DebugConsole.c **** // DebugConsole.c	include the Cypress UART-based Debug Console into the project
   2:../DebugConsole.c **** 
   3:../DebugConsole.c **** #include "Application.h"
   4:../DebugConsole.c **** 
   5:../DebugConsole.c **** static CyBool_t DebugTxEnabled = CyFalse;	// Set true once I can output messages to the Console
   6:../DebugConsole.c **** 
   7:../DebugConsole.c **** void CheckStatus(char* StringPtr, CyU3PReturnStatus_t Status)
   8:../DebugConsole.c **** // In this initial debugging stage I stall on an un-successful system call, else I display progress
   9:../DebugConsole.c **** // Note that this assumes that there were no errors bringing up the Debug Console
  10:../DebugConsole.c **** {
  44              		.loc 1 10 0
  45              		.cfi_startproc
  46              		@ args = 0, pretend = 0, frame = 8
  47              		@ frame_needed = 1, uses_anonymous_args = 0
  48 0000 00482DE9 		stmfd	sp!, {fp, lr}
  49              	.LCFI0:
  50              		.cfi_def_cfa_offset 8
  51 0004 04B08DE2 		add	fp, sp, #4
  52              		.cfi_offset 14, -4
  53              		.cfi_offset 11, -8
  54              	.LCFI1:
  55              		.cfi_def_cfa 11, 4
  56 0008 08D04DE2 		sub	sp, sp, #8
  57 000c 08000BE5 		str	r0, [fp, #-8]
  58 0010 0C100BE5 		str	r1, [fp, #-12]
  11:../DebugConsole.c **** 	if (DebugTxEnabled)				// Need to wait until ConsoleOut is enabled
  59              		.loc 1 11 0
  60 0014 5C309FE5 		ldr	r3, .L5
  61 0018 003093E5 		ldr	r3, [r3, #0]
  62 001c 000053E3 		cmp	r3, #0
  63 0020 1200000A 		beq	.L1
  12:../DebugConsole.c **** 	{
  13:../DebugConsole.c **** 		if (Status == CY_U3P_SUCCESS) CyU3PDebugPrint(4, "\n%s Successful", StringPtr);
  64              		.loc 1 13 0
  65 0024 0C301BE5 		ldr	r3, [fp, #-12]
  66 0028 000053E3 		cmp	r3, #0
  67 002c 0400001A 		bne	.L3
  68              		.loc 1 13 0 is_stmt 0 discriminator 1
  69 0030 0400A0E3 		mov	r0, #4
  70 0034 40109FE5 		ldr	r1, .L5+4
  71 0038 08201BE5 		ldr	r2, [fp, #-8]
  72 003c FEFFFFEB 		bl	CyU3PDebugPrint
  73 0040 0A0000EA 		b	.L1
  74              	.L3:
  14:../DebugConsole.c **** 		else
  15:../DebugConsole.c **** 		{
  16:../DebugConsole.c **** 			// else hang here
  17:../DebugConsole.c **** 			CyU3PDebugPrint(4, "\n%s failed, Status = %d\n", StringPtr, Status);
  75              		.loc 1 17 0 is_stmt 1
  76 0044 0400A0E3 		mov	r0, #4
  77 0048 30109FE5 		ldr	r1, .L5+8
  78 004c 08201BE5 		ldr	r2, [fp, #-8]
  79 0050 0C301BE5 		ldr	r3, [fp, #-12]
  80 0054 FEFFFFEB 		bl	CyU3PDebugPrint
  81              	.L4:
  18:../DebugConsole.c **** 			while (1)
  19:../DebugConsole.c **** 			{
  20:../DebugConsole.c **** 				CyU3PDebugPrint(4, "?");
  82              		.loc 1 20 0 discriminator 1
  83 0058 0400A0E3 		mov	r0, #4
  84 005c 20109FE5 		ldr	r1, .L5+12
  85 0060 FEFFFFEB 		bl	CyU3PDebugPrint
  21:../DebugConsole.c **** 				CyU3PThreadSleep (1000);
  86              		.loc 1 21 0 discriminator 1
  87 0064 FA0FA0E3 		mov	r0, #1000
  88 0068 FEFFFFEB 		bl	_tx_thread_sleep
  22:../DebugConsole.c **** 			}
  89              		.loc 1 22 0 discriminator 1
  90 006c F9FFFFEA 		b	.L4
  91              	.L1:
  23:../DebugConsole.c **** 		}
  24:../DebugConsole.c **** 	}
  25:../DebugConsole.c **** }
  92              		.loc 1 25 0
  93 0070 04D04BE2 		sub	sp, fp, #4
  94 0074 0088BDE8 		ldmfd	sp!, {fp, pc}
  95              	.L6:
  96              		.align	2
  97              	.L5:
  98 0078 00000000 		.word	DebugTxEnabled
  99 007c 00000000 		.word	.LC0
 100 0080 10000000 		.word	.LC1
 101 0084 2C000000 		.word	.LC2
 102              		.cfi_endproc
 103              	.LFE0:
 105              		.section	.rodata
 106 002e 0000     		.align	2
 107              	.LC3:
 108 0030 43795533 		.ascii	"CyU3PUartInit\000"
 108      50556172 
 108      74496E69 
 108      7400
 109 003e 0000     		.align	2
 110              	.LC4:
 111 0040 43795533 		.ascii	"CyU3PUartSetConfig\000"
 111      50556172 
 111      74536574 
 111      436F6E66 
 111      696700
 112 0053 00       		.align	2
 113              	.LC5:
 114 0054 43795533 		.ascii	"CyU3PUartTxSetBlockXfer\000"
 114      50556172 
 114      74547853 
 114      6574426C 
 114      6F636B58 
 115              		.align	2
 116              	.LC6:
 117 006c 436F6E73 		.ascii	"ConsoleOutEnabled\000"
 117      6F6C654F 
 117      7574456E 
 117      61626C65 
 117      6400
 118 007e 0000     		.section	.text.InitializeDebugConsole,"ax",%progbits
 119              		.align	2
 120              		.global	InitializeDebugConsole
 122              	InitializeDebugConsole:
 123              	.LFB1:
  26:../DebugConsole.c **** 
  27:../DebugConsole.c **** // Spin up the DEBUG Console, Out and In
  28:../DebugConsole.c **** CyU3PReturnStatus_t InitializeDebugConsole(void)
  29:../DebugConsole.c **** {
 124              		.loc 1 29 0
 125              		.cfi_startproc
 126              		@ args = 0, pretend = 0, frame = 32
 127              		@ frame_needed = 1, uses_anonymous_args = 0
 128 0000 00482DE9 		stmfd	sp!, {fp, lr}
 129              	.LCFI2:
 130              		.cfi_def_cfa_offset 8
 131 0004 04B08DE2 		add	fp, sp, #4
 132              		.cfi_offset 14, -4
 133              		.cfi_offset 11, -8
 134              	.LCFI3:
 135              		.cfi_def_cfa 11, 4
 136 0008 20D04DE2 		sub	sp, sp, #32
  30:../DebugConsole.c ****     CyU3PUartConfig_t uartConfig;
  31:../DebugConsole.c ****     CyU3PReturnStatus_t Status;
  32:../DebugConsole.c **** 
  33:../DebugConsole.c ****     Status = CyU3PUartInit();										// Start the UART driver
 137              		.loc 1 33 0
 138 000c FEFFFFEB 		bl	CyU3PUartInit
 139 0010 08000BE5 		str	r0, [fp, #-8]
  34:../DebugConsole.c ****     CheckStatus("CyU3PUartInit", Status);
 140              		.loc 1 34 0
 141 0014 D4009FE5 		ldr	r0, .L9
 142 0018 08101BE5 		ldr	r1, [fp, #-8]
 143 001c FEFFFFEB 		bl	CheckStatus
  35:../DebugConsole.c **** 
  36:../DebugConsole.c ****     CyU3PMemSet((uint8_t *)&uartConfig, 0, sizeof (uartConfig));
 144              		.loc 1 36 0
 145 0020 20304BE2 		sub	r3, fp, #32
 146 0024 0300A0E1 		mov	r0, r3
 147 0028 0010A0E3 		mov	r1, #0
 148 002c 1820A0E3 		mov	r2, #24
 149 0030 FEFFFFEB 		bl	CyU3PMemSet
  37:../DebugConsole.c **** 	uartConfig.baudRate = CY_U3P_UART_BAUDRATE_115200;
 150              		.loc 1 37 0
 151 0034 B8309FE5 		ldr	r3, .L9+4
 152 0038 10300BE5 		str	r3, [fp, #-16]
  38:../DebugConsole.c **** 	uartConfig.stopBit  = CY_U3P_UART_ONE_STOP_BIT;
 153              		.loc 1 38 0
 154 003c 0130A0E3 		mov	r3, #1
 155 0040 0C304BE5 		strb	r3, [fp, #-12]
  39:../DebugConsole.c **** 	uartConfig.parity   = CY_U3P_UART_NO_PARITY;
 156              		.loc 1 39 0
 157 0044 0030A0E3 		mov	r3, #0
 158 0048 0B304BE5 		strb	r3, [fp, #-11]
  40:../DebugConsole.c **** 	uartConfig.txEnable = CyTrue;
 159              		.loc 1 40 0
 160 004c 0130A0E3 		mov	r3, #1
 161 0050 20300BE5 		str	r3, [fp, #-32]
  41:../DebugConsole.c **** 	uartConfig.rxEnable = CyTrue;
 162              		.loc 1 41 0
 163 0054 0130A0E3 		mov	r3, #1
 164 0058 1C300BE5 		str	r3, [fp, #-28]
  42:../DebugConsole.c **** 	uartConfig.flowCtrl = CyFalse;
 165              		.loc 1 42 0
 166 005c 0030A0E3 		mov	r3, #0
 167 0060 18300BE5 		str	r3, [fp, #-24]
  43:../DebugConsole.c **** 	uartConfig.isDma    = CyTrue;
 168              		.loc 1 43 0
 169 0064 0130A0E3 		mov	r3, #1
 170 0068 14300BE5 		str	r3, [fp, #-20]
  44:../DebugConsole.c **** 	Status = CyU3PUartSetConfig(&uartConfig, 0);					// Configure the UART hardware
 171              		.loc 1 44 0
 172 006c 20304BE2 		sub	r3, fp, #32
 173 0070 0300A0E1 		mov	r0, r3
 174 0074 0010A0E3 		mov	r1, #0
 175 0078 FEFFFFEB 		bl	CyU3PUartSetConfig
 176 007c 08000BE5 		str	r0, [fp, #-8]
  45:../DebugConsole.c ****     CheckStatus("CyU3PUartSetConfig", Status);
 177              		.loc 1 45 0
 178 0080 70009FE5 		ldr	r0, .L9+8
 179 0084 08101BE5 		ldr	r1, [fp, #-8]
 180 0088 FEFFFFEB 		bl	CheckStatus
  46:../DebugConsole.c **** 
  47:../DebugConsole.c ****     Status = CyU3PUartTxSetBlockXfer(0xFFFFFFFF);					// Send as much data as I need to
 181              		.loc 1 47 0
 182 008c 0000E0E3 		mvn	r0, #0
 183 0090 FEFFFFEB 		bl	CyU3PUartTxSetBlockXfer
 184 0094 08000BE5 		str	r0, [fp, #-8]
  48:../DebugConsole.c ****     CheckStatus("CyU3PUartTxSetBlockXfer", Status);
 185              		.loc 1 48 0
 186 0098 5C009FE5 		ldr	r0, .L9+12
 187 009c 08101BE5 		ldr	r1, [fp, #-8]
 188 00a0 FEFFFFEB 		bl	CheckStatus
  49:../DebugConsole.c **** 
  50:../DebugConsole.c **** 	Status = CyU3PDebugInit(CY_U3P_LPP_SOCKET_UART_CONS, 8);		// Attach the Debug driver above the UAR
 189              		.loc 1 50 0
 190 00a4 0300A0E3 		mov	r0, #3
 191 00a8 0810A0E3 		mov	r1, #8
 192 00ac FEFFFFEB 		bl	CyU3PDebugInit
 193 00b0 08000BE5 		str	r0, [fp, #-8]
  51:../DebugConsole.c **** 	if (Status == CY_U3P_SUCCESS) DebugTxEnabled = CyTrue;
 194              		.loc 1 51 0
 195 00b4 08301BE5 		ldr	r3, [fp, #-8]
 196 00b8 000053E3 		cmp	r3, #0
 197 00bc 0200001A 		bne	.L8
 198              		.loc 1 51 0 is_stmt 0 discriminator 1
 199 00c0 38309FE5 		ldr	r3, .L9+16
 200 00c4 0120A0E3 		mov	r2, #1
 201 00c8 002083E5 		str	r2, [r3, #0]
 202              	.L8:
  52:../DebugConsole.c ****     CheckStatus("ConsoleOutEnabled", Status);
 203              		.loc 1 52 0 is_stmt 1
 204 00cc 30009FE5 		ldr	r0, .L9+20
 205 00d0 08101BE5 		ldr	r1, [fp, #-8]
 206 00d4 FEFFFFEB 		bl	CheckStatus
  53:../DebugConsole.c **** 	CyU3PDebugPreamble(CyFalse);									// Skip preamble, debug info is targeted for a person
 207              		.loc 1 53 0
 208 00d8 0000A0E3 		mov	r0, #0
 209 00dc FEFFFFEB 		bl	CyU3PDebugPreamble
  54:../DebugConsole.c ****     return Status;
 210              		.loc 1 54 0
 211 00e0 08301BE5 		ldr	r3, [fp, #-8]
  55:../DebugConsole.c **** }
 212              		.loc 1 55 0
 213 00e4 0300A0E1 		mov	r0, r3
 214 00e8 04D04BE2 		sub	sp, fp, #4
 215 00ec 0088BDE8 		ldmfd	sp!, {fp, pc}
 216              	.L10:
 217              		.align	2
 218              	.L9:
 219 00f0 30000000 		.word	.LC3
 220 00f4 00C20100 		.word	115200
 221 00f8 40000000 		.word	.LC4
 222 00fc 54000000 		.word	.LC5
 223 0100 00000000 		.word	DebugTxEnabled
 224 0104 6C000000 		.word	.LC6
 225              		.cfi_endproc
 226              	.LFE1:
 228              		.text
 229              	.Letext0:
DEFINED SYMBOLS
                            *ABS*:00000000 DebugConsole.c
C:\Users\John\AppData\Local\Temp\ccyHeP8l.s:22     .bss.DebugTxEnabled:00000000 $d
C:\Users\John\AppData\Local\Temp\ccyHeP8l.s:25     .bss.DebugTxEnabled:00000000 DebugTxEnabled
C:\Users\John\AppData\Local\Temp\ccyHeP8l.s:28     .rodata:00000000 $d
C:\Users\John\AppData\Local\Temp\ccyHeP8l.s:38     .text.CheckStatus:00000000 $a
C:\Users\John\AppData\Local\Temp\ccyHeP8l.s:41     .text.CheckStatus:00000000 CheckStatus
C:\Users\John\AppData\Local\Temp\ccyHeP8l.s:98     .text.CheckStatus:00000078 $d
C:\Users\John\AppData\Local\Temp\ccyHeP8l.s:119    .text.InitializeDebugConsole:00000000 $a
C:\Users\John\AppData\Local\Temp\ccyHeP8l.s:122    .text.InitializeDebugConsole:00000000 InitializeDebugConsole
C:\Users\John\AppData\Local\Temp\ccyHeP8l.s:219    .text.InitializeDebugConsole:000000f0 $d
                     .debug_frame:00000010 $d

UNDEFINED SYMBOLS
CyU3PDebugPrint
_tx_thread_sleep
CyU3PUartInit
CyU3PMemSet
CyU3PUartSetConfig
CyU3PUartTxSetBlockXfer
CyU3PDebugInit
CyU3PDebugPreamble
