Release 14.1 - xst P.15xf (nt64)
Copyright (c) 1995-2012 Xilinx, Inc.  All rights reserved.
--> Parameter TMPDIR set to xst/projnav.tmp


Total REAL time to Xst completion: 0.00 secs
Total CPU time to Xst completion: 0.14 secs
 
--> Parameter xsthdpdir set to xst


Total REAL time to Xst completion: 0.00 secs
Total CPU time to Xst completion: 0.14 secs
 
--> Reading design: top.prj

TABLE OF CONTENTS
  1) Synthesis Options Summary
  2) HDL Compilation
  3) Design Hierarchy Analysis
  4) HDL Analysis
  5) HDL Synthesis
     5.1) HDL Synthesis Report
  6) Advanced HDL Synthesis
     6.1) Advanced HDL Synthesis Report
  7) Low Level Synthesis
  8) Partition Report
  9) Final Report

=========================================================================
*                      Synthesis Options Summary                        *
=========================================================================
---- Source Parameters
Input File Name                    : "top.prj"
Input Format                       : mixed
Ignore Synthesis Constraint File   : NO

---- Target Parameters
Output File Name                   : "top"
Output Format                      : NGC
Target Device                      : CoolRunner2 CPLDs

---- Source Options
Top Module Name                    : top
Automatic FSM Extraction           : YES
FSM Encoding Algorithm             : Auto
Safe Implementation                : No
Mux Extraction                     : Yes
Resource Sharing                   : YES

---- Target Options
Add IO Buffers                     : YES
MACRO Preserve                     : YES
XOR Preserve                       : YES
Equivalent register Removal        : YES

---- General Options
Optimization Goal                  : Speed
Optimization Effort                : 1
Keep Hierarchy                     : Yes
Netlist Hierarchy                  : As_Optimized
RTL Output                         : Yes
Hierarchy Separator                : /
Bus Delimiter                      : <>
Case Specifier                     : Maintain
Verilog 2001                       : YES

---- Other Options
Clock Enable                       : YES
wysiwyg                            : NO

=========================================================================


=========================================================================
*                          HDL Compilation                              *
=========================================================================
Compiling verilog file "ControlledCounter.v" in library work
Compiling verilog file "top.v" in library work
Module <ControlledCounter> compiled
Module <top> compiled
No errors in compilation
Analysis of file <"top.prj"> succeeded.
 

=========================================================================
*                     Design Hierarchy Analysis                         *
=========================================================================
Analyzing hierarchy for module <top> in library <work>.

Analyzing hierarchy for module <ControlledCounter> in library <work> with parameters.
	COUNT = "1"
	START = "0"


=========================================================================
*                            HDL Analysis                               *
=========================================================================
Analyzing top module <top>.
Module <top> is correct for synthesis.
 
Analyzing module <ControlledCounter> in library <work>.
	COUNT = 1'b1
	START = 1'b0
Module <ControlledCounter> is correct for synthesis.
 

=========================================================================
*                           HDL Synthesis                               *
=========================================================================

Performing bidirectional port resolution...

Synthesizing Unit <ControlledCounter>.
    Related source file is "ControlledCounter.v".
    Found 1-bit register for signal <WR_n>.
    Found 32-bit up counter for signal <Counter>.
    Found 1-bit register for signal <CurrentState>.
    Summary:
	inferred   1 Counter(s).
	inferred   2 D-type flip-flop(s).
Unit <ControlledCounter> synthesized.


Synthesizing Unit <top>.
    Related source file is "top.v".
WARNING:Xst:647 - Input <SPI_SSN> is never used. This port will be preserved and left unconnected if it belongs to a top-level block or it belongs to a sub-block and the hierarchy of this sub-block is preserved.
WARNING:Xst:647 - Input <GPIO45_n> is never used. This port will be preserved and left unconnected if it belongs to a top-level block or it belongs to a sub-block and the hierarchy of this sub-block is preserved.
WARNING:Xst:2565 - Inout <CTRL<11>> is never assigned.
WARNING:Xst:2565 - Inout <User<0>> is never assigned.
WARNING:Xst:2565 - Inout <User<1>> is never assigned.
WARNING:Xst:2565 - Inout <User<2>> is never assigned.
WARNING:Xst:2565 - Inout <User<3>> is never assigned.
WARNING:Xst:2565 - Inout <User<4>> is never assigned.
WARNING:Xst:2565 - Inout <User<5>> is never assigned.
WARNING:Xst:2565 - Inout <User<6>> is never assigned.
WARNING:Xst:2565 - Inout <CTRL<1>> is never assigned.
WARNING:Xst:2565 - Inout <User<7>> is never assigned.
WARNING:Xst:2565 - Inout <CTRL<2>> is never assigned.
WARNING:Xst:2565 - Inout <CTRL<3>> is never assigned.
WARNING:Xst:2565 - Inout <CTRL<5>> is never assigned.
WARNING:Xst:2565 - Inout <CTRL<7>> is never assigned.
WARNING:Xst:2565 - Inout <CTRL<8>> is never assigned.
WARNING:Xst:647 - Input <Button> is never used. This port will be preserved and left unconnected if it belongs to a top-level block or it belongs to a sub-block and the hierarchy of this sub-block is preserved.
WARNING:Xst:2565 - Inout <CTRL<9>> is never assigned.
WARNING:Xst:647 - Input <SPI_SCK> is never used. This port will be preserved and left unconnected if it belongs to a top-level block or it belongs to a sub-block and the hierarchy of this sub-block is preserved.
WARNING:Xst:647 - Input <RX_MOSI> is never used. This port will be preserved and left unconnected if it belongs to a top-level block or it belongs to a sub-block and the hierarchy of this sub-block is preserved.
WARNING:Xst:2565 - Inout <I2C_SDA> is never assigned.
WARNING:Xst:2565 - Inout <I2C_SCL> is never assigned.
    Found 1-bit tristate buffer for signal <TX_MISO>.
    Summary:
	inferred   1 Tristate(s).
Unit <top> synthesized.


=========================================================================
HDL Synthesis Report

Macro Statistics
# Counters                                             : 1
 32-bit up counter                                     : 1
# Registers                                            : 2
 1-bit register                                        : 2
# Tristates                                            : 1
 1-bit tristate buffer                                 : 1

=========================================================================

=========================================================================
*                       Advanced HDL Synthesis                          *
=========================================================================


=========================================================================
Advanced HDL Synthesis Report

Macro Statistics
# Counters                                             : 1
 32-bit up counter                                     : 1
# Registers                                            : 2
 Flip-Flops                                            : 2

=========================================================================

=========================================================================
*                         Low Level Synthesis                           *
=========================================================================

Optimizing unit <top> ...

Optimizing unit <ControlledCounter> ...

=========================================================================
*                           Partition Report                            *
=========================================================================

Partition Implementation Status
-------------------------------

  No Partitions were found in this design.

-------------------------------

=========================================================================
*                            Final Report                               *
=========================================================================
Final Results
RTL Top Level Output File Name     : top.ngr
Top Level Output File Name         : top
Output Format                      : NGC
Optimization Goal                  : Speed
Keep Hierarchy                     : Yes
Target Technology                  : CoolRunner2 CPLDs
Macro Preserve                     : YES
XOR Preserve                       : YES
Clock Enable                       : YES
wysiwyg                            : NO

Design Statistics
# IOs                              : 80

Cell Usage :
# BELS                             : 101
#      AND2                        : 36
#      AND3                        : 2
#      AND4                        : 1
#      AND8                        : 1
#      GND                         : 1
#      INV                         : 21
#      OR2                         : 6
#      VCC                         : 2
#      XOR2                        : 31
# FlipFlops/Latches                : 34
#      FDC                         : 1
#      FDCE                        : 32
#      FDPE                        : 1
# IO Buffers                       : 50
#      IBUF                        : 4
#      OBUF                        : 45
#      OBUFE                       : 1
=========================================================================


Total REAL time to Xst completion: 5.00 secs
Total CPU time to Xst completion: 5.13 secs
 
--> 

Total memory usage is 250188 kilobytes

Number of errors   :    0 (   0 filtered)
Number of warnings :   23 (   0 filtered)
Number of infos    :    0 (   0 filtered)

