   1              		.cpu arm926ej-s
   2              		.fpu softvfp
   3              		.eabi_attribute 20, 1
   4              		.eabi_attribute 21, 1
   5              		.eabi_attribute 23, 3
   6              		.eabi_attribute 24, 1
   7              		.eabi_attribute 25, 1
   8              		.eabi_attribute 26, 1
   9              		.eabi_attribute 30, 6
  10              		.eabi_attribute 18, 4
  11              		.file	"USB_Descriptors.c"
  19              	.Ltext0:
  20              		.cfi_sections	.debug_frame
  21              		.global	CyFxUSB30DeviceDscr
  22              		.section	.rodata.CyFxUSB30DeviceDscr,"a",%progbits
  23              		.align	5
  26              	CyFxUSB30DeviceDscr:
  27 0000 12       		.byte	18
  28 0001 01       		.byte	1
  29 0002 00       		.byte	0
  30 0003 03       		.byte	3
  31 0004 00       		.byte	0
  32 0005 00       		.byte	0
  33 0006 00       		.byte	0
  34 0007 09       		.byte	9
  35 0008 B4       		.byte	-76
  36 0009 04       		.byte	4
  37 000a F1       		.byte	-15
  38 000b 00       		.byte	0
  39 000c 00       		.byte	0
  40 000d 00       		.byte	0
  41 000e 01       		.byte	1
  42 000f 02       		.byte	2
  43 0010 00       		.byte	0
  44 0011 01       		.byte	1
  45              		.global	CyFxUSB20DeviceDscr
  46 0012 00000000 		.section	.rodata.CyFxUSB20DeviceDscr,"a",%progbits
  46      00000000 
  46      00000000 
  46      0000
  47              		.align	5
  50              	CyFxUSB20DeviceDscr:
  51 0000 12       		.byte	18
  52 0001 01       		.byte	1
  53 0002 10       		.byte	16
  54 0003 02       		.byte	2
  55 0004 00       		.byte	0
  56 0005 00       		.byte	0
  57 0006 00       		.byte	0
  58 0007 40       		.byte	64
  59 0008 B4       		.byte	-76
  60 0009 04       		.byte	4
  61 000a F1       		.byte	-15
  62 000b 00       		.byte	0
  63 000c 00       		.byte	0
  64 000d 00       		.byte	0
  65 000e 01       		.byte	1
  66 000f 02       		.byte	2
  67 0010 00       		.byte	0
  68 0011 01       		.byte	1
  69              		.global	CyFxUSBBOSDscr
  70 0012 00000000 		.section	.rodata.CyFxUSBBOSDscr,"a",%progbits
  70      00000000 
  70      00000000 
  70      0000
  71              		.align	5
  74              	CyFxUSBBOSDscr:
  75 0000 05       		.byte	5
  76 0001 0F       		.byte	15
  77 0002 16       		.byte	22
  78 0003 00       		.byte	0
  79 0004 02       		.byte	2
  80 0005 07       		.byte	7
  81 0006 10       		.byte	16
  82 0007 02       		.byte	2
  83 0008 02       		.byte	2
  84 0009 00       		.byte	0
  85 000a 00       		.byte	0
  86 000b 00       		.byte	0
  87 000c 0A       		.byte	10
  88 000d 10       		.byte	16
  89 000e 03       		.byte	3
  90 000f 00       		.byte	0
  91 0010 0E       		.byte	14
  92 0011 00       		.byte	0
  93 0012 03       		.byte	3
  94 0013 0A       		.byte	10
  95 0014 FF       		.byte	-1
  96 0015 07       		.byte	7
  97              		.global	CyFxUSBDeviceQualDscr
  98 0016 00000000 		.section	.rodata.CyFxUSBDeviceQualDscr,"a",%progbits
  98      00000000 
  98      0000
  99              		.align	5
 102              	CyFxUSBDeviceQualDscr:
 103 0000 0A       		.byte	10
 104 0001 06       		.byte	6
 105 0002 00       		.byte	0
 106 0003 02       		.byte	2
 107 0004 00       		.byte	0
 108 0005 00       		.byte	0
 109 0006 00       		.byte	0
 110 0007 40       		.byte	64
 111 0008 01       		.byte	1
 112 0009 00       		.byte	0
 113              		.global	CyFxUSBSSConfigDscr
 114 000a 00000000 		.section	.rodata.CyFxUSBSSConfigDscr,"a",%progbits
 114      00000000 
 114      00000000 
 114      00000000 
 114      00000000 
 115              		.align	5
 118              	CyFxUSBSSConfigDscr:
 119 0000 09       		.byte	9
 120 0001 02       		.byte	2
 121 0002 2C       		.byte	44
 122 0003 00       		.byte	0
 123 0004 01       		.byte	1
 124 0005 01       		.byte	1
 125 0006 00       		.byte	0
 126 0007 80       		.byte	-128
 127 0008 32       		.byte	50
 128 0009 09       		.byte	9
 129 000a 04       		.byte	4
 130 000b 00       		.byte	0
 131 000c 00       		.byte	0
 132 000d 02       		.byte	2
 133 000e FF       		.byte	-1
 134 000f 00       		.byte	0
 135 0010 00       		.byte	0
 136 0011 00       		.byte	0
 137 0012 07       		.byte	7
 138 0013 05       		.byte	5
 139 0014 81       		.byte	-127
 140 0015 02       		.byte	2
 141 0016 00       		.byte	0
 142 0017 04       		.byte	4
 143 0018 00       		.byte	0
 144 0019 06       		.byte	6
 145 001a 30       		.byte	48
 146 001b 0F       		.byte	15
 147 001c 00       		.byte	0
 148 001d 00       		.byte	0
 149 001e 00       		.byte	0
 150 001f 07       		.byte	7
 151 0020 05       		.byte	5
 152 0021 02       		.byte	2
 153 0022 02       		.byte	2
 154 0023 00       		.byte	0
 155 0024 04       		.byte	4
 156 0025 00       		.byte	0
 157 0026 06       		.byte	6
 158 0027 30       		.byte	48
 159 0028 0F       		.byte	15
 160 0029 00       		.byte	0
 161 002a 00       		.byte	0
 162 002b 00       		.byte	0
 163              		.global	CyFxUSBHSConfigDscr
 164 002c 00000000 		.section	.rodata.CyFxUSBHSConfigDscr,"a",%progbits
 164      00000000 
 164      00000000 
 164      00000000 
 164      00000000 
 165              		.align	5
 168              	CyFxUSBHSConfigDscr:
 169 0000 09       		.byte	9
 170 0001 02       		.byte	2
 171 0002 20       		.byte	32
 172 0003 00       		.byte	0
 173 0004 01       		.byte	1
 174 0005 01       		.byte	1
 175 0006 00       		.byte	0
 176 0007 80       		.byte	-128
 177 0008 32       		.byte	50
 178 0009 09       		.byte	9
 179 000a 04       		.byte	4
 180 000b 00       		.byte	0
 181 000c 00       		.byte	0
 182 000d 02       		.byte	2
 183 000e FF       		.byte	-1
 184 000f 00       		.byte	0
 185 0010 00       		.byte	0
 186 0011 00       		.byte	0
 187 0012 07       		.byte	7
 188 0013 05       		.byte	5
 189 0014 81       		.byte	-127
 190 0015 02       		.byte	2
 191 0016 00       		.byte	0
 192 0017 02       		.byte	2
 193 0018 00       		.byte	0
 194 0019 07       		.byte	7
 195 001a 05       		.byte	5
 196 001b 02       		.byte	2
 197 001c 02       		.byte	2
 198 001d 00       		.byte	0
 199 001e 02       		.byte	2
 200 001f 00       		.byte	0
 201              		.global	CyFxUSBFSConfigDscr
 202              		.section	.rodata.CyFxUSBFSConfigDscr,"a",%progbits
 203              		.align	5
 206              	CyFxUSBFSConfigDscr:
 207 0000 09       		.byte	9
 208 0001 02       		.byte	2
 209 0002 20       		.byte	32
 210 0003 00       		.byte	0
 211 0004 01       		.byte	1
 212 0005 01       		.byte	1
 213 0006 00       		.byte	0
 214 0007 80       		.byte	-128
 215 0008 32       		.byte	50
 216 0009 09       		.byte	9
 217 000a 04       		.byte	4
 218 000b 00       		.byte	0
 219 000c 00       		.byte	0
 220 000d 02       		.byte	2
 221 000e FF       		.byte	-1
 222 000f 00       		.byte	0
 223 0010 00       		.byte	0
 224 0011 00       		.byte	0
 225 0012 07       		.byte	7
 226 0013 05       		.byte	5
 227 0014 81       		.byte	-127
 228 0015 02       		.byte	2
 229 0016 40       		.byte	64
 230 0017 00       		.byte	0
 231 0018 00       		.byte	0
 232 0019 07       		.byte	7
 233 001a 05       		.byte	5
 234 001b 02       		.byte	2
 235 001c 02       		.byte	2
 236 001d 40       		.byte	64
 237 001e 00       		.byte	0
 238 001f 00       		.byte	0
 239              		.global	CyFxUSBStringLangIDDscr
 240              		.section	.rodata.CyFxUSBStringLangIDDscr,"a",%progbits
 241              		.align	5
 244              	CyFxUSBStringLangIDDscr:
 245 0000 04       		.byte	4
 246 0001 03       		.byte	3
 247 0002 09       		.byte	9
 248 0003 04       		.byte	4
 249              		.global	CyFxUSBManufactureDscr
 250 0004 00000000 		.section	.rodata.CyFxUSBManufactureDscr,"a",%progbits
 250      00000000 
 250      00000000 
 250      00000000 
 250      00000000 
 251              		.align	5
 254              	CyFxUSBManufactureDscr:
 255 0000 2C       		.byte	44
 256 0001 03       		.byte	3
 257 0002 55       		.byte	85
 258 0003 00       		.byte	0
 259 0004 53       		.byte	83
 260 0005 00       		.byte	0
 261 0006 42       		.byte	66
 262 0007 00       		.byte	0
 263 0008 20       		.byte	32
 264 0009 00       		.byte	0
 265 000a 44       		.byte	68
 266 000b 00       		.byte	0
 267 000c 65       		.byte	101
 268 000d 00       		.byte	0
 269 000e 73       		.byte	115
 270 000f 00       		.byte	0
 271 0010 69       		.byte	105
 272 0011 00       		.byte	0
 273 0012 67       		.byte	103
 274 0013 00       		.byte	0
 275 0014 6E       		.byte	110
 276 0015 00       		.byte	0
 277 0016 20       		.byte	32
 278 0017 00       		.byte	0
 279 0018 42       		.byte	66
 280 0019 00       		.byte	0
 281 001a 79       		.byte	121
 282 001b 00       		.byte	0
 283 001c 20       		.byte	32
 284 001d 00       		.byte	0
 285 001e 45       		.byte	69
 286 001f 00       		.byte	0
 287 0020 78       		.byte	120
 288 0021 00       		.byte	0
 289 0022 61       		.byte	97
 290 0023 00       		.byte	0
 291 0024 6D       		.byte	109
 292 0025 00       		.byte	0
 293 0026 70       		.byte	112
 294 0027 00       		.byte	0
 295 0028 6C       		.byte	108
 296 0029 00       		.byte	0
 297 002a 65       		.byte	101
 298 002b 00       		.byte	0
 299              		.global	CyFxUSBProductDscr
 300 002c 00000000 		.section	.rodata.CyFxUSBProductDscr,"a",%progbits
 300      00000000 
 300      00000000 
 300      00000000 
 300      00000000 
 301              		.align	5
 304              	CyFxUSBProductDscr:
 305 0000 20       		.byte	32
 306 0001 03       		.byte	3
 307 0002 53       		.byte	83
 308 0003 00       		.byte	0
 309 0004 74       		.byte	116
 310 0005 00       		.byte	0
 311 0006 72       		.byte	114
 312 0007 00       		.byte	0
 313 0008 65       		.byte	101
 314 0009 00       		.byte	0
 315 000a 61       		.byte	97
 316 000b 00       		.byte	0
 317 000c 6D       		.byte	109
 318 000d 00       		.byte	0
 319 000e 65       		.byte	101
 320 000f 00       		.byte	0
 321 0010 72       		.byte	114
 322 0011 00       		.byte	0
 323 0012 20       		.byte	32
 324 0013 00       		.byte	0
 325 0014 44       		.byte	68
 326 0015 00       		.byte	0
 327 0016 65       		.byte	101
 328 0017 00       		.byte	0
 329 0018 76       		.byte	118
 330 0019 00       		.byte	0
 331 001a 69       		.byte	105
 332 001b 00       		.byte	0
 333 001c 63       		.byte	99
 334 001d 00       		.byte	0
 335 001e 65       		.byte	101
 336 001f 00       		.byte	0
 337              		.global	CyFxUsbOSDscr
 338              		.section	.rodata.CyFxUsbOSDscr,"a",%progbits
 339              		.align	5
 342              	CyFxUsbOSDscr:
 343 0000 0E       		.byte	14
 344 0001 03       		.byte	3
 345 0002 4F       		.byte	79
 346 0003 00       		.byte	0
 347 0004 53       		.byte	83
 348 0005 00       		.byte	0
 349 0006 20       		.byte	32
 350 0007 00       		.byte	0
 351 0008 44       		.byte	68
 352 0009 00       		.byte	0
 353 000a 65       		.byte	101
 354 000b 00       		.byte	0
 355 000c 73       		.byte	115
 356 000d 00       		.byte	0
 357 000e 63       		.byte	99
 358 000f 00       		.byte	0
 359              		.comm	CyFxUsbDscrAlignBuffer,32,32
 360 0010 00000000 		.section	.rodata
 360      00000000 
 360      00000000 
 360      00000000 
 361              		.align	2
 362              	.LC0:
 363 0000 5345545F 		.ascii	"SET_SS_DEVICE_DESCR\000"
 363      53535F44 
 363      45564943 
 363      455F4445 
 363      53435200 
 364              		.align	2
 365              	.LC1:
 366 0014 5345545F 		.ascii	"SET_HS_DEVICE_DESCR\000"
 366      48535F44 
 366      45564943 
 366      455F4445 
 366      53435200 
 367              		.align	2
 368              	.LC2:
 369 0028 5345545F 		.ascii	"SET_SS_BOS_DESCR\000"
 369      53535F42 
 369      4F535F44 
 369      45534352 
 369      00
 370 0039 000000   		.align	2
 371              	.LC3:
 372 003c 5345545F 		.ascii	"SET_DEVQUAL_DESCR\000"
 372      44455651 
 372      55414C5F 
 372      44455343 
 372      5200
 373 004e 0000     		.align	2
 374              	.LC4:
 375 0050 5345545F 		.ascii	"SET_SS_CONFIG_DESCR\000"
 375      53535F43 
 375      4F4E4649 
 375      475F4445 
 375      53435200 
 376              		.align	2
 377              	.LC5:
 378 0064 5345545F 		.ascii	"SET_HS_CONFIG_DESCR\000"
 378      48535F43 
 378      4F4E4649 
 378      475F4445 
 378      53435200 
 379              		.align	2
 380              	.LC6:
 381 0078 5345545F 		.ascii	"SET_FS_CONFIG_DESCR\000"
 381      46535F43 
 381      4F4E4649 
 381      475F4445 
 381      53435200 
 382              		.align	2
 383              	.LC7:
 384 008c 5345545F 		.ascii	"SET_STRING0_DESCR\000"
 384      53545249 
 384      4E47305F 
 384      44455343 
 384      5200
 385 009e 0000     		.align	2
 386              	.LC8:
 387 00a0 5345545F 		.ascii	"SET_STRING1_DESCR\000"
 387      53545249 
 387      4E47315F 
 387      44455343 
 387      5200
 388 00b2 0000     		.align	2
 389              	.LC9:
 390 00b4 5345545F 		.ascii	"SET_STRING2_DESCR\000"
 390      53545249 
 390      4E47325F 
 390      44455343 
 390      5200
 391 00c6 0000     		.section	.text.SetUSBdescriptors,"ax",%progbits
 392              		.align	2
 393              		.global	SetUSBdescriptors
 395              	SetUSBdescriptors:
 396              	.LFB0:
 397              		.file 1 "../USB_Descriptors.c"
   1:../USB_Descriptors.c **** /*
   2:../USB_Descriptors.c ****  * USB_Descriptors.c - these descriptors define a Cypress Streamer device
   3:../USB_Descriptors.c ****  *
   4:../USB_Descriptors.c ****  */
   5:../USB_Descriptors.c **** 
   6:../USB_Descriptors.c **** #include "Application.h"
   7:../USB_Descriptors.c **** 
   8:../USB_Descriptors.c **** extern void CheckStatus(char* StringPtr, CyU3PReturnStatus_t Status);
   9:../USB_Descriptors.c **** 
  10:../USB_Descriptors.c **** /* Standard device descriptor for USB 3.0 */
  11:../USB_Descriptors.c **** const uint8_t CyFxUSB30DeviceDscr[] __attribute__ ((aligned (32))) =
  12:../USB_Descriptors.c **** {
  13:../USB_Descriptors.c ****     0x12,                           /* Descriptor size */
  14:../USB_Descriptors.c ****     CY_U3P_USB_DEVICE_DESCR,        /* Device descriptor type */
  15:../USB_Descriptors.c ****     0x00,0x03,                      /* USB 3.0 */
  16:../USB_Descriptors.c ****     0x00,                           /* Device class */
  17:../USB_Descriptors.c ****     0x00,                           /* Device sub-class */
  18:../USB_Descriptors.c ****     0x00,                           /* Device protocol */
  19:../USB_Descriptors.c ****     0x09,                           /* Maxpacket size for EP0 : 2^9 */
  20:../USB_Descriptors.c ****     0xB4,0x04,                      /* Vendor ID */
  21:../USB_Descriptors.c ****     0xF1,0x00,                      /* Product ID */
  22:../USB_Descriptors.c ****     0x00,0x00,                      /* Device release number */
  23:../USB_Descriptors.c ****     0x01,                           /* Manufacture string index */
  24:../USB_Descriptors.c ****     0x02,                           /* Product string index */
  25:../USB_Descriptors.c ****     0x00,                           /* Serial number string index */
  26:../USB_Descriptors.c ****     0x01                            /* Number of configurations */
  27:../USB_Descriptors.c **** };
  28:../USB_Descriptors.c **** 
  29:../USB_Descriptors.c **** /* Standard device descriptor for USB 2.0 */
  30:../USB_Descriptors.c **** const uint8_t CyFxUSB20DeviceDscr[] __attribute__ ((aligned (32))) =
  31:../USB_Descriptors.c **** {
  32:../USB_Descriptors.c ****     0x12,                           /* Descriptor size */
  33:../USB_Descriptors.c ****     CY_U3P_USB_DEVICE_DESCR,        /* Device descriptor type */
  34:../USB_Descriptors.c ****     0x10,0x02,                      /* USB 2.10 */
  35:../USB_Descriptors.c ****     0x00,                           /* Device class */
  36:../USB_Descriptors.c ****     0x00,                           /* Device sub-class */
  37:../USB_Descriptors.c ****     0x00,                           /* Device protocol */
  38:../USB_Descriptors.c ****     0x40,                           /* Maxpacket size for EP0 : 64 bytes */
  39:../USB_Descriptors.c ****     0xB4,0x04,                      /* Vendor ID */
  40:../USB_Descriptors.c ****     0xF1,0x00,                      /* Product ID */
  41:../USB_Descriptors.c ****     0x00,0x00,                      /* Device release number */
  42:../USB_Descriptors.c ****     0x01,                           /* Manufacture string index */
  43:../USB_Descriptors.c ****     0x02,                           /* Product string index */
  44:../USB_Descriptors.c ****     0x00,                           /* Serial number string index */
  45:../USB_Descriptors.c ****     0x01                            /* Number of configurations */
  46:../USB_Descriptors.c **** };
  47:../USB_Descriptors.c **** 
  48:../USB_Descriptors.c **** /* Binary device object store descriptor */
  49:../USB_Descriptors.c **** const uint8_t CyFxUSBBOSDscr[] __attribute__ ((aligned (32))) =
  50:../USB_Descriptors.c **** {
  51:../USB_Descriptors.c ****     0x05,                           /* Descriptor size */
  52:../USB_Descriptors.c ****     CY_U3P_BOS_DESCR,               /* Device descriptor type */
  53:../USB_Descriptors.c ****     0x16,0x00,                      /* Length of this descriptor and all sub descriptors */
  54:../USB_Descriptors.c ****     0x02,                           /* Number of device capability descriptors */
  55:../USB_Descriptors.c **** 
  56:../USB_Descriptors.c ****     /* USB 2.0 extension */
  57:../USB_Descriptors.c ****     0x07,                           /* Descriptor size */
  58:../USB_Descriptors.c ****     CY_U3P_DEVICE_CAPB_DESCR,       /* Device capability type descriptor */
  59:../USB_Descriptors.c ****     CY_U3P_USB2_EXTN_CAPB_TYPE,     /* USB 2.0 extension capability type */
  60:../USB_Descriptors.c ****     0x02,0x00,0x00,0x00,            /* Supported device level features: LPM support  */
  61:../USB_Descriptors.c **** 
  62:../USB_Descriptors.c ****     /* SuperSpeed device capability */
  63:../USB_Descriptors.c ****     0x0A,                           /* Descriptor size */
  64:../USB_Descriptors.c ****     CY_U3P_DEVICE_CAPB_DESCR,       /* Device capability type descriptor */
  65:../USB_Descriptors.c ****     CY_U3P_SS_USB_CAPB_TYPE,        /* SuperSpeed device capability type */
  66:../USB_Descriptors.c ****     0x00,                           /* Supported device level features  */
  67:../USB_Descriptors.c ****     0x0E,0x00,                      /* Speeds supported by the device : SS, HS and FS */
  68:../USB_Descriptors.c ****     0x03,                           /* Functionality support */
  69:../USB_Descriptors.c ****     0x0A,                           /* U1 Device Exit latency */
  70:../USB_Descriptors.c ****     0xFF,0x07                       /* U2 Device Exit latency */
  71:../USB_Descriptors.c **** };
  72:../USB_Descriptors.c **** 
  73:../USB_Descriptors.c **** /* Standard device qualifier descriptor */
  74:../USB_Descriptors.c **** const uint8_t CyFxUSBDeviceQualDscr[] __attribute__ ((aligned (32))) =
  75:../USB_Descriptors.c **** {
  76:../USB_Descriptors.c ****     0x0A,                           /* Descriptor size */
  77:../USB_Descriptors.c ****     CY_U3P_USB_DEVQUAL_DESCR,       /* Device qualifier descriptor type */
  78:../USB_Descriptors.c ****     0x00,0x02,                      /* USB 2.0 */
  79:../USB_Descriptors.c ****     0x00,                           /* Device class */
  80:../USB_Descriptors.c ****     0x00,                           /* Device sub-class */
  81:../USB_Descriptors.c ****     0x00,                           /* Device protocol */
  82:../USB_Descriptors.c ****     0x40,                           /* Maxpacket size for EP0 : 64 bytes */
  83:../USB_Descriptors.c ****     0x01,                           /* Number of configurations */
  84:../USB_Descriptors.c ****     0x00                            /* Reserved */
  85:../USB_Descriptors.c **** };
  86:../USB_Descriptors.c **** 
  87:../USB_Descriptors.c **** /* Standard super speed configuration descriptor */
  88:../USB_Descriptors.c **** const uint8_t CyFxUSBSSConfigDscr[] __attribute__ ((aligned (32))) =
  89:../USB_Descriptors.c **** {
  90:../USB_Descriptors.c ****     /* Configuration descriptor */
  91:../USB_Descriptors.c ****     0x09,                           /* Descriptor size */
  92:../USB_Descriptors.c ****     CY_U3P_USB_CONFIG_DESCR,        /* Configuration descriptor type */
  93:../USB_Descriptors.c ****     0x2C,0x00,                      /* Length of this descriptor and all sub descriptors */
  94:../USB_Descriptors.c ****     0x01,                           /* Number of interfaces */
  95:../USB_Descriptors.c ****     0x01,                           /* Configuration number */
  96:../USB_Descriptors.c ****     0x00,                           /* COnfiguration string index */
  97:../USB_Descriptors.c ****     0x80,                           /* Config characteristics - Bus powered */
  98:../USB_Descriptors.c ****     0x32,                           /* Max power consumption of device (in 8mA unit) : 400mA */
  99:../USB_Descriptors.c **** 
 100:../USB_Descriptors.c ****     /* Interface descriptor */
 101:../USB_Descriptors.c ****     0x09,                           /* Descriptor size */
 102:../USB_Descriptors.c ****     CY_U3P_USB_INTRFC_DESCR,        /* Interface Descriptor type */
 103:../USB_Descriptors.c ****     0x00,                           /* Interface number */
 104:../USB_Descriptors.c ****     0x00,                           /* Alternate setting number */
 105:../USB_Descriptors.c ****     0x02,                           /* Number of end points */
 106:../USB_Descriptors.c ****     0xFF,                           /* Interface class */
 107:../USB_Descriptors.c ****     0x00,                           /* Interface sub class */
 108:../USB_Descriptors.c ****     0x00,                           /* Interface protocol code */
 109:../USB_Descriptors.c ****     0x00,                           /* Interface descriptor string index */
 110:../USB_Descriptors.c **** 
 111:../USB_Descriptors.c ****     /* Endpoint descriptor for consumer EP */
 112:../USB_Descriptors.c ****     0x07,                           /* Descriptor size */
 113:../USB_Descriptors.c ****     CY_U3P_USB_ENDPNT_DESCR,        /* Endpoint descriptor type */
 114:../USB_Descriptors.c ****     USB_CONSUMER_ENDPOINT,          /* Endpoint address and description */
 115:../USB_Descriptors.c ****     CY_U3P_USB_EP_BULK,             /* Bulk endpoint type */
 116:../USB_Descriptors.c ****     0x00,0x04,                      /* Max packet size = 1024 bytes */
 117:../USB_Descriptors.c ****     0x00,                           /* Servicing interval for data transfers : 0 for Bulk */
 118:../USB_Descriptors.c **** 
 119:../USB_Descriptors.c ****     /* Super speed endpoint companion descriptor for consumer EP */
 120:../USB_Descriptors.c ****     0x06,                           /* Descriptor size */
 121:../USB_Descriptors.c ****     CY_U3P_SS_EP_COMPN_DESCR,       /* SS endpoint companion descriptor type */
 122:../USB_Descriptors.c ****     (ENDPOINT_BURST_LENGTH - 1),    /* Max no. of packets in a burst(0-15) - 0: burst 1 packet at a
 123:../USB_Descriptors.c ****     0x00,                           /* Max streams for bulk EP = 0 (No streams) */
 124:../USB_Descriptors.c ****     0x00,0x00,                      /* Service interval for the EP : 0 for bulk */
 125:../USB_Descriptors.c **** 
 126:../USB_Descriptors.c ****     /* Endpoint descriptor for producer EP */
 127:../USB_Descriptors.c ****     0x07,                           /* Descriptor size */
 128:../USB_Descriptors.c ****     CY_U3P_USB_ENDPNT_DESCR,        /* Endpoint descriptor type */
 129:../USB_Descriptors.c ****     USB_PRODUCER_ENDPOINT,          /* Endpoint address and description */
 130:../USB_Descriptors.c ****     CY_U3P_USB_EP_BULK,             /* Bulk endpoint type */
 131:../USB_Descriptors.c ****     0x00,0x04,                      /* Max packet size = 1024 bytes */
 132:../USB_Descriptors.c ****     0x00,                           /* Servicing interval for data transfers : 0 for Bulk */
 133:../USB_Descriptors.c **** 
 134:../USB_Descriptors.c ****     /* Super speed endpoint companion descriptor for producer EP */
 135:../USB_Descriptors.c ****     0x06,                           /* Descriptor size */
 136:../USB_Descriptors.c ****     CY_U3P_SS_EP_COMPN_DESCR,       /* SS endpoint companion descriptor type */
 137:../USB_Descriptors.c ****     (ENDPOINT_BURST_LENGTH - 1),    /* Max no. of packets in a burst(0-15) - 0: burst 1 packet at a
 138:../USB_Descriptors.c ****     0x00,                           /* Max streams for bulk EP = 0 (No streams) */
 139:../USB_Descriptors.c ****     0x00,0x00                       /* Service interval for the EP : 0 for bulk */
 140:../USB_Descriptors.c **** };
 141:../USB_Descriptors.c **** 
 142:../USB_Descriptors.c **** /* Standard high speed configuration descriptor */
 143:../USB_Descriptors.c **** const uint8_t CyFxUSBHSConfigDscr[] __attribute__ ((aligned (32))) =
 144:../USB_Descriptors.c **** {
 145:../USB_Descriptors.c ****     /* Configuration descriptor */
 146:../USB_Descriptors.c ****     0x09,                           /* Descriptor size */
 147:../USB_Descriptors.c ****     CY_U3P_USB_CONFIG_DESCR,        /* Configuration descriptor type */
 148:../USB_Descriptors.c ****     0x20,0x00,                      /* Length of this descriptor and all sub descriptors */
 149:../USB_Descriptors.c ****     0x01,                           /* Number of interfaces */
 150:../USB_Descriptors.c ****     0x01,                           /* Configuration number */
 151:../USB_Descriptors.c ****     0x00,                           /* COnfiguration string index */
 152:../USB_Descriptors.c ****     0x80,                           /* Config characteristics - bus powered */
 153:../USB_Descriptors.c ****     0x32,                           /* Max power consumption of device (in 2mA unit) : 100mA */
 154:../USB_Descriptors.c **** 
 155:../USB_Descriptors.c ****     /* Interface descriptor */
 156:../USB_Descriptors.c ****     0x09,                           /* Descriptor size */
 157:../USB_Descriptors.c ****     CY_U3P_USB_INTRFC_DESCR,        /* Interface Descriptor type */
 158:../USB_Descriptors.c ****     0x00,                           /* Interface number */
 159:../USB_Descriptors.c ****     0x00,                           /* Alternate setting number */
 160:../USB_Descriptors.c ****     0x02,                           /* Number of endpoints */
 161:../USB_Descriptors.c ****     0xFF,                           /* Interface class */
 162:../USB_Descriptors.c ****     0x00,                           /* Interface sub class */
 163:../USB_Descriptors.c ****     0x00,                           /* Interface protocol code */
 164:../USB_Descriptors.c ****     0x00,                           /* Interface descriptor string index */
 165:../USB_Descriptors.c **** 
 166:../USB_Descriptors.c ****     /* Endpoint descriptor for consumer EP */
 167:../USB_Descriptors.c ****     0x07,                           /* Descriptor size */
 168:../USB_Descriptors.c ****     CY_U3P_USB_ENDPNT_DESCR,        /* Endpoint descriptor type */
 169:../USB_Descriptors.c ****     USB_CONSUMER_ENDPOINT,          /* Endpoint address and description */
 170:../USB_Descriptors.c ****     CY_U3P_USB_EP_BULK,             /* Bulk endpoint type */
 171:../USB_Descriptors.c ****     0x00,0x02,                      /* Max packet size = 512 bytes */
 172:../USB_Descriptors.c ****     0x00,                           /* Servicing interval for data transfers : 0 for bulk */
 173:../USB_Descriptors.c **** 
 174:../USB_Descriptors.c ****     /* Endpoint descriptor for producer EP */
 175:../USB_Descriptors.c ****     0x07,                           /* Descriptor size */
 176:../USB_Descriptors.c ****     CY_U3P_USB_ENDPNT_DESCR,        /* Endpoint descriptor type */
 177:../USB_Descriptors.c ****     USB_PRODUCER_ENDPOINT,          /* Endpoint address and description */
 178:../USB_Descriptors.c ****     CY_U3P_USB_EP_BULK,             /* Bulk endpoint type */
 179:../USB_Descriptors.c ****     0x00,0x02,                      /* Max packet size = 512 bytes */
 180:../USB_Descriptors.c ****     0x00                            /* Servicing interval for data transfers : 0 for bulk */
 181:../USB_Descriptors.c **** };
 182:../USB_Descriptors.c **** 
 183:../USB_Descriptors.c **** /* Standard full speed configuration descriptor */
 184:../USB_Descriptors.c **** const uint8_t CyFxUSBFSConfigDscr[] __attribute__ ((aligned (32))) =
 185:../USB_Descriptors.c **** {
 186:../USB_Descriptors.c ****     /* Configuration descriptor */
 187:../USB_Descriptors.c ****     0x09,                           /* Descriptor size */
 188:../USB_Descriptors.c ****     CY_U3P_USB_CONFIG_DESCR,        /* Configuration descriptor type */
 189:../USB_Descriptors.c ****     0x20,0x00,                      /* Length of this descriptor and all sub descriptors */
 190:../USB_Descriptors.c ****     0x01,                           /* Number of interfaces */
 191:../USB_Descriptors.c ****     0x01,                           /* Configuration number */
 192:../USB_Descriptors.c ****     0x00,                           /* COnfiguration string index */
 193:../USB_Descriptors.c ****     0x80,                           /* Config characteristics - bus powered */
 194:../USB_Descriptors.c ****     0x32,                           /* Max power consumption of device (in 2mA unit) : 100mA */
 195:../USB_Descriptors.c **** 
 196:../USB_Descriptors.c ****     /* Interface descriptor */
 197:../USB_Descriptors.c ****     0x09,                           /* Descriptor size */
 198:../USB_Descriptors.c ****     CY_U3P_USB_INTRFC_DESCR,        /* Interface descriptor type */
 199:../USB_Descriptors.c ****     0x00,                           /* Interface number */
 200:../USB_Descriptors.c ****     0x00,                           /* Alternate setting number */
 201:../USB_Descriptors.c ****     0x02,                           /* Number of endpoints */
 202:../USB_Descriptors.c ****     0xFF,                           /* Interface class */
 203:../USB_Descriptors.c ****     0x00,                           /* Interface sub class */
 204:../USB_Descriptors.c ****     0x00,                           /* Interface protocol code */
 205:../USB_Descriptors.c ****     0x00,                           /* Interface descriptor string index */
 206:../USB_Descriptors.c **** 
 207:../USB_Descriptors.c ****     /* Endpoint descriptor for consumer EP */
 208:../USB_Descriptors.c ****     0x07,                           /* Descriptor size */
 209:../USB_Descriptors.c ****     CY_U3P_USB_ENDPNT_DESCR,        /* Endpoint descriptor type */
 210:../USB_Descriptors.c ****     USB_CONSUMER_ENDPOINT,          /* Endpoint address and description */
 211:../USB_Descriptors.c ****     CY_U3P_USB_EP_BULK,             /* Bulk endpoint type */
 212:../USB_Descriptors.c ****     0x40,0x00,                      /* Max packet size = 64 bytes */
 213:../USB_Descriptors.c ****     0x00,                           /* Servicing interval for data transfers : 0 for bulk */
 214:../USB_Descriptors.c **** 
 215:../USB_Descriptors.c ****     /* Endpoint descriptor for producer EP */
 216:../USB_Descriptors.c ****     0x07,                           /* Descriptor size */
 217:../USB_Descriptors.c ****     CY_U3P_USB_ENDPNT_DESCR,        /* Endpoint descriptor type */
 218:../USB_Descriptors.c ****     USB_PRODUCER_ENDPOINT,          /* Endpoint address and description */
 219:../USB_Descriptors.c ****     CY_U3P_USB_EP_BULK,             /* Bulk endpoint type */
 220:../USB_Descriptors.c ****     0x40,0x00,                      /* Max packet size = 64 bytes */
 221:../USB_Descriptors.c ****     0x00                            /* Servicing interval for data transfers : 0 for bulk */
 222:../USB_Descriptors.c **** };
 223:../USB_Descriptors.c **** 
 224:../USB_Descriptors.c **** /* Standard language ID string descriptor */
 225:../USB_Descriptors.c **** const uint8_t CyFxUSBStringLangIDDscr[] __attribute__ ((aligned (32))) =
 226:../USB_Descriptors.c **** {
 227:../USB_Descriptors.c ****     4,                           	/* Descriptor size */
 228:../USB_Descriptors.c ****     CY_U3P_USB_STRING_DESCR,        /* Device descriptor type */
 229:../USB_Descriptors.c ****     9,4                       		/* Language ID supported */
 230:../USB_Descriptors.c **** };
 231:../USB_Descriptors.c **** 
 232:../USB_Descriptors.c **** /* Standard manufacturer string descriptor */
 233:../USB_Descriptors.c **** const uint8_t CyFxUSBManufactureDscr[] __attribute__ ((aligned (32))) =
 234:../USB_Descriptors.c **** {
 235:../USB_Descriptors.c ****     44,                             /* Descriptor size */
 236:../USB_Descriptors.c ****     CY_U3P_USB_STRING_DESCR,        /* Device descriptor type */
 237:../USB_Descriptors.c ****     'U',0,'S',0,'B',0,' ',0,'D',0,'e',0,'s',0,'i',0,'g',0,'n',0,' ',0,
 238:../USB_Descriptors.c ****     'B',0,'y',0,' ',0,'E',0,'x',0,'a',0,'m',0,'p',0,'l',0,'e',0
 239:../USB_Descriptors.c **** };
 240:../USB_Descriptors.c **** 
 241:../USB_Descriptors.c **** /* Standard product string descriptor */
 242:../USB_Descriptors.c **** const uint8_t CyFxUSBProductDscr[] __attribute__ ((aligned (32))) =
 243:../USB_Descriptors.c **** {
 244:../USB_Descriptors.c ****     32,                           	/* Descriptor size */
 245:../USB_Descriptors.c ****     CY_U3P_USB_STRING_DESCR,        /* Device descriptor type */
 246:../USB_Descriptors.c ****     'S',0,'t',0,'r',0,'e',0,'a',0,'m',0,'e',0,'r',0,
 247:../USB_Descriptors.c ****     ' ',0,'D',0,'e',0,'v',0,'i',0,'c',0,'e',0,
 248:../USB_Descriptors.c **** };
 249:../USB_Descriptors.c **** 
 250:../USB_Descriptors.c **** /* Microsoft OS Descriptor. */
 251:../USB_Descriptors.c **** const uint8_t CyFxUsbOSDscr[] __attribute__ ((aligned (32))) =
 252:../USB_Descriptors.c **** {
 253:../USB_Descriptors.c ****     14,
 254:../USB_Descriptors.c ****     CY_U3P_USB_STRING_DESCR,
 255:../USB_Descriptors.c ****     'O',0,'S',0,' ',0,'D',0,'e',0,'s',0,'c',0
 256:../USB_Descriptors.c **** };
 257:../USB_Descriptors.c **** 
 258:../USB_Descriptors.c **** /* Place this buffer as the last buffer so that no other variable / code shares
 259:../USB_Descriptors.c ****  * the same cache line. Do not add any other variables / arrays in this file.
 260:../USB_Descriptors.c ****  * This will lead to variables sharing the same cache line. */
 261:../USB_Descriptors.c **** const uint8_t CyFxUsbDscrAlignBuffer[32] __attribute__ ((aligned (32)));
 262:../USB_Descriptors.c **** 
 263:../USB_Descriptors.c **** 
 264:../USB_Descriptors.c **** CyU3PReturnStatus_t SetUSBdescriptors(void)
 265:../USB_Descriptors.c **** {
 398              		.loc 1 265 0
 399              		.cfi_startproc
 400              		@ args = 0, pretend = 0, frame = 8
 401              		@ frame_needed = 1, uses_anonymous_args = 0
 402 0000 00482DE9 		stmfd	sp!, {fp, lr}
 403              	.LCFI0:
 404              		.cfi_def_cfa_offset 8
 405 0004 04B08DE2 		add	fp, sp, #4
 406              		.cfi_offset 14, -4
 407              		.cfi_offset 11, -8
 408              	.LCFI1:
 409              		.cfi_def_cfa 11, 4
 410 0008 08D04DE2 		sub	sp, sp, #8
 266:../USB_Descriptors.c **** 	CyU3PReturnStatus_t OverallStatus, Status;
 267:../USB_Descriptors.c **** 	OverallStatus = Status = CyU3PUsbSetDesc(CY_U3P_USB_SET_SS_DEVICE_DESCR, NULL, (uint8_t *)CyFxUSB3
 411              		.loc 1 267 0
 412 000c 0000A0E3 		mov	r0, #0
 413 0010 0010A0E3 		mov	r1, #0
 414 0014 D8219FE5 		ldr	r2, .L2
 415 0018 FEFFFFEB 		bl	CyU3PUsbSetDesc
 416 001c 08000BE5 		str	r0, [fp, #-8]
 417 0020 08301BE5 		ldr	r3, [fp, #-8]
 418 0024 0C300BE5 		str	r3, [fp, #-12]
 268:../USB_Descriptors.c ****     CheckStatus("SET_SS_DEVICE_DESCR", Status);
 419              		.loc 1 268 0
 420 0028 C8019FE5 		ldr	r0, .L2+4
 421 002c 08101BE5 		ldr	r1, [fp, #-8]
 422 0030 FEFFFFEB 		bl	CheckStatus
 269:../USB_Descriptors.c ****     OverallStatus |= Status = CyU3PUsbSetDesc(CY_U3P_USB_SET_HS_DEVICE_DESCR, NULL, (uint8_t *)CyFx
 423              		.loc 1 269 0
 424 0034 0100A0E3 		mov	r0, #1
 425 0038 0010A0E3 		mov	r1, #0
 426 003c B8219FE5 		ldr	r2, .L2+8
 427 0040 FEFFFFEB 		bl	CyU3PUsbSetDesc
 428 0044 08000BE5 		str	r0, [fp, #-8]
 429 0048 0C201BE5 		ldr	r2, [fp, #-12]
 430 004c 08301BE5 		ldr	r3, [fp, #-8]
 431 0050 033082E1 		orr	r3, r2, r3
 432 0054 0C300BE5 		str	r3, [fp, #-12]
 270:../USB_Descriptors.c ****     CheckStatus("SET_HS_DEVICE_DESCR", Status);
 433              		.loc 1 270 0
 434 0058 A0019FE5 		ldr	r0, .L2+12
 435 005c 08101BE5 		ldr	r1, [fp, #-8]
 436 0060 FEFFFFEB 		bl	CheckStatus
 271:../USB_Descriptors.c ****     OverallStatus |= Status = CyU3PUsbSetDesc(CY_U3P_USB_SET_SS_BOS_DESCR, NULL, (uint8_t *)CyFxUSB
 437              		.loc 1 271 0
 438 0064 0700A0E3 		mov	r0, #7
 439 0068 0010A0E3 		mov	r1, #0
 440 006c 90219FE5 		ldr	r2, .L2+16
 441 0070 FEFFFFEB 		bl	CyU3PUsbSetDesc
 442 0074 08000BE5 		str	r0, [fp, #-8]
 443 0078 0C201BE5 		ldr	r2, [fp, #-12]
 444 007c 08301BE5 		ldr	r3, [fp, #-8]
 445 0080 033082E1 		orr	r3, r2, r3
 446 0084 0C300BE5 		str	r3, [fp, #-12]
 272:../USB_Descriptors.c ****     CheckStatus("SET_SS_BOS_DESCR", Status);
 447              		.loc 1 272 0
 448 0088 78019FE5 		ldr	r0, .L2+20
 449 008c 08101BE5 		ldr	r1, [fp, #-8]
 450 0090 FEFFFFEB 		bl	CheckStatus
 273:../USB_Descriptors.c ****     OverallStatus |= Status = CyU3PUsbSetDesc(CY_U3P_USB_SET_DEVQUAL_DESCR, NULL, (uint8_t *)CyFxUS
 451              		.loc 1 273 0
 452 0094 0200A0E3 		mov	r0, #2
 453 0098 0010A0E3 		mov	r1, #0
 454 009c 68219FE5 		ldr	r2, .L2+24
 455 00a0 FEFFFFEB 		bl	CyU3PUsbSetDesc
 456 00a4 08000BE5 		str	r0, [fp, #-8]
 457 00a8 0C201BE5 		ldr	r2, [fp, #-12]
 458 00ac 08301BE5 		ldr	r3, [fp, #-8]
 459 00b0 033082E1 		orr	r3, r2, r3
 460 00b4 0C300BE5 		str	r3, [fp, #-12]
 274:../USB_Descriptors.c ****     CheckStatus("SET_DEVQUAL_DESCR", Status);
 461              		.loc 1 274 0
 462 00b8 50019FE5 		ldr	r0, .L2+28
 463 00bc 08101BE5 		ldr	r1, [fp, #-8]
 464 00c0 FEFFFFEB 		bl	CheckStatus
 275:../USB_Descriptors.c ****     OverallStatus |= Status = CyU3PUsbSetDesc(CY_U3P_USB_SET_SS_CONFIG_DESCR, NULL, (uint8_t *)CyFx
 465              		.loc 1 275 0
 466 00c4 0600A0E3 		mov	r0, #6
 467 00c8 0010A0E3 		mov	r1, #0
 468 00cc 40219FE5 		ldr	r2, .L2+32
 469 00d0 FEFFFFEB 		bl	CyU3PUsbSetDesc
 470 00d4 08000BE5 		str	r0, [fp, #-8]
 471 00d8 0C201BE5 		ldr	r2, [fp, #-12]
 472 00dc 08301BE5 		ldr	r3, [fp, #-8]
 473 00e0 033082E1 		orr	r3, r2, r3
 474 00e4 0C300BE5 		str	r3, [fp, #-12]
 276:../USB_Descriptors.c ****     CheckStatus("SET_SS_CONFIG_DESCR", Status);
 475              		.loc 1 276 0
 476 00e8 28019FE5 		ldr	r0, .L2+36
 477 00ec 08101BE5 		ldr	r1, [fp, #-8]
 478 00f0 FEFFFFEB 		bl	CheckStatus
 277:../USB_Descriptors.c ****     OverallStatus |= Status = CyU3PUsbSetDesc(CY_U3P_USB_SET_HS_CONFIG_DESCR, NULL, (uint8_t *)CyFx
 479              		.loc 1 277 0
 480 00f4 0400A0E3 		mov	r0, #4
 481 00f8 0010A0E3 		mov	r1, #0
 482 00fc 18219FE5 		ldr	r2, .L2+40
 483 0100 FEFFFFEB 		bl	CyU3PUsbSetDesc
 484 0104 08000BE5 		str	r0, [fp, #-8]
 485 0108 0C201BE5 		ldr	r2, [fp, #-12]
 486 010c 08301BE5 		ldr	r3, [fp, #-8]
 487 0110 033082E1 		orr	r3, r2, r3
 488 0114 0C300BE5 		str	r3, [fp, #-12]
 278:../USB_Descriptors.c ****     CheckStatus("SET_HS_CONFIG_DESCR", Status);
 489              		.loc 1 278 0
 490 0118 00019FE5 		ldr	r0, .L2+44
 491 011c 08101BE5 		ldr	r1, [fp, #-8]
 492 0120 FEFFFFEB 		bl	CheckStatus
 279:../USB_Descriptors.c ****     OverallStatus |= Status = CyU3PUsbSetDesc(CY_U3P_USB_SET_FS_CONFIG_DESCR, NULL, (uint8_t *)CyFx
 493              		.loc 1 279 0
 494 0124 0300A0E3 		mov	r0, #3
 495 0128 0010A0E3 		mov	r1, #0
 496 012c F0209FE5 		ldr	r2, .L2+48
 497 0130 FEFFFFEB 		bl	CyU3PUsbSetDesc
 498 0134 08000BE5 		str	r0, [fp, #-8]
 499 0138 0C201BE5 		ldr	r2, [fp, #-12]
 500 013c 08301BE5 		ldr	r3, [fp, #-8]
 501 0140 033082E1 		orr	r3, r2, r3
 502 0144 0C300BE5 		str	r3, [fp, #-12]
 280:../USB_Descriptors.c ****     CheckStatus("SET_FS_CONFIG_DESCR", Status);
 503              		.loc 1 280 0
 504 0148 D8009FE5 		ldr	r0, .L2+52
 505 014c 08101BE5 		ldr	r1, [fp, #-8]
 506 0150 FEFFFFEB 		bl	CheckStatus
 281:../USB_Descriptors.c ****     OverallStatus |= Status = CyU3PUsbSetDesc(CY_U3P_USB_SET_STRING_DESCR, 0, (uint8_t *)CyFxUSBStr
 507              		.loc 1 281 0
 508 0154 0500A0E3 		mov	r0, #5
 509 0158 0010A0E3 		mov	r1, #0
 510 015c C8209FE5 		ldr	r2, .L2+56
 511 0160 FEFFFFEB 		bl	CyU3PUsbSetDesc
 512 0164 08000BE5 		str	r0, [fp, #-8]
 513 0168 0C201BE5 		ldr	r2, [fp, #-12]
 514 016c 08301BE5 		ldr	r3, [fp, #-8]
 515 0170 033082E1 		orr	r3, r2, r3
 516 0174 0C300BE5 		str	r3, [fp, #-12]
 282:../USB_Descriptors.c ****     CheckStatus("SET_STRING0_DESCR", Status);
 517              		.loc 1 282 0
 518 0178 B0009FE5 		ldr	r0, .L2+60
 519 017c 08101BE5 		ldr	r1, [fp, #-8]
 520 0180 FEFFFFEB 		bl	CheckStatus
 283:../USB_Descriptors.c ****     OverallStatus |= Status = CyU3PUsbSetDesc(CY_U3P_USB_SET_STRING_DESCR, 1, (uint8_t *)CyFxUSBMan
 521              		.loc 1 283 0
 522 0184 0500A0E3 		mov	r0, #5
 523 0188 0110A0E3 		mov	r1, #1
 524 018c A0209FE5 		ldr	r2, .L2+64
 525 0190 FEFFFFEB 		bl	CyU3PUsbSetDesc
 526 0194 08000BE5 		str	r0, [fp, #-8]
 527 0198 0C201BE5 		ldr	r2, [fp, #-12]
 528 019c 08301BE5 		ldr	r3, [fp, #-8]
 529 01a0 033082E1 		orr	r3, r2, r3
 530 01a4 0C300BE5 		str	r3, [fp, #-12]
 284:../USB_Descriptors.c ****     CheckStatus("SET_STRING1_DESCR", Status);
 531              		.loc 1 284 0
 532 01a8 88009FE5 		ldr	r0, .L2+68
 533 01ac 08101BE5 		ldr	r1, [fp, #-8]
 534 01b0 FEFFFFEB 		bl	CheckStatus
 285:../USB_Descriptors.c ****     OverallStatus |= Status = CyU3PUsbSetDesc(CY_U3P_USB_SET_STRING_DESCR, 2, (uint8_t *)CyFxUSBPro
 535              		.loc 1 285 0
 536 01b4 0500A0E3 		mov	r0, #5
 537 01b8 0210A0E3 		mov	r1, #2
 538 01bc 78209FE5 		ldr	r2, .L2+72
 539 01c0 FEFFFFEB 		bl	CyU3PUsbSetDesc
 540 01c4 08000BE5 		str	r0, [fp, #-8]
 541 01c8 0C201BE5 		ldr	r2, [fp, #-12]
 542 01cc 08301BE5 		ldr	r3, [fp, #-8]
 543 01d0 033082E1 		orr	r3, r2, r3
 544 01d4 0C300BE5 		str	r3, [fp, #-12]
 286:../USB_Descriptors.c ****     CheckStatus("SET_STRING2_DESCR", Status);
 545              		.loc 1 286 0
 546 01d8 60009FE5 		ldr	r0, .L2+76
 547 01dc 08101BE5 		ldr	r1, [fp, #-8]
 548 01e0 FEFFFFEB 		bl	CheckStatus
 287:../USB_Descriptors.c **** 
 288:../USB_Descriptors.c ****     return OverallStatus;
 549              		.loc 1 288 0
 550 01e4 0C301BE5 		ldr	r3, [fp, #-12]
 289:../USB_Descriptors.c **** }
 551              		.loc 1 289 0
 552 01e8 0300A0E1 		mov	r0, r3
 553 01ec 04D04BE2 		sub	sp, fp, #4
 554 01f0 0088BDE8 		ldmfd	sp!, {fp, pc}
 555              	.L3:
 556              		.align	2
 557              	.L2:
 558 01f4 00000000 		.word	CyFxUSB30DeviceDscr
 559 01f8 00000000 		.word	.LC0
 560 01fc 00000000 		.word	CyFxUSB20DeviceDscr
 561 0200 14000000 		.word	.LC1
 562 0204 00000000 		.word	CyFxUSBBOSDscr
 563 0208 28000000 		.word	.LC2
 564 020c 00000000 		.word	CyFxUSBDeviceQualDscr
 565 0210 3C000000 		.word	.LC3
 566 0214 00000000 		.word	CyFxUSBSSConfigDscr
 567 0218 50000000 		.word	.LC4
 568 021c 00000000 		.word	CyFxUSBHSConfigDscr
 569 0220 64000000 		.word	.LC5
 570 0224 00000000 		.word	CyFxUSBFSConfigDscr
 571 0228 78000000 		.word	.LC6
 572 022c 00000000 		.word	CyFxUSBStringLangIDDscr
 573 0230 8C000000 		.word	.LC7
 574 0234 00000000 		.word	CyFxUSBManufactureDscr
 575 0238 A0000000 		.word	.LC8
 576 023c 00000000 		.word	CyFxUSBProductDscr
 577 0240 B4000000 		.word	.LC9
 578              		.cfi_endproc
 579              	.LFE0:
 581              		.text
 582              	.Letext0:
DEFINED SYMBOLS
                            *ABS*:00000000 USB_Descriptors.c
C:\Users\John\AppData\Local\Temp\ccKT0oBK.s:26     .rodata.CyFxUSB30DeviceDscr:00000000 CyFxUSB30DeviceDscr
C:\Users\John\AppData\Local\Temp\ccKT0oBK.s:23     .rodata.CyFxUSB30DeviceDscr:00000000 $d
C:\Users\John\AppData\Local\Temp\ccKT0oBK.s:50     .rodata.CyFxUSB20DeviceDscr:00000000 CyFxUSB20DeviceDscr
C:\Users\John\AppData\Local\Temp\ccKT0oBK.s:47     .rodata.CyFxUSB20DeviceDscr:00000000 $d
C:\Users\John\AppData\Local\Temp\ccKT0oBK.s:74     .rodata.CyFxUSBBOSDscr:00000000 CyFxUSBBOSDscr
C:\Users\John\AppData\Local\Temp\ccKT0oBK.s:71     .rodata.CyFxUSBBOSDscr:00000000 $d
C:\Users\John\AppData\Local\Temp\ccKT0oBK.s:102    .rodata.CyFxUSBDeviceQualDscr:00000000 CyFxUSBDeviceQualDscr
C:\Users\John\AppData\Local\Temp\ccKT0oBK.s:99     .rodata.CyFxUSBDeviceQualDscr:00000000 $d
C:\Users\John\AppData\Local\Temp\ccKT0oBK.s:118    .rodata.CyFxUSBSSConfigDscr:00000000 CyFxUSBSSConfigDscr
C:\Users\John\AppData\Local\Temp\ccKT0oBK.s:115    .rodata.CyFxUSBSSConfigDscr:00000000 $d
C:\Users\John\AppData\Local\Temp\ccKT0oBK.s:168    .rodata.CyFxUSBHSConfigDscr:00000000 CyFxUSBHSConfigDscr
C:\Users\John\AppData\Local\Temp\ccKT0oBK.s:165    .rodata.CyFxUSBHSConfigDscr:00000000 $d
C:\Users\John\AppData\Local\Temp\ccKT0oBK.s:206    .rodata.CyFxUSBFSConfigDscr:00000000 CyFxUSBFSConfigDscr
C:\Users\John\AppData\Local\Temp\ccKT0oBK.s:203    .rodata.CyFxUSBFSConfigDscr:00000000 $d
C:\Users\John\AppData\Local\Temp\ccKT0oBK.s:244    .rodata.CyFxUSBStringLangIDDscr:00000000 CyFxUSBStringLangIDDscr
C:\Users\John\AppData\Local\Temp\ccKT0oBK.s:241    .rodata.CyFxUSBStringLangIDDscr:00000000 $d
C:\Users\John\AppData\Local\Temp\ccKT0oBK.s:254    .rodata.CyFxUSBManufactureDscr:00000000 CyFxUSBManufactureDscr
C:\Users\John\AppData\Local\Temp\ccKT0oBK.s:251    .rodata.CyFxUSBManufactureDscr:00000000 $d
C:\Users\John\AppData\Local\Temp\ccKT0oBK.s:304    .rodata.CyFxUSBProductDscr:00000000 CyFxUSBProductDscr
C:\Users\John\AppData\Local\Temp\ccKT0oBK.s:301    .rodata.CyFxUSBProductDscr:00000000 $d
C:\Users\John\AppData\Local\Temp\ccKT0oBK.s:342    .rodata.CyFxUsbOSDscr:00000000 CyFxUsbOSDscr
C:\Users\John\AppData\Local\Temp\ccKT0oBK.s:339    .rodata.CyFxUsbOSDscr:00000000 $d
                            *COM*:00000020 CyFxUsbDscrAlignBuffer
C:\Users\John\AppData\Local\Temp\ccKT0oBK.s:361    .rodata:00000000 $d
C:\Users\John\AppData\Local\Temp\ccKT0oBK.s:392    .text.SetUSBdescriptors:00000000 $a
C:\Users\John\AppData\Local\Temp\ccKT0oBK.s:395    .text.SetUSBdescriptors:00000000 SetUSBdescriptors
C:\Users\John\AppData\Local\Temp\ccKT0oBK.s:558    .text.SetUSBdescriptors:000001f4 $d
                     .debug_frame:00000010 $d

UNDEFINED SYMBOLS
CyU3PUsbSetDesc
CheckStatus
