   1              		.cpu arm926ej-s
   2              		.fpu softvfp
   3              		.eabi_attribute 20, 1
   4              		.eabi_attribute 21, 1
   5              		.eabi_attribute 23, 3
   6              		.eabi_attribute 24, 1
   7              		.eabi_attribute 25, 1
   8              		.eabi_attribute 26, 1
   9              		.eabi_attribute 30, 4
  10              		.eabi_attribute 18, 4
  11              		.file	"cyfxtx.c"
  12              		.section	.text.CyU3PDmaBufMgrSetStatus,"ax",%progbits
  13              		.align	2
  15              	CyU3PDmaBufMgrSetStatus:
  16              		@ args = 0, pretend = 0, frame = 0
  17              		@ frame_needed = 0, uses_anonymous_args = 0
  18 0000 F0402DE9 		stmfd	sp!, {r4, r5, r6, r7, lr}
  19 0004 90C09FE5 		ldr	ip, .L10
  20 0008 A072A0E1 		mov	r7, r0, lsr #5
  21 000c 1F0000E2 		and	r0, r0, #31
  22 0010 003081E0 		add	r3, r1, r0
  23 0014 200053E3 		cmp	r3, #32
  24 0018 2030A023 		movcs	r3, #32
  25 001c 200053E3 		cmp	r3, #32
  26 0020 0160A0E3 		mov	r6, #1
  27 0024 5CC09CE5 		ldr	ip, [ip, #92]
  28 0028 1643A011 		movne	r4, r6, asl r3
  29 002c 1650A0E1 		mov	r5, r6, asl r0
  30 0030 01404412 		subne	r4, r4, #1
  31 0034 0040E003 		mvneq	r4, #0
  32 0038 015065E2 		rsb	r5, r5, #1
  33 003c 07C18CE0 		add	ip, ip, r7, asl #2
  34 0040 045085E0 		add	r5, r5, r4
  35 0044 0C40A0E1 		mov	r4, ip
  36 0048 100000EA 		b	.L3
  37              	.L7:
  38 004c 000052E3 		cmp	r2, #0
  39 0050 00609C15 		ldrne	r6, [ip, #0]
  40 0054 00609405 		ldreq	r6, [r4, #0]
  41 0058 000063E0 		rsb	r0, r3, r0
  42 005c 001081E0 		add	r1, r1, r0
  43 0060 05508611 		orrne	r5, r6, r5
  44 0064 0550C601 		biceq	r5, r6, r5
  45 0068 00508C15 		strne	r5, [ip, #0]
  46 006c 00508405 		streq	r5, [r4, #0]
  47 0070 1F0051E3 		cmp	r1, #31
  48 0074 0050E0E3 		mvn	r5, #0
  49 0078 1551E091 		mvnls	r5, r5, asl r1
  50 007c 0130A091 		movls	r3, r1
  51 0080 2030A083 		movhi	r3, #32
  52 0084 04C08CE2 		add	ip, ip, #4
  53 0088 044084E2 		add	r4, r4, #4
  54 008c 0000A0E3 		mov	r0, #0
  55              	.L3:
  56 0090 000051E3 		cmp	r1, #0
  57 0094 ECFFFF1A 		bne	.L7
  58 0098 F080BDE8 		ldmfd	sp!, {r4, r5, r6, r7, pc}
  59              	.L11:
  60              		.align	2
  61              	.L10:
  62 009c 00000000 		.word	.LANCHOR0
  64              		.section	.text.CyU3PUndefinedHandler,"ax",%progbits
  65              		.align	2
  66              		.global	CyU3PUndefinedHandler
  68              	CyU3PUndefinedHandler:
  69              		@ args = 0, pretend = 0, frame = 0
  70              		@ frame_needed = 0, uses_anonymous_args = 0
  71              		@ link register save eliminated.
  72              	.L13:
  73 0000 FEFFFFEA 		b	.L13
  75              		.section	.text.CyU3PPrefetchHandler,"ax",%progbits
  76              		.align	2
  77              		.global	CyU3PPrefetchHandler
  79              	CyU3PPrefetchHandler:
  80              		@ args = 0, pretend = 0, frame = 0
  81              		@ frame_needed = 0, uses_anonymous_args = 0
  82              		@ link register save eliminated.
  83              	.L15:
  84 0000 FEFFFFEA 		b	.L15
  86              		.section	.text.CyU3PAbortHandler,"ax",%progbits
  87              		.align	2
  88              		.global	CyU3PAbortHandler
  90              	CyU3PAbortHandler:
  91              		@ args = 0, pretend = 0, frame = 0
  92              		@ frame_needed = 0, uses_anonymous_args = 0
  93              		@ link register save eliminated.
  94              	.L17:
  95 0000 FEFFFFEA 		b	.L17
  97              		.section	.text.tx_application_define,"ax",%progbits
  98              		.align	2
  99              		.global	tx_application_define
 101              	tx_application_define:
 102              		@ args = 0, pretend = 0, frame = 0
 103              		@ frame_needed = 0, uses_anonymous_args = 0
 104              		@ link register save eliminated.
 105 0000 FEFFFFEA 		b	CyU3PApplicationDefine
 107              		.section	.text.CyU3PMemEnableChecks,"ax",%progbits
 108              		.align	2
 109              		.global	CyU3PMemEnableChecks
 111              	CyU3PMemEnableChecks:
 112              		@ args = 0, pretend = 0, frame = 0
 113              		@ frame_needed = 0, uses_anonymous_args = 0
 114              		@ link register save eliminated.
 115 0000 20309FE5 		ldr	r3, .L22
 116 0004 003093E5 		ldr	r3, [r3, #0]
 117 0008 000053E3 		cmp	r3, #0
 118 000c 18209F05 		ldreq	r2, .L22+4
 119 0010 4300A013 		movne	r0, #67
 120 0014 00008205 		streq	r0, [r2, #0]
 121 0018 10209F05 		ldreq	r2, .L22+8
 122 001c 0300A001 		moveq	r0, r3
 123 0020 00108205 		streq	r1, [r2, #0]
 124 0024 1EFF2FE1 		bx	lr
 125              	.L23:
 126              		.align	2
 127              	.L22:
 128 0028 00000000 		.word	.LANCHOR1
 129 002c 00000000 		.word	.LANCHOR2
 130 0030 00000000 		.word	.LANCHOR3
 132              		.section	.text.CyU3PMemInit,"ax",%progbits
 133              		.align	2
 134              		.global	CyU3PMemInit
 136              	CyU3PMemInit:
 137              		@ args = 0, pretend = 0, frame = 0
 138              		@ frame_needed = 0, uses_anonymous_args = 0
 139 0000 30309FE5 		ldr	r3, .L26
 140 0004 07402DE9 		stmfd	sp!, {r0, r1, r2, lr}
 141 0008 001093E5 		ldr	r1, [r3, #0]
 142 000c 000051E3 		cmp	r1, #0
 143 0010 0700001A 		bne	.L24
 144 0014 0120A0E3 		mov	r2, #1
 145 0018 002083E5 		str	r2, [r3, #0]
 146 001c 3430A0E3 		mov	r3, #52
 147 0020 00308DE5 		str	r3, [sp, #0]
 148 0024 10009FE5 		ldr	r0, .L26+4
 149 0028 10209FE5 		ldr	r2, .L26+8
 150 002c 0239A0E3 		mov	r3, #32768
 151 0030 FEFFFFEB 		bl	_txe_byte_pool_create
 152              	.L24:
 153 0034 0E80BDE8 		ldmfd	sp!, {r1, r2, r3, pc}
 154              	.L27:
 155              		.align	2
 156              	.L26:
 157 0038 00000000 		.word	.LANCHOR1
 158 003c 00000000 		.word	.LANCHOR4
 159 0040 00800340 		.word	1073971200
 161              		.section	.text.CyU3PMemAlloc,"ax",%progbits
 162              		.align	2
 163              		.global	CyU3PMemAlloc
 165              	CyU3PMemAlloc:
 166              		@ args = 0, pretend = 0, frame = 8
 167              		@ frame_needed = 0, uses_anonymous_args = 0
 168 0000 A8309FE5 		ldr	r3, .L37
 169 0004 13402DE9 		stmfd	sp!, {r0, r1, r4, lr}
 170 0008 003093E5 		ldr	r3, [r3, #0]
 171 000c 030080E2 		add	r0, r0, #3
 172 0010 0340C0E3 		bic	r4, r0, #3
 173 0014 000053E3 		cmp	r3, #0
 174 0018 18408412 		addne	r4, r4, #24
 175 001c FEFFFFEB 		bl	_tx_thread_identify
 176 0020 04108DE2 		add	r1, sp, #4
 177 0024 0420A0E1 		mov	r2, r4
 178 0028 003050E2 		subs	r3, r0, #0
 179 002c 0A30A013 		movne	r3, #10
 180 0030 7C009FE5 		ldr	r0, .L37+4
 181 0034 FEFFFFEB 		bl	_txe_byte_allocate
 182 0038 000050E3 		cmp	r0, #0
 183 003c 0000A013 		movne	r0, #0
 184 0040 1900001A 		bne	.L32
 185 0044 64309FE5 		ldr	r3, .L37
 186 0048 003093E5 		ldr	r3, [r3, #0]
 187 004c 000053E3 		cmp	r3, #0
 188 0050 1400000A 		beq	.L33
 189 0054 5C209FE5 		ldr	r2, .L37+8
 190 0058 04309DE5 		ldr	r3, [sp, #4]
 191 005c 001092E5 		ldr	r1, [r2, #0]
 192 0060 0C0083E5 		str	r0, [r3, #12]
 193 0064 001083E5 		str	r1, [r3, #0]
 194 0068 011081E2 		add	r1, r1, #1
 195 006c 001082E5 		str	r1, [r2, #0]
 196 0070 44109FE5 		ldr	r1, .L37+12
 197 0074 44009FE5 		ldr	r0, .L37+16
 198 0078 002091E5 		ldr	r2, [r1, #0]
 199 007c 044083E5 		str	r4, [r3, #4]
 200 0080 000052E3 		cmp	r2, #0
 201 0084 082083E5 		str	r2, [r3, #8]
 202 0088 0C308215 		strne	r3, [r2, #12]
 203 008c 30209FE5 		ldr	r2, .L37+20
 204 0090 100083E5 		str	r0, [r3, #16]
 205 0094 003081E5 		str	r3, [r1, #0]
 206 0098 044083E0 		add	r4, r3, r4
 207 009c 143083E2 		add	r3, r3, #20
 208 00a0 042004E5 		str	r2, [r4, #-4]
 209 00a4 04308DE5 		str	r3, [sp, #4]
 210              	.L33:
 211 00a8 04009DE5 		ldr	r0, [sp, #4]
 212              	.L32:
 213 00ac 1C80BDE8 		ldmfd	sp!, {r2, r3, r4, pc}
 214              	.L38:
 215              		.align	2
 216              	.L37:
 217 00b0 00000000 		.word	.LANCHOR2
 218 00b4 00000000 		.word	.LANCHOR4
 219 00b8 00000000 		.word	.LANCHOR5
 220 00bc 00000000 		.word	.LANCHOR6
 221 00c0 4D335846 		.word	1180185421
 222 00c4 4D444E45 		.word	1162757197
 224              		.section	.text.CyU3PMemFree,"ax",%progbits
 225              		.align	2
 226              		.global	CyU3PMemFree
 228              	CyU3PMemFree:
 229              		@ args = 0, pretend = 0, frame = 0
 230              		@ frame_needed = 0, uses_anonymous_args = 0
 231 0000 A0309FE5 		ldr	r3, .L47
 232 0004 10402DE9 		stmfd	sp!, {r4, lr}
 233 0008 030050E1 		cmp	r0, r3
 234 000c 1080BD98 		ldmlsfd	sp!, {r4, pc}
 235 0010 94309FE5 		ldr	r3, .L47+4
 236 0014 003093E5 		ldr	r3, [r3, #0]
 237 0018 000053E3 		cmp	r3, #0
 238 001c 1F00000A 		beq	.L41
 239 0020 041010E5 		ldr	r1, [r0, #-4]
 240 0024 84209FE5 		ldr	r2, .L47+8
 241 0028 144040E2 		sub	r4, r0, #20
 242 002c 020051E1 		cmp	r1, r2
 243 0030 103010E5 		ldr	r3, [r0, #-16]
 244 0034 0400001A 		bne	.L42
 245 0038 033084E0 		add	r3, r4, r3
 246 003c 042013E5 		ldr	r2, [r3, #-4]
 247 0040 6C309FE5 		ldr	r3, .L47+12
 248 0044 030052E1 		cmp	r2, r3
 249 0048 0400000A 		beq	.L43
 250              	.L42:
 251 004c 64309FE5 		ldr	r3, .L47+16
 252 0050 003093E5 		ldr	r3, [r3, #0]
 253 0054 000053E3 		cmp	r3, #0
 254 0058 0000000A 		beq	.L43
 255 005c 33FF2FE1 		blx	r3
 256              	.L43:
 257 0060 54309FE5 		ldr	r3, .L47+20
 258 0064 0400A0E1 		mov	r0, r4
 259 0068 002093E5 		ldr	r2, [r3, #0]
 260 006c 012082E2 		add	r2, r2, #1
 261 0070 002083E5 		str	r2, [r3, #0]
 262 0074 0C2094E5 		ldr	r2, [r4, #12]
 263 0078 000052E3 		cmp	r2, #0
 264 007c 08309415 		ldrne	r3, [r4, #8]
 265 0080 08308215 		strne	r3, [r2, #8]
 266 0084 083094E5 		ldr	r3, [r4, #8]
 267 0088 000053E3 		cmp	r3, #0
 268 008c 0C208315 		strne	r2, [r3, #12]
 269 0090 28209FE5 		ldr	r2, .L47+24
 270 0094 001092E5 		ldr	r1, [r2, #0]
 271 0098 040051E1 		cmp	r1, r4
 272 009c 00308205 		streq	r3, [r2, #0]
 273              	.L41:
 274 00a0 1040BDE8 		ldmfd	sp!, {r4, lr}
 275 00a4 FEFFFFEA 		b	_txe_byte_release
 276              	.L48:
 277              		.align	2
 278              	.L47:
 279 00a8 FF7F0340 		.word	1073971199
 280 00ac 00000000 		.word	.LANCHOR2
 281 00b0 4D335846 		.word	1180185421
 282 00b4 4D444E45 		.word	1162757197
 283 00b8 00000000 		.word	.LANCHOR3
 284 00bc 00000000 		.word	.LANCHOR7
 285 00c0 00000000 		.word	.LANCHOR6
 287              		.section	.text.CyU3PMemGetCounts,"ax",%progbits
 288              		.align	2
 289              		.global	CyU3PMemGetCounts
 291              	CyU3PMemGetCounts:
 292              		@ args = 0, pretend = 0, frame = 0
 293              		@ frame_needed = 0, uses_anonymous_args = 0
 294              		@ link register save eliminated.
 295 0000 000050E3 		cmp	r0, #0
 296 0004 18309F15 		ldrne	r3, .L52
 297 0008 00309315 		ldrne	r3, [r3, #0]
 298 000c 00308015 		strne	r3, [r0, #0]
 299 0010 000051E3 		cmp	r1, #0
 300 0014 0C309F15 		ldrne	r3, .L52+4
 301 0018 00309315 		ldrne	r3, [r3, #0]
 302 001c 00308115 		strne	r3, [r1, #0]
 303 0020 1EFF2FE1 		bx	lr
 304              	.L53:
 305              		.align	2
 306              	.L52:
 307 0024 00000000 		.word	.LANCHOR5
 308 0028 00000000 		.word	.LANCHOR7
 310              		.section	.text.CyU3PMemGetActiveList,"ax",%progbits
 311              		.align	2
 312              		.global	CyU3PMemGetActiveList
 314              	CyU3PMemGetActiveList:
 315              		@ args = 0, pretend = 0, frame = 0
 316              		@ frame_needed = 0, uses_anonymous_args = 0
 317              		@ link register save eliminated.
 318 0000 04309FE5 		ldr	r3, .L55
 319 0004 000093E5 		ldr	r0, [r3, #0]
 320 0008 1EFF2FE1 		bx	lr
 321              	.L56:
 322              		.align	2
 323              	.L55:
 324 000c 00000000 		.word	.LANCHOR6
 326              		.section	.text.CyU3PMemCorruptionCheck,"ax",%progbits
 327              		.align	2
 328              		.global	CyU3PMemCorruptionCheck
 330              	CyU3PMemCorruptionCheck:
 331              		@ args = 0, pretend = 0, frame = 0
 332              		@ frame_needed = 0, uses_anonymous_args = 0
 333 0000 08402DE9 		stmfd	sp!, {r3, lr}
 334 0004 78309FE5 		ldr	r3, .L65
 335 0008 000093E5 		ldr	r0, [r3, #0]
 336 000c 150000EA 		b	.L58
 337              	.L62:
 338 0010 70309FE5 		ldr	r3, .L65+4
 339 0014 033080E0 		add	r3, r0, r3
 340 0018 020953E3 		cmp	r3, #32768
 341 001c 1400002A 		bcs	.L63
 342 0020 101090E5 		ldr	r1, [r0, #16]
 343 0024 60209FE5 		ldr	r2, .L65+8
 344 0028 043090E5 		ldr	r3, [r0, #4]
 345 002c 020051E1 		cmp	r1, r2
 346 0030 0400001A 		bne	.L60
 347 0034 033080E0 		add	r3, r0, r3
 348 0038 042013E5 		ldr	r2, [r3, #-4]
 349 003c 4C309FE5 		ldr	r3, .L65+12
 350 0040 030052E1 		cmp	r2, r3
 351 0044 0600000A 		beq	.L61
 352              	.L60:
 353 0048 44309FE5 		ldr	r3, .L65+16
 354 004c 003093E5 		ldr	r3, [r3, #0]
 355 0050 000053E3 		cmp	r3, #0
 356 0054 0800000A 		beq	.L64
 357 0058 140080E2 		add	r0, r0, #20
 358 005c 33FF2FE1 		blx	r3
 359 0060 030000EA 		b	.L63
 360              	.L61:
 361 0064 080090E5 		ldr	r0, [r0, #8]
 362              	.L58:
 363 0068 000050E3 		cmp	r0, #0
 364 006c E7FFFF1A 		bne	.L62
 365 0070 0880BDE8 		ldmfd	sp!, {r3, pc}
 366              	.L63:
 367 0074 4A00A0E3 		mov	r0, #74
 368 0078 0880BDE8 		ldmfd	sp!, {r3, pc}
 369              	.L64:
 370 007c 4A00A0E3 		mov	r0, #74
 371 0080 0880BDE8 		ldmfd	sp!, {r3, pc}
 372              	.L66:
 373              		.align	2
 374              	.L65:
 375 0084 00000000 		.word	.LANCHOR6
 376 0088 0080FCBF 		.word	-1073971200
 377 008c 4D335846 		.word	1180185421
 378 0090 4D444E45 		.word	1162757197
 379 0094 00000000 		.word	.LANCHOR3
 381              		.section	.text.CyU3PMemSet,"ax",%progbits
 382              		.align	2
 383              		.global	CyU3PMemSet
 385              	CyU3PMemSet:
 386              		@ args = 0, pretend = 0, frame = 0
 387              		@ frame_needed = 0, uses_anonymous_args = 0
 388              		@ link register save eliminated.
 389 0000 080000EA 		b	.L68
 390              	.L69:
 391 0004 082042E2 		sub	r2, r2, #8
 392 0008 081040E5 		strb	r1, [r0, #-8]
 393 000c 071040E5 		strb	r1, [r0, #-7]
 394 0010 061040E5 		strb	r1, [r0, #-6]
 395 0014 051040E5 		strb	r1, [r0, #-5]
 396 0018 041040E5 		strb	r1, [r0, #-4]
 397 001c 031040E5 		strb	r1, [r0, #-3]
 398 0020 021040E5 		strb	r1, [r0, #-2]
 399 0024 011040E5 		strb	r1, [r0, #-1]
 400              	.L68:
 401 0028 A2C1B0E1 		movs	ip, r2, lsr #3
 402 002c 0030A0E1 		mov	r3, r0
 403 0030 080080E2 		add	r0, r0, #8
 404 0034 F2FFFF1A 		bne	.L69
 405 0038 000000EA 		b	.L70
 406              	.L71:
 407 003c 0110C3E4 		strb	r1, [r3], #1
 408              	.L70:
 409 0040 012052E2 		subs	r2, r2, #1
 410 0044 FCFFFF2A 		bcs	.L71
 411 0048 1EFF2FE1 		bx	lr
 413              		.section	.text.CyU3PMemCopy,"ax",%progbits
 414              		.align	2
 415              		.global	CyU3PMemCopy
 417              	CyU3PMemCopy:
 418              		@ args = 0, pretend = 0, frame = 0
 419              		@ frame_needed = 0, uses_anonymous_args = 0
 420 0000 10402DE9 		stmfd	sp!, {r4, lr}
 421 0004 100000EA 		b	.L73
 422              	.L74:
 423 0008 083051E5 		ldrb	r3, [r1, #-8]	@ zero_extendqisi2
 424 000c 082042E2 		sub	r2, r2, #8
 425 0010 083040E5 		strb	r3, [r0, #-8]
 426 0014 073051E5 		ldrb	r3, [r1, #-7]	@ zero_extendqisi2
 427 0018 073040E5 		strb	r3, [r0, #-7]
 428 001c 063051E5 		ldrb	r3, [r1, #-6]	@ zero_extendqisi2
 429 0020 063040E5 		strb	r3, [r0, #-6]
 430 0024 053051E5 		ldrb	r3, [r1, #-5]	@ zero_extendqisi2
 431 0028 053040E5 		strb	r3, [r0, #-5]
 432 002c 043051E5 		ldrb	r3, [r1, #-4]	@ zero_extendqisi2
 433 0030 043040E5 		strb	r3, [r0, #-4]
 434 0034 033051E5 		ldrb	r3, [r1, #-3]	@ zero_extendqisi2
 435 0038 033040E5 		strb	r3, [r0, #-3]
 436 003c 023051E5 		ldrb	r3, [r1, #-2]	@ zero_extendqisi2
 437 0040 023040E5 		strb	r3, [r0, #-2]
 438 0044 013051E5 		ldrb	r3, [r1, #-1]	@ zero_extendqisi2
 439 0048 013040E5 		strb	r3, [r0, #-1]
 440              	.L73:
 441 004c A241B0E1 		movs	r4, r2, lsr #3
 442 0050 01C0A0E1 		mov	ip, r1
 443 0054 0030A0E1 		mov	r3, r0
 444 0058 081081E2 		add	r1, r1, #8
 445 005c 080080E2 		add	r0, r0, #8
 446 0060 E8FFFF1A 		bne	.L74
 447 0064 0C10A0E1 		mov	r1, ip
 448 0068 010000EA 		b	.L75
 449              	.L76:
 450 006c 0100D1E4 		ldrb	r0, [r1], #1	@ zero_extendqisi2
 451 0070 0100C3E4 		strb	r0, [r3], #1
 452              	.L75:
 453 0074 012052E2 		subs	r2, r2, #1
 454 0078 FBFFFF2A 		bcs	.L76
 455 007c 1080BDE8 		ldmfd	sp!, {r4, pc}
 457              		.section	.text.CyU3PMemCmp,"ax",%progbits
 458              		.align	2
 459              		.global	CyU3PMemCmp
 461              	CyU3PMemCmp:
 462              		@ args = 0, pretend = 0, frame = 0
 463              		@ frame_needed = 0, uses_anonymous_args = 0
 464 0000 10402DE9 		stmfd	sp!, {r4, lr}
 465 0004 0030A0E3 		mov	r3, #0
 466 0008 060000EA 		b	.L78
 467              	.L80:
 468 000c 0340D0E7 		ldrb	r4, [r0, r3]	@ zero_extendqisi2
 469 0010 03C0D1E7 		ldrb	ip, [r1, r3]	@ zero_extendqisi2
 470 0014 013083E2 		add	r3, r3, #1
 471 0018 0C0054E1 		cmp	r4, ip
 472 001c 0100000A 		beq	.L78
 473 0020 04006CE0 		rsb	r0, ip, r4
 474 0024 1080BDE8 		ldmfd	sp!, {r4, pc}
 475              	.L78:
 476 0028 012052E2 		subs	r2, r2, #1
 477 002c F6FFFF2A 		bcs	.L80
 478 0030 0000A0E3 		mov	r0, #0
 479 0034 1080BDE8 		ldmfd	sp!, {r4, pc}
 481              		.section	.text.CyU3PBufEnableChecks,"ax",%progbits
 482              		.align	2
 483              		.global	CyU3PBufEnableChecks
 485              	CyU3PBufEnableChecks:
 486              		@ args = 0, pretend = 0, frame = 0
 487              		@ frame_needed = 0, uses_anonymous_args = 0
 488              		@ link register save eliminated.
 489 0000 20309FE5 		ldr	r3, .L84
 490 0004 5C3093E5 		ldr	r3, [r3, #92]
 491 0008 000053E3 		cmp	r3, #0
 492 000c 18209F05 		ldreq	r2, .L84+4
 493 0010 4300A013 		movne	r0, #67
 494 0014 00008205 		streq	r0, [r2, #0]
 495 0018 10209F05 		ldreq	r2, .L84+8
 496 001c 0300A001 		moveq	r0, r3
 497 0020 00108205 		streq	r1, [r2, #0]
 498 0024 1EFF2FE1 		bx	lr
 499              	.L85:
 500              		.align	2
 501              	.L84:
 502 0028 00000000 		.word	.LANCHOR0
 503 002c 00000000 		.word	.LANCHOR8
 504 0030 00000000 		.word	.LANCHOR9
 506              		.section	.text.CyU3PDmaBufferInit,"ax",%progbits
 507              		.align	2
 508              		.global	CyU3PDmaBufferInit
 510              	CyU3PDmaBufferInit:
 511              		@ args = 0, pretend = 0, frame = 0
 512              		@ frame_needed = 0, uses_anonymous_args = 0
 513 0000 84309FE5 		ldr	r3, .L90
 514 0004 70402DE9 		stmfd	sp!, {r4, r5, r6, lr}
 515 0008 542093E5 		ldr	r2, [r3, #84]
 516 000c 000052E3 		cmp	r2, #0
 517 0010 0200000A 		beq	.L87
 518 0014 583093E5 		ldr	r3, [r3, #88]
 519 0018 000053E3 		cmp	r3, #0
 520 001c 7080BD18 		ldmnefd	sp!, {r4, r5, r6, pc}
 521              	.L87:
 522 0020 64409FE5 		ldr	r4, .L90
 523 0024 0010A0E3 		mov	r1, #0
 524 0028 0400A0E1 		mov	r0, r4
 525 002c 0120A0E1 		mov	r2, r1
 526 0030 5430A0E3 		mov	r3, #84
 527 0034 FEFFFFEB 		bl	_txe_mutex_create
 528 0038 005050E2 		subs	r5, r0, #0
 529 003c 7080BD18 		ldmnefd	sp!, {r4, r5, r6, pc}
 530 0040 0E0D80E2 		add	r0, r0, #896
 531 0044 FEFFFFEB 		bl	CyU3PMemAlloc
 532 0048 000050E3 		cmp	r0, #0
 533 004c 5C0084E5 		str	r0, [r4, #92]
 534 0050 0200001A 		bne	.L89
 535 0054 0400A0E1 		mov	r0, r4
 536 0058 7040BDE8 		ldmfd	sp!, {r4, r5, r6, lr}
 537 005c FEFFFFEA 		b	_txe_mutex_delete
 538              	.L89:
 539 0060 0510A0E1 		mov	r1, r5
 540 0064 0E2DA0E3 		mov	r2, #896
 541 0068 FEFFFFEB 		bl	CyU3PMemSet
 542 006c 1C309FE5 		ldr	r3, .L90+4
 543 0070 645084E5 		str	r5, [r4, #100]
 544 0074 543084E5 		str	r3, [r4, #84]
 545 0078 0E39A0E3 		mov	r3, #229376
 546 007c 583084E5 		str	r3, [r4, #88]
 547 0080 E030A0E3 		mov	r3, #224
 548 0084 603084E5 		str	r3, [r4, #96]
 549 0088 7080BDE8 		ldmfd	sp!, {r4, r5, r6, pc}
 550              	.L91:
 551              		.align	2
 552              	.L90:
 553 008c 00000000 		.word	.LANCHOR0
 554 0090 00000440 		.word	1074003968
 556              		.section	.text.CyU3PDmaBufferDeInit,"ax",%progbits
 557              		.align	2
 558              		.global	CyU3PDmaBufferDeInit
 560              	CyU3PDmaBufferDeInit:
 561              		@ args = 0, pretend = 0, frame = 0
 562              		@ frame_needed = 0, uses_anonymous_args = 0
 563 0000 70402DE9 		stmfd	sp!, {r4, r5, r6, lr}
 564 0004 FEFFFFEB 		bl	_tx_thread_identify
 565 0008 001050E2 		subs	r1, r0, #0
 566 000c 0010E013 		mvnne	r1, #0
 567 0010 54009FE5 		ldr	r0, .L97
 568 0014 FEFFFFEB 		bl	_txe_mutex_get
 569 0018 000050E3 		cmp	r0, #0
 570 001c 0040A0E1 		mov	r4, r0
 571 0020 7080BD18 		ldmnefd	sp!, {r4, r5, r6, pc}
 572 0024 40509FE5 		ldr	r5, .L97
 573 0028 5C0095E5 		ldr	r0, [r5, #92]
 574 002c FEFFFFEB 		bl	CyU3PMemFree
 575 0030 38309FE5 		ldr	r3, .L97+4
 576 0034 0500A0E1 		mov	r0, r5
 577 0038 004083E5 		str	r4, [r3, #0]
 578 003c 30309FE5 		ldr	r3, .L97+8
 579 0040 5C4085E5 		str	r4, [r5, #92]
 580 0044 004083E5 		str	r4, [r3, #0]
 581 0048 28309FE5 		ldr	r3, .L97+12
 582 004c 544085E5 		str	r4, [r5, #84]
 583 0050 004083E5 		str	r4, [r3, #0]
 584 0054 584085E5 		str	r4, [r5, #88]
 585 0058 604085E5 		str	r4, [r5, #96]
 586 005c FEFFFFEB 		bl	_txe_mutex_put
 587 0060 0500A0E1 		mov	r0, r5
 588 0064 7040BDE8 		ldmfd	sp!, {r4, r5, r6, lr}
 589 0068 FEFFFFEA 		b	_txe_mutex_delete
 590              	.L98:
 591              		.align	2
 592              	.L97:
 593 006c 00000000 		.word	.LANCHOR0
 594 0070 00000000 		.word	.LANCHOR10
 595 0074 00000000 		.word	.LANCHOR11
 596 0078 00000000 		.word	.LANCHOR12
 598              		.section	.text.CyU3PDmaBufferAlloc,"ax",%progbits
 599              		.align	2
 600              		.global	CyU3PDmaBufferAlloc
 602              	CyU3PDmaBufferAlloc:
 603              		@ args = 0, pretend = 0, frame = 0
 604              		@ frame_needed = 0, uses_anonymous_args = 0
 605 0000 F8452DE9 		stmfd	sp!, {r3, r4, r5, r6, r7, r8, sl, lr}
 606 0004 0040A0E1 		mov	r4, r0
 607 0008 FEFFFFEB 		bl	_tx_thread_identify
 608 000c 001050E2 		subs	r1, r0, #0
 609 0010 0A10A013 		movne	r1, #10
 610 0014 8C019FE5 		ldr	r0, .L123
 611 0018 FEFFFFEB 		bl	_txe_mutex_get
 612 001c 000050E3 		cmp	r0, #0
 613 0020 5D00001A 		bne	.L115
 614 0024 7C319FE5 		ldr	r3, .L123
 615 0028 542093E5 		ldr	r2, [r3, #84]
 616 002c 000052E3 		cmp	r2, #0
 617 0030 0200000A 		beq	.L103
 618 0034 583093E5 		ldr	r3, [r3, #88]
 619 0038 000053E3 		cmp	r3, #0
 620 003c 0200001A 		bne	.L104
 621              	.L103:
 622 0040 60019FE5 		ldr	r0, .L123
 623 0044 FEFFFFEB 		bl	_txe_mutex_put
 624 0048 530000EA 		b	.L115
 625              	.L104:
 626 004c 58319FE5 		ldr	r3, .L123+4
 627 0050 0050A0E3 		mov	r5, #0
 628 0054 006093E5 		ldr	r6, [r3, #0]
 629 0058 48319FE5 		ldr	r3, .L123
 630 005c 000056E3 		cmp	r6, #0
 631 0060 03408412 		addne	r4, r4, #3
 632 0064 0340C413 		bicne	r4, r4, #3
 633 0068 18408412 		addne	r4, r4, #24
 634 006c 200054E3 		cmp	r4, #32
 635 0070 1F108482 		addhi	r1, r4, #31
 636 0074 8115A081 		movhi	r1, r1, asl #11
 637 0078 642093E5 		ldr	r2, [r3, #100]
 638 007c 60E093E5 		ldr	lr, [r3, #96]
 639 0080 5C7093E5 		ldr	r7, [r3, #92]
 640 0084 2118A081 		movhi	r1, r1, lsr #16
 641 0088 0210A093 		movls	r1, #2
 642 008c 0530A0E1 		mov	r3, r5
 643 0090 05C0A0E1 		mov	ip, r5
 644 0094 180000EA 		b	.L121
 645              	.L112:
 646 0098 028197E7 		ldr	r8, [r7, r2, asl #2]
 647 009c 01A0A0E3 		mov	sl, #1
 648 00a0 1A8C18E0 		ands	r8, r8, sl, asl ip
 649 00a4 0030A013 		movne	r3, #0
 650 00a8 0900001A 		bne	.L108
 651 00ac 000053E3 		cmp	r3, #0
 652 00b0 018081E2 		add	r8, r1, #1
 653 00b4 0A508C00 		addeq	r5, ip, sl
 654 00b8 013083E2 		add	r3, r3, #1
 655 00bc 0888A0E1 		mov	r8, r8, asl #16
 656 00c0 82528500 		addeq	r5, r5, r2, asl #5
 657 00c4 280853E1 		cmp	r3, r8, lsr #16
 658 00c8 D8009F05 		ldreq	r0, .L123
 659 00cc 64208005 		streq	r2, [r0, #100]
 660 00d0 0B00000A 		beq	.L110
 661              	.L108:
 662 00d4 01C08CE2 		add	ip, ip, #1
 663 00d8 20005CE3 		cmp	ip, #32
 664 00dc 0600001A 		bne	.L121
 665 00e0 012082E2 		add	r2, r2, #1
 666 00e4 0E0052E1 		cmp	r2, lr
 667 00e8 0030A003 		moveq	r3, #0
 668 00ec 010080E2 		add	r0, r0, #1
 669 00f0 00C0A013 		movne	ip, #0
 670 00f4 03C0A001 		moveq	ip, r3
 671 00f8 0320A001 		moveq	r2, r3
 672              	.L121:
 673 00fc 0E0050E1 		cmp	r0, lr
 674 0100 E4FFFF3A 		bcc	.L112
 675              	.L110:
 676 0104 012081E2 		add	r2, r1, #1
 677 0108 0228A0E1 		mov	r2, r2, asl #16
 678 010c 220853E1 		cmp	r3, r2, lsr #16
 679 0110 0070A013 		movne	r7, #0
 680 0114 1D00001A 		bne	.L113
 681 0118 011041E2 		sub	r1, r1, #1
 682 011c 0500A0E1 		mov	r0, r5
 683 0120 0120A0E3 		mov	r2, #1
 684 0124 FEFFFFEB 		bl	CyU3PDmaBufMgrSetStatus
 685 0128 78309FE5 		ldr	r3, .L123
 686 012c 000056E3 		cmp	r6, #0
 687 0130 541093E5 		ldr	r1, [r3, #84]
 688 0134 857281E0 		add	r7, r1, r5, asl #5
 689 0138 1400000A 		beq	.L113
 690 013c 6C309FE5 		ldr	r3, .L123+8
 691 0140 044087E5 		str	r4, [r7, #4]
 692 0144 002093E5 		ldr	r2, [r3, #0]
 693 0148 2441A0E1 		mov	r4, r4, lsr #2
 694 014c 852281E7 		str	r2, [r1, r5, asl #5]
 695 0150 012082E2 		add	r2, r2, #1
 696 0154 002083E5 		str	r2, [r3, #0]
 697 0158 54209FE5 		ldr	r2, .L123+12
 698 015c 0010A0E3 		mov	r1, #0
 699 0160 003092E5 		ldr	r3, [r2, #0]
 700 0164 0C1087E5 		str	r1, [r7, #12]
 701 0168 000053E3 		cmp	r3, #0
 702 016c 083087E5 		str	r3, [r7, #8]
 703 0170 0C708315 		strne	r7, [r3, #12]
 704 0174 3C109FE5 		ldr	r1, .L123+16
 705 0178 3C309FE5 		ldr	r3, .L123+20
 706 017c 014044E2 		sub	r4, r4, #1
 707 0180 101087E5 		str	r1, [r7, #16]
 708 0184 007082E5 		str	r7, [r2, #0]
 709 0188 043187E7 		str	r3, [r7, r4, asl #2]
 710 018c 147087E2 		add	r7, r7, #20
 711              	.L113:
 712 0190 10009FE5 		ldr	r0, .L123
 713 0194 FEFFFFEB 		bl	_txe_mutex_put
 714 0198 000000EA 		b	.L102
 715              	.L115:
 716 019c 0070A0E3 		mov	r7, #0
 717              	.L102:
 718 01a0 0700A0E1 		mov	r0, r7
 719 01a4 F885BDE8 		ldmfd	sp!, {r3, r4, r5, r6, r7, r8, sl, pc}
 720              	.L124:
 721              		.align	2
 722              	.L123:
 723 01a8 00000000 		.word	.LANCHOR0
 724 01ac 00000000 		.word	.LANCHOR8
 725 01b0 00000000 		.word	.LANCHOR10
 726 01b4 00000000 		.word	.LANCHOR12
 727 01b8 4D335846 		.word	1180185421
 728 01bc 4D444E45 		.word	1162757197
 730              		.section	.text.CyU3PDmaBufferFree,"ax",%progbits
 731              		.align	2
 732              		.global	CyU3PDmaBufferFree
 734              	CyU3PDmaBufferFree:
 735              		@ args = 0, pretend = 0, frame = 0
 736              		@ frame_needed = 0, uses_anonymous_args = 0
 737 0000 38402DE9 		stmfd	sp!, {r3, r4, r5, lr}
 738 0004 58319FE5 		ldr	r3, .L147
 739 0008 0040A0E1 		mov	r4, r0
 740 000c 030050E1 		cmp	r0, r3
 741 0010 5000009A 		bls	.L140
 742 0014 FEFFFFEB 		bl	_tx_thread_identify
 743 0018 001050E2 		subs	r1, r0, #0
 744 001c 0A10A013 		movne	r1, #10
 745 0020 40019FE5 		ldr	r0, .L147+4
 746 0024 FEFFFFEB 		bl	_txe_mutex_get
 747 0028 000050E3 		cmp	r0, #0
 748 002c 4900001A 		bne	.L140
 749 0030 34319FE5 		ldr	r3, .L147+8
 750 0034 003093E5 		ldr	r3, [r3, #0]
 751 0038 000053E3 		cmp	r3, #0
 752 003c 2000000A 		beq	.L129
 753 0040 041014E5 		ldr	r1, [r4, #-4]
 754 0044 24219FE5 		ldr	r2, .L147+12
 755 0048 145044E2 		sub	r5, r4, #20
 756 004c 020051E1 		cmp	r1, r2
 757 0050 103014E5 		ldr	r3, [r4, #-16]
 758 0054 0400001A 		bne	.L130
 759 0058 033085E0 		add	r3, r5, r3
 760 005c 042013E5 		ldr	r2, [r3, #-4]
 761 0060 0C319FE5 		ldr	r3, .L147+16
 762 0064 030052E1 		cmp	r2, r3
 763 0068 0500000A 		beq	.L131
 764              	.L130:
 765 006c 04319FE5 		ldr	r3, .L147+20
 766 0070 003093E5 		ldr	r3, [r3, #0]
 767 0074 000053E3 		cmp	r3, #0
 768 0078 0100000A 		beq	.L131
 769 007c 0400A0E1 		mov	r0, r4
 770 0080 33FF2FE1 		blx	r3
 771              	.L131:
 772 0084 F0309FE5 		ldr	r3, .L147+24
 773 0088 0540A0E1 		mov	r4, r5
 774 008c 002093E5 		ldr	r2, [r3, #0]
 775 0090 012082E2 		add	r2, r2, #1
 776 0094 002083E5 		str	r2, [r3, #0]
 777 0098 0C2095E5 		ldr	r2, [r5, #12]
 778 009c 000052E3 		cmp	r2, #0
 779 00a0 08309515 		ldrne	r3, [r5, #8]
 780 00a4 08308215 		strne	r3, [r2, #8]
 781 00a8 083095E5 		ldr	r3, [r5, #8]
 782 00ac 000053E3 		cmp	r3, #0
 783 00b0 0C208315 		strne	r2, [r3, #12]
 784 00b4 C4209FE5 		ldr	r2, .L147+28
 785 00b8 001092E5 		ldr	r1, [r2, #0]
 786 00bc 050051E1 		cmp	r1, r5
 787 00c0 00308205 		streq	r3, [r2, #0]
 788              	.L129:
 789 00c4 9C209FE5 		ldr	r2, .L147+4
 790 00c8 543092E5 		ldr	r3, [r2, #84]
 791 00cc 030054E1 		cmp	r4, r3
 792 00d0 1C00009A 		bls	.L143
 793 00d4 581092E5 		ldr	r1, [r2, #88]
 794 00d8 011083E0 		add	r1, r3, r1
 795 00dc 010054E1 		cmp	r4, r1
 796 00e0 1800002A 		bcs	.L143
 797 00e4 044063E0 		rsb	r4, r3, r4
 798 00e8 A402A0E1 		mov	r0, r4, lsr #5
 799 00ec 60C092E5 		ldr	ip, [r2, #96]
 800 00f0 2445A0E1 		mov	r4, r4, lsr #10
 801 00f4 1F3000E2 		and	r3, r0, #31
 802 00f8 5C2092E5 		ldr	r2, [r2, #92]
 803 00fc 0010A0E3 		mov	r1, #0
 804 0100 040000EA 		b	.L145
 805              	.L138:
 806 0104 013083E2 		add	r3, r3, #1
 807 0108 200053E3 		cmp	r3, #32
 808 010c 011081E2 		add	r1, r1, #1
 809 0110 01408402 		addeq	r4, r4, #1
 810 0114 0030A003 		moveq	r3, #0
 811              	.L145:
 812 0118 0C0054E1 		cmp	r4, ip
 813 011c 0300002A 		bcs	.L137
 814 0120 04E192E7 		ldr	lr, [r2, r4, asl #2]
 815 0124 0150A0E3 		mov	r5, #1
 816 0128 15E31EE0 		ands	lr, lr, r5, asl r3
 817 012c F4FFFF1A 		bne	.L138
 818              	.L137:
 819 0130 0020A0E3 		mov	r2, #0
 820 0134 FEFFFFEB 		bl	CyU3PDmaBufMgrSetStatus
 821 0138 28309FE5 		ldr	r3, .L147+4
 822 013c 0040A0E3 		mov	r4, #0
 823 0140 644083E5 		str	r4, [r3, #100]
 824 0144 000000EA 		b	.L134
 825              	.L143:
 826 0148 0040E0E3 		mvn	r4, #0
 827              	.L134:
 828 014c 14009FE5 		ldr	r0, .L147+4
 829 0150 FEFFFFEB 		bl	_txe_mutex_put
 830 0154 000000EA 		b	.L126
 831              	.L140:
 832 0158 0040E0E3 		mvn	r4, #0
 833              	.L126:
 834 015c 0400A0E1 		mov	r0, r4
 835 0160 3880BDE8 		ldmfd	sp!, {r3, r4, r5, pc}
 836              	.L148:
 837              		.align	2
 838              	.L147:
 839 0164 FFFF0340 		.word	1074003967
 840 0168 00000000 		.word	.LANCHOR0
 841 016c 00000000 		.word	.LANCHOR8
 842 0170 4D335846 		.word	1180185421
 843 0174 4D444E45 		.word	1162757197
 844 0178 00000000 		.word	.LANCHOR9
 845 017c 00000000 		.word	.LANCHOR11
 846 0180 00000000 		.word	.LANCHOR12
 848              		.section	.text.CyU3PFreeHeaps,"ax",%progbits
 849              		.align	2
 850              		.global	CyU3PFreeHeaps
 852              	CyU3PFreeHeaps:
 853              		@ args = 0, pretend = 0, frame = 0
 854              		@ frame_needed = 0, uses_anonymous_args = 0
 855 0000 08402DE9 		stmfd	sp!, {r3, lr}
 856 0004 FEFFFFEB 		bl	CyU3PDmaBufferDeInit
 857 0008 28009FE5 		ldr	r0, .L150
 858 000c FEFFFFEB 		bl	_txe_byte_pool_delete
 859 0010 24209FE5 		ldr	r2, .L150+4
 860 0014 0030A0E3 		mov	r3, #0
 861 0018 003082E5 		str	r3, [r2, #0]
 862 001c 1C209FE5 		ldr	r2, .L150+8
 863 0020 003082E5 		str	r3, [r2, #0]
 864 0024 18209FE5 		ldr	r2, .L150+12
 865 0028 003082E5 		str	r3, [r2, #0]
 866 002c 14209FE5 		ldr	r2, .L150+16
 867 0030 003082E5 		str	r3, [r2, #0]
 868 0034 0880BDE8 		ldmfd	sp!, {r3, pc}
 869              	.L151:
 870              		.align	2
 871              	.L150:
 872 0038 00000000 		.word	.LANCHOR4
 873 003c 00000000 		.word	.LANCHOR1
 874 0040 00000000 		.word	.LANCHOR5
 875 0044 00000000 		.word	.LANCHOR7
 876 0048 00000000 		.word	.LANCHOR6
 878              		.section	.text.CyU3PBufGetCounts,"ax",%progbits
 879              		.align	2
 880              		.global	CyU3PBufGetCounts
 882              	CyU3PBufGetCounts:
 883              		@ args = 0, pretend = 0, frame = 0
 884              		@ frame_needed = 0, uses_anonymous_args = 0
 885              		@ link register save eliminated.
 886 0000 000050E3 		cmp	r0, #0
 887 0004 18309F15 		ldrne	r3, .L155
 888 0008 00309315 		ldrne	r3, [r3, #0]
 889 000c 00308015 		strne	r3, [r0, #0]
 890 0010 000051E3 		cmp	r1, #0
 891 0014 0C309F15 		ldrne	r3, .L155+4
 892 0018 00309315 		ldrne	r3, [r3, #0]
 893 001c 00308115 		strne	r3, [r1, #0]
 894 0020 1EFF2FE1 		bx	lr
 895              	.L156:
 896              		.align	2
 897              	.L155:
 898 0024 00000000 		.word	.LANCHOR10
 899 0028 00000000 		.word	.LANCHOR11
 901              		.section	.text.CyU3PBufGetActiveList,"ax",%progbits
 902              		.align	2
 903              		.global	CyU3PBufGetActiveList
 905              	CyU3PBufGetActiveList:
 906              		@ args = 0, pretend = 0, frame = 0
 907              		@ frame_needed = 0, uses_anonymous_args = 0
 908              		@ link register save eliminated.
 909 0000 04309FE5 		ldr	r3, .L158
 910 0004 000093E5 		ldr	r0, [r3, #0]
 911 0008 1EFF2FE1 		bx	lr
 912              	.L159:
 913              		.align	2
 914              	.L158:
 915 000c 00000000 		.word	.LANCHOR12
 917              		.section	.text.CyU3PBufCorruptionCheck,"ax",%progbits
 918              		.align	2
 919              		.global	CyU3PBufCorruptionCheck
 921              	CyU3PBufCorruptionCheck:
 922              		@ args = 0, pretend = 0, frame = 0
 923              		@ frame_needed = 0, uses_anonymous_args = 0
 924 0000 08402DE9 		stmfd	sp!, {r3, lr}
 925 0004 78309FE5 		ldr	r3, .L168
 926 0008 000093E5 		ldr	r0, [r3, #0]
 927 000c 150000EA 		b	.L161
 928              	.L165:
 929 0010 BF3480E2 		add	r3, r0, #-1090519040
 930 0014 3F3783E2 		add	r3, r3, #16515072
 931 0018 0E0953E3 		cmp	r3, #229376
 932 001c 1400002A 		bcs	.L166
 933 0020 101090E5 		ldr	r1, [r0, #16]
 934 0024 5C209FE5 		ldr	r2, .L168+4
 935 0028 043090E5 		ldr	r3, [r0, #4]
 936 002c 020051E1 		cmp	r1, r2
 937 0030 0400001A 		bne	.L163
 938 0034 033080E0 		add	r3, r0, r3
 939 0038 042013E5 		ldr	r2, [r3, #-4]
 940 003c 48309FE5 		ldr	r3, .L168+8
 941 0040 030052E1 		cmp	r2, r3
 942 0044 0600000A 		beq	.L164
 943              	.L163:
 944 0048 40309FE5 		ldr	r3, .L168+12
 945 004c 003093E5 		ldr	r3, [r3, #0]
 946 0050 000053E3 		cmp	r3, #0
 947 0054 0800000A 		beq	.L167
 948 0058 140080E2 		add	r0, r0, #20
 949 005c 33FF2FE1 		blx	r3
 950 0060 030000EA 		b	.L166
 951              	.L164:
 952 0064 080090E5 		ldr	r0, [r0, #8]
 953              	.L161:
 954 0068 000050E3 		cmp	r0, #0
 955 006c E7FFFF1A 		bne	.L165
 956 0070 0880BDE8 		ldmfd	sp!, {r3, pc}
 957              	.L166:
 958 0074 4A00A0E3 		mov	r0, #74
 959 0078 0880BDE8 		ldmfd	sp!, {r3, pc}
 960              	.L167:
 961 007c 4A00A0E3 		mov	r0, #74
 962 0080 0880BDE8 		ldmfd	sp!, {r3, pc}
 963              	.L169:
 964              		.align	2
 965              	.L168:
 966 0084 00000000 		.word	.LANCHOR12
 967 0088 4D335846 		.word	1180185421
 968 008c 4D444E45 		.word	1162757197
 969 0090 00000000 		.word	.LANCHOR9
 971              		.section	.bss.glMemEnableChecks,"aw",%nobits
 972              		.align	2
 973              		.set	.LANCHOR2,. + 0
 976              	glMemEnableChecks:
 977 0000 00000000 		.space	4
 978              		.section	.bss.glMemPoolInit,"aw",%nobits
 979              		.align	2
 980              		.set	.LANCHOR1,. + 0
 983              	glMemPoolInit:
 984 0000 00000000 		.space	4
 985              		.section	.bss.glMemAllocCnt,"aw",%nobits
 986              		.align	2
 987              		.set	.LANCHOR5,. + 0
 990              	glMemAllocCnt:
 991 0000 00000000 		.space	4
 992              		.section	.bss.glBufferManager,"aw",%nobits
 993              		.align	2
 994              		.set	.LANCHOR0,. + 0
 997              	glBufferManager:
 998 0000 00000000 		.space	104
 998      00000000 
 998      00000000 
 998      00000000 
 998      00000000 
 999              		.section	.bss.glBufInUseList,"aw",%nobits
 1000              		.align	2
 1001              		.set	.LANCHOR12,. + 0
 1004              	glBufInUseList:
 1005 0000 00000000 		.space	4
 1006              		.section	.bss.glMemBytePool,"aw",%nobits
 1007              		.align	2
 1008              		.set	.LANCHOR4,. + 0
 1011              	glMemBytePool:
 1012 0000 00000000 		.space	52
 1012      00000000 
 1012      00000000 
 1012      00000000 
 1012      00000000 
 1013              		.section	.bss.glBufMgrEnableChecks,"aw",%nobits
 1014              		.align	2
 1015              		.set	.LANCHOR8,. + 0
 1018              	glBufMgrEnableChecks:
 1019 0000 00000000 		.space	4
 1020              		.section	.bss.glMemFreeCnt,"aw",%nobits
 1021              		.align	2
 1022              		.set	.LANCHOR7,. + 0
 1025              	glMemFreeCnt:
 1026 0000 00000000 		.space	4
 1027              		.section	.bss.glBufFreeCnt,"aw",%nobits
 1028              		.align	2
 1029              		.set	.LANCHOR11,. + 0
 1032              	glBufFreeCnt:
 1033 0000 00000000 		.space	4
 1034              		.section	.bss.glMemInUseList,"aw",%nobits
 1035              		.align	2
 1036              		.set	.LANCHOR6,. + 0
 1039              	glMemInUseList:
 1040 0000 00000000 		.space	4
 1041              		.section	.bss.glBufBadCb,"aw",%nobits
 1042              		.align	2
 1043              		.set	.LANCHOR9,. + 0
 1046              	glBufBadCb:
 1047 0000 00000000 		.space	4
 1048              		.section	.bss.glBufAllocCnt,"aw",%nobits
 1049              		.align	2
 1050              		.set	.LANCHOR10,. + 0
 1053              	glBufAllocCnt:
 1054 0000 00000000 		.space	4
 1055              		.section	.bss.glMemBadCb,"aw",%nobits
 1056              		.align	2
 1057              		.set	.LANCHOR3,. + 0
 1060              	glMemBadCb:
 1061 0000 00000000 		.space	4
 1062              		.ident	"GCC: (Sourcery G++ Lite 2011.03-42) 4.5.2"
DEFINED SYMBOLS
                            *ABS*:00000000 cyfxtx.c
C:\DOCUME~1\kys\LOCALS~1\Temp\ccc3XWCB.s:13     .text.CyU3PDmaBufMgrSetStatus:00000000 $a
C:\DOCUME~1\kys\LOCALS~1\Temp\ccc3XWCB.s:15     .text.CyU3PDmaBufMgrSetStatus:00000000 CyU3PDmaBufMgrSetStatus
C:\DOCUME~1\kys\LOCALS~1\Temp\ccc3XWCB.s:62     .text.CyU3PDmaBufMgrSetStatus:0000009c $d
C:\DOCUME~1\kys\LOCALS~1\Temp\ccc3XWCB.s:65     .text.CyU3PUndefinedHandler:00000000 $a
C:\DOCUME~1\kys\LOCALS~1\Temp\ccc3XWCB.s:68     .text.CyU3PUndefinedHandler:00000000 CyU3PUndefinedHandler
C:\DOCUME~1\kys\LOCALS~1\Temp\ccc3XWCB.s:76     .text.CyU3PPrefetchHandler:00000000 $a
C:\DOCUME~1\kys\LOCALS~1\Temp\ccc3XWCB.s:79     .text.CyU3PPrefetchHandler:00000000 CyU3PPrefetchHandler
C:\DOCUME~1\kys\LOCALS~1\Temp\ccc3XWCB.s:87     .text.CyU3PAbortHandler:00000000 $a
C:\DOCUME~1\kys\LOCALS~1\Temp\ccc3XWCB.s:90     .text.CyU3PAbortHandler:00000000 CyU3PAbortHandler
C:\DOCUME~1\kys\LOCALS~1\Temp\ccc3XWCB.s:98     .text.tx_application_define:00000000 $a
C:\DOCUME~1\kys\LOCALS~1\Temp\ccc3XWCB.s:101    .text.tx_application_define:00000000 tx_application_define
C:\DOCUME~1\kys\LOCALS~1\Temp\ccc3XWCB.s:108    .text.CyU3PMemEnableChecks:00000000 $a
C:\DOCUME~1\kys\LOCALS~1\Temp\ccc3XWCB.s:111    .text.CyU3PMemEnableChecks:00000000 CyU3PMemEnableChecks
C:\DOCUME~1\kys\LOCALS~1\Temp\ccc3XWCB.s:128    .text.CyU3PMemEnableChecks:00000028 $d
C:\DOCUME~1\kys\LOCALS~1\Temp\ccc3XWCB.s:133    .text.CyU3PMemInit:00000000 $a
C:\DOCUME~1\kys\LOCALS~1\Temp\ccc3XWCB.s:136    .text.CyU3PMemInit:00000000 CyU3PMemInit
C:\DOCUME~1\kys\LOCALS~1\Temp\ccc3XWCB.s:157    .text.CyU3PMemInit:00000038 $d
C:\DOCUME~1\kys\LOCALS~1\Temp\ccc3XWCB.s:162    .text.CyU3PMemAlloc:00000000 $a
C:\DOCUME~1\kys\LOCALS~1\Temp\ccc3XWCB.s:165    .text.CyU3PMemAlloc:00000000 CyU3PMemAlloc
C:\DOCUME~1\kys\LOCALS~1\Temp\ccc3XWCB.s:217    .text.CyU3PMemAlloc:000000b0 $d
C:\DOCUME~1\kys\LOCALS~1\Temp\ccc3XWCB.s:225    .text.CyU3PMemFree:00000000 $a
C:\DOCUME~1\kys\LOCALS~1\Temp\ccc3XWCB.s:228    .text.CyU3PMemFree:00000000 CyU3PMemFree
C:\DOCUME~1\kys\LOCALS~1\Temp\ccc3XWCB.s:279    .text.CyU3PMemFree:000000a8 $d
C:\DOCUME~1\kys\LOCALS~1\Temp\ccc3XWCB.s:288    .text.CyU3PMemGetCounts:00000000 $a
C:\DOCUME~1\kys\LOCALS~1\Temp\ccc3XWCB.s:291    .text.CyU3PMemGetCounts:00000000 CyU3PMemGetCounts
C:\DOCUME~1\kys\LOCALS~1\Temp\ccc3XWCB.s:307    .text.CyU3PMemGetCounts:00000024 $d
C:\DOCUME~1\kys\LOCALS~1\Temp\ccc3XWCB.s:311    .text.CyU3PMemGetActiveList:00000000 $a
C:\DOCUME~1\kys\LOCALS~1\Temp\ccc3XWCB.s:314    .text.CyU3PMemGetActiveList:00000000 CyU3PMemGetActiveList
C:\DOCUME~1\kys\LOCALS~1\Temp\ccc3XWCB.s:324    .text.CyU3PMemGetActiveList:0000000c $d
C:\DOCUME~1\kys\LOCALS~1\Temp\ccc3XWCB.s:327    .text.CyU3PMemCorruptionCheck:00000000 $a
C:\DOCUME~1\kys\LOCALS~1\Temp\ccc3XWCB.s:330    .text.CyU3PMemCorruptionCheck:00000000 CyU3PMemCorruptionCheck
C:\DOCUME~1\kys\LOCALS~1\Temp\ccc3XWCB.s:375    .text.CyU3PMemCorruptionCheck:00000084 $d
C:\DOCUME~1\kys\LOCALS~1\Temp\ccc3XWCB.s:382    .text.CyU3PMemSet:00000000 $a
C:\DOCUME~1\kys\LOCALS~1\Temp\ccc3XWCB.s:385    .text.CyU3PMemSet:00000000 CyU3PMemSet
C:\DOCUME~1\kys\LOCALS~1\Temp\ccc3XWCB.s:414    .text.CyU3PMemCopy:00000000 $a
C:\DOCUME~1\kys\LOCALS~1\Temp\ccc3XWCB.s:417    .text.CyU3PMemCopy:00000000 CyU3PMemCopy
C:\DOCUME~1\kys\LOCALS~1\Temp\ccc3XWCB.s:458    .text.CyU3PMemCmp:00000000 $a
C:\DOCUME~1\kys\LOCALS~1\Temp\ccc3XWCB.s:461    .text.CyU3PMemCmp:00000000 CyU3PMemCmp
C:\DOCUME~1\kys\LOCALS~1\Temp\ccc3XWCB.s:482    .text.CyU3PBufEnableChecks:00000000 $a
C:\DOCUME~1\kys\LOCALS~1\Temp\ccc3XWCB.s:485    .text.CyU3PBufEnableChecks:00000000 CyU3PBufEnableChecks
C:\DOCUME~1\kys\LOCALS~1\Temp\ccc3XWCB.s:502    .text.CyU3PBufEnableChecks:00000028 $d
C:\DOCUME~1\kys\LOCALS~1\Temp\ccc3XWCB.s:507    .text.CyU3PDmaBufferInit:00000000 $a
C:\DOCUME~1\kys\LOCALS~1\Temp\ccc3XWCB.s:510    .text.CyU3PDmaBufferInit:00000000 CyU3PDmaBufferInit
C:\DOCUME~1\kys\LOCALS~1\Temp\ccc3XWCB.s:553    .text.CyU3PDmaBufferInit:0000008c $d
C:\DOCUME~1\kys\LOCALS~1\Temp\ccc3XWCB.s:557    .text.CyU3PDmaBufferDeInit:00000000 $a
C:\DOCUME~1\kys\LOCALS~1\Temp\ccc3XWCB.s:560    .text.CyU3PDmaBufferDeInit:00000000 CyU3PDmaBufferDeInit
C:\DOCUME~1\kys\LOCALS~1\Temp\ccc3XWCB.s:593    .text.CyU3PDmaBufferDeInit:0000006c $d
C:\DOCUME~1\kys\LOCALS~1\Temp\ccc3XWCB.s:599    .text.CyU3PDmaBufferAlloc:00000000 $a
C:\DOCUME~1\kys\LOCALS~1\Temp\ccc3XWCB.s:602    .text.CyU3PDmaBufferAlloc:00000000 CyU3PDmaBufferAlloc
C:\DOCUME~1\kys\LOCALS~1\Temp\ccc3XWCB.s:723    .text.CyU3PDmaBufferAlloc:000001a8 $d
C:\DOCUME~1\kys\LOCALS~1\Temp\ccc3XWCB.s:731    .text.CyU3PDmaBufferFree:00000000 $a
C:\DOCUME~1\kys\LOCALS~1\Temp\ccc3XWCB.s:734    .text.CyU3PDmaBufferFree:00000000 CyU3PDmaBufferFree
C:\DOCUME~1\kys\LOCALS~1\Temp\ccc3XWCB.s:839    .text.CyU3PDmaBufferFree:00000164 $d
C:\DOCUME~1\kys\LOCALS~1\Temp\ccc3XWCB.s:849    .text.CyU3PFreeHeaps:00000000 $a
C:\DOCUME~1\kys\LOCALS~1\Temp\ccc3XWCB.s:852    .text.CyU3PFreeHeaps:00000000 CyU3PFreeHeaps
C:\DOCUME~1\kys\LOCALS~1\Temp\ccc3XWCB.s:872    .text.CyU3PFreeHeaps:00000038 $d
C:\DOCUME~1\kys\LOCALS~1\Temp\ccc3XWCB.s:879    .text.CyU3PBufGetCounts:00000000 $a
C:\DOCUME~1\kys\LOCALS~1\Temp\ccc3XWCB.s:882    .text.CyU3PBufGetCounts:00000000 CyU3PBufGetCounts
C:\DOCUME~1\kys\LOCALS~1\Temp\ccc3XWCB.s:898    .text.CyU3PBufGetCounts:00000024 $d
C:\DOCUME~1\kys\LOCALS~1\Temp\ccc3XWCB.s:902    .text.CyU3PBufGetActiveList:00000000 $a
C:\DOCUME~1\kys\LOCALS~1\Temp\ccc3XWCB.s:905    .text.CyU3PBufGetActiveList:00000000 CyU3PBufGetActiveList
C:\DOCUME~1\kys\LOCALS~1\Temp\ccc3XWCB.s:915    .text.CyU3PBufGetActiveList:0000000c $d
C:\DOCUME~1\kys\LOCALS~1\Temp\ccc3XWCB.s:918    .text.CyU3PBufCorruptionCheck:00000000 $a
C:\DOCUME~1\kys\LOCALS~1\Temp\ccc3XWCB.s:921    .text.CyU3PBufCorruptionCheck:00000000 CyU3PBufCorruptionCheck
C:\DOCUME~1\kys\LOCALS~1\Temp\ccc3XWCB.s:966    .text.CyU3PBufCorruptionCheck:00000084 $d
C:\DOCUME~1\kys\LOCALS~1\Temp\ccc3XWCB.s:972    .bss.glMemEnableChecks:00000000 $d
C:\DOCUME~1\kys\LOCALS~1\Temp\ccc3XWCB.s:976    .bss.glMemEnableChecks:00000000 glMemEnableChecks
C:\DOCUME~1\kys\LOCALS~1\Temp\ccc3XWCB.s:979    .bss.glMemPoolInit:00000000 $d
C:\DOCUME~1\kys\LOCALS~1\Temp\ccc3XWCB.s:983    .bss.glMemPoolInit:00000000 glMemPoolInit
C:\DOCUME~1\kys\LOCALS~1\Temp\ccc3XWCB.s:986    .bss.glMemAllocCnt:00000000 $d
C:\DOCUME~1\kys\LOCALS~1\Temp\ccc3XWCB.s:990    .bss.glMemAllocCnt:00000000 glMemAllocCnt
C:\DOCUME~1\kys\LOCALS~1\Temp\ccc3XWCB.s:993    .bss.glBufferManager:00000000 $d
C:\DOCUME~1\kys\LOCALS~1\Temp\ccc3XWCB.s:997    .bss.glBufferManager:00000000 glBufferManager
C:\DOCUME~1\kys\LOCALS~1\Temp\ccc3XWCB.s:1000   .bss.glBufInUseList:00000000 $d
C:\DOCUME~1\kys\LOCALS~1\Temp\ccc3XWCB.s:1004   .bss.glBufInUseList:00000000 glBufInUseList
C:\DOCUME~1\kys\LOCALS~1\Temp\ccc3XWCB.s:1007   .bss.glMemBytePool:00000000 $d
C:\DOCUME~1\kys\LOCALS~1\Temp\ccc3XWCB.s:1011   .bss.glMemBytePool:00000000 glMemBytePool
C:\DOCUME~1\kys\LOCALS~1\Temp\ccc3XWCB.s:1014   .bss.glBufMgrEnableChecks:00000000 $d
C:\DOCUME~1\kys\LOCALS~1\Temp\ccc3XWCB.s:1018   .bss.glBufMgrEnableChecks:00000000 glBufMgrEnableChecks
C:\DOCUME~1\kys\LOCALS~1\Temp\ccc3XWCB.s:1021   .bss.glMemFreeCnt:00000000 $d
C:\DOCUME~1\kys\LOCALS~1\Temp\ccc3XWCB.s:1025   .bss.glMemFreeCnt:00000000 glMemFreeCnt
C:\DOCUME~1\kys\LOCALS~1\Temp\ccc3XWCB.s:1028   .bss.glBufFreeCnt:00000000 $d
C:\DOCUME~1\kys\LOCALS~1\Temp\ccc3XWCB.s:1032   .bss.glBufFreeCnt:00000000 glBufFreeCnt
C:\DOCUME~1\kys\LOCALS~1\Temp\ccc3XWCB.s:1035   .bss.glMemInUseList:00000000 $d
C:\DOCUME~1\kys\LOCALS~1\Temp\ccc3XWCB.s:1039   .bss.glMemInUseList:00000000 glMemInUseList
C:\DOCUME~1\kys\LOCALS~1\Temp\ccc3XWCB.s:1042   .bss.glBufBadCb:00000000 $d
C:\DOCUME~1\kys\LOCALS~1\Temp\ccc3XWCB.s:1046   .bss.glBufBadCb:00000000 glBufBadCb
C:\DOCUME~1\kys\LOCALS~1\Temp\ccc3XWCB.s:1049   .bss.glBufAllocCnt:00000000 $d
C:\DOCUME~1\kys\LOCALS~1\Temp\ccc3XWCB.s:1053   .bss.glBufAllocCnt:00000000 glBufAllocCnt
C:\DOCUME~1\kys\LOCALS~1\Temp\ccc3XWCB.s:1056   .bss.glMemBadCb:00000000 $d
C:\DOCUME~1\kys\LOCALS~1\Temp\ccc3XWCB.s:1060   .bss.glMemBadCb:00000000 glMemBadCb

UNDEFINED SYMBOLS
CyU3PApplicationDefine
_txe_byte_pool_create
_tx_thread_identify
_txe_byte_allocate
_txe_byte_release
_txe_mutex_create
_txe_mutex_delete
_txe_mutex_get
_txe_mutex_put
_txe_byte_pool_delete
