   1              		.cpu arm926ej-s
   2              		.fpu softvfp
   3              		.eabi_attribute 20, 1
   4              		.eabi_attribute 21, 1
   5              		.eabi_attribute 23, 3
   6              		.eabi_attribute 24, 1
   7              		.eabi_attribute 25, 1
   8              		.eabi_attribute 26, 1
   9              		.eabi_attribute 30, 6
  10              		.eabi_attribute 18, 4
  11              		.file	"cyfxusbenumdscr.c"
  19              	.Ltext0:
  20              		.cfi_sections	.debug_frame
  21              		.global	CyFxUSB30DeviceDscr
  22              		.section	.rodata.CyFxUSB30DeviceDscr,"a",%progbits
  23              		.align	5
  26              	CyFxUSB30DeviceDscr:
  27 0000 12       		.byte	18
  28 0001 01       		.byte	1
  29 0002 00       		.byte	0
  30 0003 03       		.byte	3
  31 0004 00       		.byte	0
  32 0005 00       		.byte	0
  33 0006 00       		.byte	0
  34 0007 09       		.byte	9
  35 0008 B4       		.byte	-76
  36 0009 04       		.byte	4
  37 000a F0       		.byte	-16
  38 000b 00       		.byte	0
  39 000c 00       		.byte	0
  40 000d 00       		.byte	0
  41 000e 01       		.byte	1
  42 000f 02       		.byte	2
  43 0010 00       		.byte	0
  44 0011 01       		.byte	1
  45              		.global	CyFxUSB20DeviceDscr
  46 0012 00000000 		.section	.rodata.CyFxUSB20DeviceDscr,"a",%progbits
  46      00000000 
  46      00000000 
  46      0000
  47              		.align	5
  50              	CyFxUSB20DeviceDscr:
  51 0000 12       		.byte	18
  52 0001 01       		.byte	1
  53 0002 10       		.byte	16
  54 0003 02       		.byte	2
  55 0004 00       		.byte	0
  56 0005 00       		.byte	0
  57 0006 00       		.byte	0
  58 0007 40       		.byte	64
  59 0008 B4       		.byte	-76
  60 0009 04       		.byte	4
  61 000a F0       		.byte	-16
  62 000b 00       		.byte	0
  63 000c 00       		.byte	0
  64 000d 00       		.byte	0
  65 000e 01       		.byte	1
  66 000f 02       		.byte	2
  67 0010 00       		.byte	0
  68 0011 01       		.byte	1
  69              		.global	CyFxUSBBOSDscr
  70 0012 00000000 		.section	.rodata.CyFxUSBBOSDscr,"a",%progbits
  70      00000000 
  70      00000000 
  70      0000
  71              		.align	5
  74              	CyFxUSBBOSDscr:
  75 0000 05       		.byte	5
  76 0001 0F       		.byte	15
  77 0002 16       		.byte	22
  78 0003 00       		.byte	0
  79 0004 02       		.byte	2
  80 0005 07       		.byte	7
  81 0006 10       		.byte	16
  82 0007 02       		.byte	2
  83 0008 02       		.byte	2
  84 0009 00       		.byte	0
  85 000a 00       		.byte	0
  86 000b 00       		.byte	0
  87 000c 0A       		.byte	10
  88 000d 10       		.byte	16
  89 000e 03       		.byte	3
  90 000f 00       		.byte	0
  91 0010 0E       		.byte	14
  92 0011 00       		.byte	0
  93 0012 03       		.byte	3
  94 0013 00       		.byte	0
  95 0014 00       		.byte	0
  96 0015 00       		.byte	0
  97              		.global	CyFxUSBDeviceQualDscr
  98 0016 00000000 		.section	.rodata.CyFxUSBDeviceQualDscr,"a",%progbits
  98      00000000 
  98      0000
  99              		.align	5
 102              	CyFxUSBDeviceQualDscr:
 103 0000 0A       		.byte	10
 104 0001 06       		.byte	6
 105 0002 00       		.byte	0
 106 0003 02       		.byte	2
 107 0004 00       		.byte	0
 108 0005 00       		.byte	0
 109 0006 00       		.byte	0
 110 0007 40       		.byte	64
 111 0008 01       		.byte	1
 112 0009 00       		.byte	0
 113              		.global	CyFxUSBSSConfigDscr
 114 000a 00000000 		.section	.rodata.CyFxUSBSSConfigDscr,"a",%progbits
 114      00000000 
 114      00000000 
 114      00000000 
 114      00000000 
 115              		.align	5
 118              	CyFxUSBSSConfigDscr:
 119 0000 09       		.byte	9
 120 0001 02       		.byte	2
 121 0002 12       		.byte	18
 122 0003 00       		.byte	0
 123 0004 01       		.byte	1
 124 0005 01       		.byte	1
 125 0006 00       		.byte	0
 126 0007 80       		.byte	-128
 127 0008 32       		.byte	50
 128 0009 09       		.byte	9
 129 000a 04       		.byte	4
 130 000b 00       		.byte	0
 131 000c 00       		.byte	0
 132 000d 00       		.byte	0
 133 000e FF       		.byte	-1
 134 000f 00       		.byte	0
 135 0010 00       		.byte	0
 136 0011 00       		.byte	0
 137              		.global	CyFxUSBHSConfigDscr
 138 0012 00000000 		.section	.rodata.CyFxUSBHSConfigDscr,"a",%progbits
 138      00000000 
 138      00000000 
 138      0000
 139              		.align	5
 142              	CyFxUSBHSConfigDscr:
 143 0000 09       		.byte	9
 144 0001 02       		.byte	2
 145 0002 12       		.byte	18
 146 0003 00       		.byte	0
 147 0004 01       		.byte	1
 148 0005 01       		.byte	1
 149 0006 00       		.byte	0
 150 0007 80       		.byte	-128
 151 0008 32       		.byte	50
 152 0009 09       		.byte	9
 153 000a 04       		.byte	4
 154 000b 00       		.byte	0
 155 000c 00       		.byte	0
 156 000d 00       		.byte	0
 157 000e FF       		.byte	-1
 158 000f 00       		.byte	0
 159 0010 00       		.byte	0
 160 0011 00       		.byte	0
 161              		.global	CyFxUSBFSConfigDscr
 162 0012 00000000 		.section	.rodata.CyFxUSBFSConfigDscr,"a",%progbits
 162      00000000 
 162      00000000 
 162      0000
 163              		.align	5
 166              	CyFxUSBFSConfigDscr:
 167 0000 09       		.byte	9
 168 0001 02       		.byte	2
 169 0002 12       		.byte	18
 170 0003 00       		.byte	0
 171 0004 01       		.byte	1
 172 0005 01       		.byte	1
 173 0006 00       		.byte	0
 174 0007 80       		.byte	-128
 175 0008 32       		.byte	50
 176 0009 09       		.byte	9
 177 000a 04       		.byte	4
 178 000b 00       		.byte	0
 179 000c 00       		.byte	0
 180 000d 00       		.byte	0
 181 000e FF       		.byte	-1
 182 000f 00       		.byte	0
 183 0010 00       		.byte	0
 184 0011 00       		.byte	0
 185              		.global	CyFxUSBStringLangIDDscr
 186 0012 00000000 		.section	.rodata.CyFxUSBStringLangIDDscr,"a",%progbits
 186      00000000 
 186      00000000 
 186      0000
 187              		.align	5
 190              	CyFxUSBStringLangIDDscr:
 191 0000 04       		.byte	4
 192 0001 03       		.byte	3
 193 0002 09       		.byte	9
 194 0003 04       		.byte	4
 195              		.global	CyFxUSBManufactureDscr
 196 0004 00000000 		.section	.rodata.CyFxUSBManufactureDscr,"a",%progbits
 196      00000000 
 196      00000000 
 196      00000000 
 196      00000000 
 197              		.align	5
 200              	CyFxUSBManufactureDscr:
 201 0000 10       		.byte	16
 202 0001 03       		.byte	3
 203 0002 43       		.byte	67
 204 0003 00       		.byte	0
 205 0004 79       		.byte	121
 206 0005 00       		.byte	0
 207 0006 70       		.byte	112
 208 0007 00       		.byte	0
 209 0008 72       		.byte	114
 210 0009 00       		.byte	0
 211 000a 65       		.byte	101
 212 000b 00       		.byte	0
 213 000c 73       		.byte	115
 214 000d 00       		.byte	0
 215 000e 73       		.byte	115
 216 000f 00       		.byte	0
 217              		.global	CyFxUSBProductDscr
 218 0010 00000000 		.section	.rodata.CyFxUSBProductDscr,"a",%progbits
 218      00000000 
 218      00000000 
 218      00000000 
 219              		.align	5
 222              	CyFxUSBProductDscr:
 223 0000 08       		.byte	8
 224 0001 03       		.byte	3
 225 0002 46       		.byte	70
 226 0003 00       		.byte	0
 227 0004 58       		.byte	88
 228 0005 00       		.byte	0
 229 0006 33       		.byte	51
 230 0007 00       		.byte	0
 231              		.comm	CyFxUsbDscrAlignBuffer,32,32
 232 0008 00000000 		.text
 232      00000000 
 232      00000000 
 232      00000000 
 232      00000000 
 233              	.Letext0:
 234              		.file 1 "C:\\Program Files (x86)\\Cypress\\EZ-USB FX3 SDK\\1.3\\/firmware/u3p_firmware/inc/cyu3usb
 235              		.file 2 "../cyfxusbenumdscr.c"
 236              		.file 3 "c:\\program files (x86)\\cypress\\ez-usb fx3 sdk\\1.3\\bin\\../lib/gcc/arm-none-eabi/4.5.
DEFINED SYMBOLS
                            *ABS*:00000000 cyfxusbenumdscr.c
C:\Users\John\AppData\Local\Temp\ccVZC9qa.s:26     .rodata.CyFxUSB30DeviceDscr:00000000 CyFxUSB30DeviceDscr
C:\Users\John\AppData\Local\Temp\ccVZC9qa.s:23     .rodata.CyFxUSB30DeviceDscr:00000000 $d
C:\Users\John\AppData\Local\Temp\ccVZC9qa.s:50     .rodata.CyFxUSB20DeviceDscr:00000000 CyFxUSB20DeviceDscr
C:\Users\John\AppData\Local\Temp\ccVZC9qa.s:47     .rodata.CyFxUSB20DeviceDscr:00000000 $d
C:\Users\John\AppData\Local\Temp\ccVZC9qa.s:74     .rodata.CyFxUSBBOSDscr:00000000 CyFxUSBBOSDscr
C:\Users\John\AppData\Local\Temp\ccVZC9qa.s:71     .rodata.CyFxUSBBOSDscr:00000000 $d
C:\Users\John\AppData\Local\Temp\ccVZC9qa.s:102    .rodata.CyFxUSBDeviceQualDscr:00000000 CyFxUSBDeviceQualDscr
C:\Users\John\AppData\Local\Temp\ccVZC9qa.s:99     .rodata.CyFxUSBDeviceQualDscr:00000000 $d
C:\Users\John\AppData\Local\Temp\ccVZC9qa.s:118    .rodata.CyFxUSBSSConfigDscr:00000000 CyFxUSBSSConfigDscr
C:\Users\John\AppData\Local\Temp\ccVZC9qa.s:115    .rodata.CyFxUSBSSConfigDscr:00000000 $d
C:\Users\John\AppData\Local\Temp\ccVZC9qa.s:142    .rodata.CyFxUSBHSConfigDscr:00000000 CyFxUSBHSConfigDscr
C:\Users\John\AppData\Local\Temp\ccVZC9qa.s:139    .rodata.CyFxUSBHSConfigDscr:00000000 $d
C:\Users\John\AppData\Local\Temp\ccVZC9qa.s:166    .rodata.CyFxUSBFSConfigDscr:00000000 CyFxUSBFSConfigDscr
C:\Users\John\AppData\Local\Temp\ccVZC9qa.s:163    .rodata.CyFxUSBFSConfigDscr:00000000 $d
C:\Users\John\AppData\Local\Temp\ccVZC9qa.s:190    .rodata.CyFxUSBStringLangIDDscr:00000000 CyFxUSBStringLangIDDscr
C:\Users\John\AppData\Local\Temp\ccVZC9qa.s:187    .rodata.CyFxUSBStringLangIDDscr:00000000 $d
C:\Users\John\AppData\Local\Temp\ccVZC9qa.s:200    .rodata.CyFxUSBManufactureDscr:00000000 CyFxUSBManufactureDscr
C:\Users\John\AppData\Local\Temp\ccVZC9qa.s:197    .rodata.CyFxUSBManufactureDscr:00000000 $d
C:\Users\John\AppData\Local\Temp\ccVZC9qa.s:222    .rodata.CyFxUSBProductDscr:00000000 CyFxUSBProductDscr
C:\Users\John\AppData\Local\Temp\ccVZC9qa.s:219    .rodata.CyFxUSBProductDscr:00000000 $d
                            *COM*:00000020 CyFxUsbDscrAlignBuffer

NO UNDEFINED SYMBOLS
