 
cpldfit:  version P.15xf                            Xilinx Inc.
                                  Fitter Report
Design Name: top                                 Date: 10- 5-2015,  6:03PM
Device Used: XC2C128-6-VQ100
Fitting Status: Successful

*************************  Mapped Resource Summary  **************************

Macrocells     Product Terms    Function Block   Registers      Pins           
Used/Tot       Used/Tot         Inps Used/Tot    Used/Tot       Used/Tot       
82 /128 ( 64%) 146 /448  ( 33%) 189 /320  ( 59%) 71 /128 ( 55%) 56 /80  ( 70%)

** Function Block Resources **

Function Mcells   FB Inps  Pterms   IO       CTC      CTR      CTS      CTE     
Block    Used/Tot Used/Tot Used/Tot Used/Tot Used/Tot Used/Tot Used/Tot Used/Tot
FB1      16/16*    34/40    45/56     4/10    1/1*     1/1*     0/1      0/1
FB2      16/16*    38/40*   35/56     1/10    1/1*     1/1*     1/1*     0/1
FB3      11/16     38/40*   14/56    10/11    1/1*     1/1*     0/1      0/1
FB4       7/16     17/40    12/56     6/11    1/1*     1/1*     0/1      0/1
FB5       8/16      3/40     9/56     1/10    1/1*     1/1*     0/1      0/1
FB6       9/16     28/40    11/56     8/ 9    1/1*     1/1*     0/1      0/1
FB7       7/16     13/40    12/56     7/10    0/1      0/1      0/1      0/1
FB8       8/16     18/40     8/56     8/ 9    0/1      1/1*     1/1*     0/1
         -----    -------  -------   -----    ---      ---      ---      ---
Total    82/128   189/320  146/448   45/80    6/8      7/8      2/8      0/8 

CTC - Control Term Clock
CTR - Control Term Reset
CTS - Control Term Set
CTE - Control Term Output Enable

* - Resource is exhausted

** Global Control Resources **

GCK         GSR         GTS         DGE         
Used/Tot    Used/Tot    Used/Tot    Used/Tot    
1/3         0/1         0/4         0/1

Signal 'PCLK' mapped onto global clock net GCK0.

** Pin Resources **

Signal Type    Required     Mapped  |  Pin Type            Used    Total 
------------------------------------|------------------------------------
Input         :   10          10    |  I/O              :    50     70
Output        :   44          44    |  GCK/IO           :     2      3
Bidirectional :    1           1    |  GTS/IO           :     2      4
GCK           :    1           1    |  GSR/IO           :     1      1
GTS           :    0           0    |  CDR/IO           :     0      1
GSR           :    0           0    |  DGE/IO           :     1      1
                 ----        ----
        Total     56          56

End of Mapped Resource Summary
**************************  Errors and Warnings  ***************************

WARNING:Cpld - Unable to retrieve the path to the iSE Project Repository. Will
   use the default filename of 'top.ise'.
INFO:Cpld - Inferring BUFG constraint for signal 'PCLK' based upon the LOC
   constraint 'P22'. It is recommended that you declare this BUFG explicitedly
   in your design. Note that for certain device families the output of a BUFG
   constraint can not drive a gated clock, and the BUFG constraint will be
   ignored.
INFO:Cpld - Inferring BUFG constraint for signal 'CTRL<6>' based upon the LOC
   constraint 'P27'. It is recommended that you declare this BUFG explicitedly
   in your design. Note that for certain device families the output of a BUFG
   constraint can not drive a gated clock, and the BUFG constraint will be
   ignored.
WARNING:Cpld:936 - The output buffer 'GPIO45_n_OBUF' is missing an input and
   will be deleted.
WARNING:Cpld:1007 - Removing unused input(s) 'CTRL<11>'.  The input(s) are
   unused after optimization. Please verify functionality via simulation.
WARNING:Cpld:1007 - Removing unused input(s) 'CTRL<12>'.  The input(s) are
   unused after optimization. Please verify functionality via simulation.
WARNING:Cpld:1007 - Removing unused input(s) 'CTRL<1>'.  The input(s) are unused
   after optimization. Please verify functionality via simulation.
WARNING:Cpld:1007 - Removing unused input(s) 'CTRL<2>'.  The input(s) are unused
   after optimization. Please verify functionality via simulation.
WARNING:Cpld:1007 - Removing unused input(s) 'CTRL<3>'.  The input(s) are unused
   after optimization. Please verify functionality via simulation.
WARNING:Cpld:1007 - Removing unused input(s) 'CTRL<4>'.  The input(s) are unused
   after optimization. Please verify functionality via simulation.
WARNING:Cpld:1007 - Removing unused input(s) 'CTRL<5>'.  The input(s) are unused
   after optimization. Please verify functionality via simulation.
WARNING:Cpld:1007 - Removing unused input(s) 'CTRL<6>'.  The input(s) are unused
   after optimization. Please verify functionality via simulation.
WARNING:Cpld:1007 - Removing unused input(s) 'CTRL<7>'.  The input(s) are unused
   after optimization. Please verify functionality via simulation.
WARNING:Cpld:1007 - Removing unused input(s) 'CTRL<8>'.  The input(s) are unused
   after optimization. Please verify functionality via simulation.
WARNING:Cpld:1007 - Removing unused input(s) 'CTRL<9>'.  The input(s) are unused
   after optimization. Please verify functionality via simulation.
WARNING:Cpld:1007 - Removing unused input(s) 'RX_MOSI'.  The input(s) are unused
   after optimization. Please verify functionality via simulation.
WARNING:Cpld:1007 - Removing unused input(s) 'SPI_SCK'.  The input(s) are unused
   after optimization. Please verify functionality via simulation.
WARNING:Cpld:1007 - Removing unused input(s) 'SPI_SSN'.  The input(s) are unused
   after optimization. Please verify functionality via simulation.
WARNING:Cpld:1007 - Removing unused input(s) 'TP_2'.  The input(s) are unused
   after optimization. Please verify functionality via simulation.
WARNING:Cpld:1007 - Removing unused input(s) 'User<0>'.  The input(s) are unused
   after optimization. Please verify functionality via simulation.
WARNING:Cpld:1007 - Removing unused input(s) 'User<1>'.  The input(s) are unused
   after optimization. Please verify functionality via simulation.
WARNING:Cpld:1007 - Removing unused input(s) 'User<2>'.  The input(s) are unused
   after optimization. Please verify functionality via simulation.
WARNING:Cpld:1007 - Removing unused input(s) 'User<3>'.  The input(s) are unused
   after optimization. Please verify functionality via simulation.
WARNING:Cpld:1007 - Removing unused input(s) 'User<4>'.  The input(s) are unused
   after optimization. Please verify functionality via simulation.
WARNING:Cpld:1007 - Removing unused input(s) 'User<5>'.  The input(s) are unused
   after optimization. Please verify functionality via simulation.
WARNING:Cpld:1007 - Removing unused input(s) 'User<6>'.  The input(s) are unused
   after optimization. Please verify functionality via simulation.
WARNING:Cpld:1007 - Removing unused input(s) 'User<7>'.  The input(s) are unused
   after optimization. Please verify functionality via simulation.
WARNING:Cpld:968 - PULLUP specified for non tristated output 'INT' is ignored.
WARNING:Cpld:968 - PULLUP specified for non tristated output 'CTRL<0>' is
   ignored.
WARNING:Cpld:829 - Signal 'TX_MISO_MC.TRST' has been minimized to 'GND'.
*************************  Summary of Mapped Logic  ************************

** 45 Outputs **

Signal                            Total Total Bank Loc     Pin   Pin       Pin     I/O      I/O       Slew Reg     Reg Init
Name                              Pts   Inps               No.   Type      Use     STD      Style     Rate Use     State
DQ<11>                            2     12    2    FB1_4   11    I/O       O       LVCMOS33           FAST TFF     RESET
DQ<12>                            2     13    2    FB1_6   9     I/O       O       LVCMOS33           FAST TFF     RESET
DQ<13>                            2     14    2    FB1_12  7     I/O       O       LVCMOS33           FAST TFF     RESET
DQ<14>                            2     15    2    FB1_15  4     GTS/I/O   O       LVCMOS33           FAST TFF     RESET
DQ<10>                            2     11    1    FB2_14  23    GCK/I/O   O       LVCMOS33           FAST TFF     RESET
DQ<15>                            2     16    2    FB3_2   2     GTS/I/O   O       LVCMOS33           FAST TFF     RESET
INT                               0     0     2    FB3_4   99    GSR/I/O   O       LVCMOS33           FAST         
DQ<31>                            2     32    2    FB3_5   97    I/O       O       LVCMOS33           FAST TFF     RESET
DQ<30>                            2     31    2    FB3_6   96    I/O       O       LVCMOS33           FAST TFF     RESET
DQ<29>                            2     30    2    FB3_7   95    I/O       O       LVCMOS33           FAST TFF     RESET
DQ<28>                            2     29    2    FB3_11  94    I/O       O       LVCMOS33           FAST TFF     RESET
DQ<27>                            2     28    2    FB3_13  93    I/O       O       LVCMOS33           FAST TFF     RESET
DQ<26>                            2     27    2    FB3_14  92    I/O       O       LVCMOS33           FAST TFF     RESET
LED<7>                            2     3     2    FB3_15  91    I/O       O       LVCMOS33           FAST         
LED<6>                            2     3     2    FB3_16  90    I/O       O       LVCMOS33           FAST         
DQ<9>                             2     10    1    FB4_1   28    DGE/I/O   O       LVCMOS33           FAST TFF     RESET
I2C_SDA                           5     6     1    FB4_4   29    I/O       I/O     LVCMOS33 PU/OD     FAST DEFF    RESET
DQ<8>                             2     9     1    FB4_6   32    I/O       O       LVCMOS33           FAST TFF     RESET
DQ<7>                             2     8     1    FB4_11  34    I/O       O       LVCMOS33           FAST TFF     RESET
DQ<6>                             2     7     1    FB4_13  36    I/O       O       LVCMOS33           FAST TFF     RESET
DQ<5>                             2     6     1    FB4_15  39    I/O       O       LVCMOS33           FAST TFF     RESET
FlashCS_n                         0     0     2    FB5_13  73    I/O       O       LVCMOS33           FAST         
DQ<25>                            2     26    1    FB6_2   63    I/O       O       LVCMOS33           FAST TFF     RESET
DQ<24>                            2     25    1    FB6_3   61    I/O       O       LVCMOS33           FAST TFF     RESET
DQ<23>                            2     24    1    FB6_4   60    I/O       O       LVCMOS33           FAST TFF     RESET
DQ<22>                            2     23    1    FB6_5   59    I/O       O       LVCMOS33           FAST TFF     RESET
DQ<21>                            2     22    1    FB6_6   58    I/O       O       LVCMOS33           FAST TFF     RESET
DQ<20>                            2     21    1    FB6_12  56    I/O       O       LVCMOS33           FAST TFF     RESET
DQ<19>                            2     20    1    FB6_14  55    I/O       O       LVCMOS33           FAST TFF     RESET
DQ<18>                            2     19    1    FB6_16  54    I/O       O       LVCMOS33           FAST TFF     RESET
TX_MISO                           1     0     2    FB7_1   77    I/O       O       LVCMOS33           FAST         
LED<0>                            2     3     2    FB7_6   81    I/O       O       LVCMOS33           FAST         
LED<1>                            2     3     2    FB7_11  82    I/O       O       LVCMOS33           FAST         
LED<2>                            2     3     2    FB7_13  85    I/O       O       LVCMOS33           FAST         
LED<3>                            2     3     2    FB7_14  86    I/O       O       LVCMOS33           FAST         
LED<4>                            2     3     2    FB7_15  87    I/O       O       LVCMOS33           FAST         
LED<5>                            2     3     2    FB7_16  89    I/O       O       LVCMOS33           FAST         
DQ<17>                            2     18    1    FB8_2   53    I/O       O       LVCMOS33           FAST TFF     RESET
DQ<16>                            2     17    1    FB8_3   52    I/O       O       LVCMOS33           FAST TFF     RESET
DQ<0>                             1     1     1    FB8_4   50    I/O       O       LVCMOS33           FAST TFF     RESET

Signal                            Total Total Bank Loc     Pin   Pin       Pin     I/O      I/O       Slew Reg     Reg Init
Name                              Pts   Inps               No.   Type      Use     STD      Style     Rate Use     State
DQ<1>                             2     2     1    FB8_6   49    I/O       O       LVCMOS33           FAST TFF     RESET
DQ<2>                             2     3     1    FB8_12  46    I/O       O       LVCMOS33           FAST TFF     RESET
CTRL<0>                           1     1     1    FB8_13  44    I/O       O       LVCMOS33           FAST DFF     RESET
DQ<3>                             2     4     1    FB8_14  43    I/O       O       LVCMOS33           FAST TFF     RESET
DQ<4>                             2     5     1    FB8_16  41    I/O       O       LVCMOS33           FAST TFF     RESET

** 37 Buried Nodes **

Signal                            Total Total Loc     Reg     Reg Init
Name                              Pts   Inps          Use     State
i2c_slave/latch_data_in           3     8     FB1_1   DFF     RESET
i2c_slave/index<3>                8     16    FB1_2   DFF     RESET
i2c_slave/index<1>                6     8     FB1_3   DFF     RESET
i2c_slave/latch_data_out          3     9     FB1_5   DFF     RESET
out_en                            5     18    FB1_7   TFF     RESET
i2c_slave/present_state_FSM_FFd2  7     17    FB1_8   DFF     RESET
i2c_slave/shift_data_in           8     18    FB1_9   TFF     RESET
i2c_slave/data_in<2>              4     4     FB1_10  DEFF    RESET
i2c_slave/index<2>                7     9     FB1_11  TFF     RESET
ack_out                           4     15    FB1_13  DFF     RESET
I2C_LEDs<1>                       4     4     FB1_14  DEFF    RESET
i2c_slave/present_state_FSM_FFd1  5     16    FB1_16  DFF     RESET
i2c_slave/data_in<7>              4     4     FB2_1   DEFF    RESET
sda_out                           11    15    FB2_2   DFF     RESET
i2c_slave/index<0>                4     7     FB2_3   DFF     RESET
I2C_LEDs<7>                       4     4     FB2_4   DEFF    RESET
i2c_slave/data_in<6>              4     4     FB2_5   DEFF    RESET
I2C_LEDs<5>                       4     4     FB2_6   DEFF    RESET
I2C_LEDs<6>                       4     4     FB2_7   DEFF    RESET
i2c_slave/data_in<5>              4     4     FB2_8   DEFF    RESET
I2C_LEDs<4>                       4     4     FB2_9   DEFF    RESET
i2c_slave/data_in<4>              4     4     FB2_10  DEFF    RESET
i2c_slave/data_in<3>              4     4     FB2_11  DEFF    RESET
I2C_LEDs<3>                       4     4     FB2_12  DEFF    RESET
I2C_LEDs<2>                       4     4     FB2_13  DEFF    RESET
I2C_LEDs<0>                       4     4     FB2_15  DEFF    RESET
i2c_slave/data_in<1>              4     4     FB2_16  DEFF    RESET
i2c_slave/start_rst               2     2     FB3_12  DFF     RESET
i2c_slave/start                   2     2     FB4_5   DFF     RESET
i2c_slave/gpio_input<6>           3     3     FB5_1   DEFF    RESET
i2c_slave/gpio_input<5>           3     3     FB5_2   DEFF    RESET
i2c_slave/gpio_input<4>           3     3     FB5_3   DEFF    RESET
i2c_slave/gpio_input<3>           3     3     FB5_5   DEFF    RESET
i2c_slave/gpio_input<2>           3     3     FB5_7   DEFF    RESET
i2c_slave/gpio_input<1>           3     3     FB5_11  DEFF    RESET
i2c_slave/gpio_input<0>           3     3     FB5_12  DEFF    RESET
i2c_slave/gpio_input<7>           3     3     FB6_1   DEFF    RESET

** 12 Inputs **

Signal                            Bank Loc     Pin   Pin       Pin     I/O      I/O
Name                                           No.   Type      Use     STD      Style
CTRL<10>                          2    FB1_13  6     I/O       I       LVCMOS33 PU
PCLK                              1    FB2_13  22    GCK/I/O   GCK     LVCMOS33 
I2C_SDA                           1    FB4_4   29    I/O       I/O     LVCMOS33 
I2C_SCL                           1    FB4_5   30    I/O       I       LVCMOS33 
Button<6>                         2    FB5_1   65    I/O       I       LVCMOS33 PU
Button<5>                         2    FB5_2   66    I/O       I       LVCMOS33 PU
Button<4>                         2    FB5_3   67    I/O       I       LVCMOS33 PU
Button<3>                         2    FB5_5   68    I/O       I       LVCMOS33 PU
Button<2>                         2    FB5_7   70    I/O       I       LVCMOS33 PU
Button<1>                         2    FB5_11  71    I/O       I       LVCMOS33 PU
Button<0>                         2    FB5_12  72    I/O       I       LVCMOS33 PU
Button<7>                         1    FB6_1   64    I/O       I       LVCMOS33 PU

Legend:
Pin No.   - ~     - User Assigned
I/O Style - OD    - OpenDrain
          - PU    - Pullup
          - KPR   - Keeper
          - S     - SchmittTrigger
          - DG    - DataGate
Reg Use   - LATCH - Transparent latch
          - DFF   - D-flip-flop
          - DEFF  - D-flip-flop with clock enable
          - TFF   - T-flip-flop
          - TDFF  - Dual-edge-triggered T-flip-flop
          - DDFF  - Dual-edge-triggered flip-flop
          - DDEFF - Dual-edge-triggered flip-flop with clock enable
          /S (after any above flop/latch type) indicates initial state is Set
**************************  Function Block Details  ************************
Legend:
Total Pt     - Total product terms used by the macrocell signal
Loc          - Location where logic was mapped in device
Pin Type/Use - I  - Input             GCK - Global clock
               O  - Output            GTS - Global Output Enable
              (b) - Buried macrocell  GSR - Global Set/Reset
              VRF - Vref
Pin No.      - ~  - User Assigned
*********************************** FB1  ***********************************
This function block is part of I/O Bank number:               2
Number of function block inputs used/remaining:               34/6
Number of function block control terms used/remaining:        2/2
Number of PLA product terms used/remaining:                   45/11
Signal                        Total Loc     Pin  Pin     Pin   CTC CTR CTS CTE
Name                          Pt            No.  Type    Use   
i2c_slave/latch_data_in       3     FB1_1   13   I/O     (b)    +   +      
i2c_slave/index<3>            8     FB1_2        (b)     (b)    +   +      
i2c_slave/index<1>            6     FB1_3   12   I/O     (b)    +   +      
DQ<11>                        2     FB1_4   11   I/O     O          +      
i2c_slave/latch_data_out      3     FB1_5   10   I/O     (b)    +   +      
DQ<12>                        2     FB1_6   9    I/O     O          +      
out_en                        5     FB1_7        (b)     (b)    +   +      
i2c_slave/present_state_FSM_FFd2
                              7     FB1_8        (b)     (b)    +   +      
i2c_slave/shift_data_in       8     FB1_9        (b)     (b)    +   +      
i2c_slave/data_in<2>          4     FB1_10       (b)     (b)    +   +      
i2c_slave/index<2>            7     FB1_11  8    I/O     (b)    +   +      
DQ<13>                        2     FB1_12  7    I/O     O          +      
ack_out                       4     FB1_13  6    I/O     I      +   +      
I2C_LEDs<1>                   4     FB1_14       (b)     (b)    +   +      
DQ<14>                        2     FB1_15  4    GTS/I/O O          +      
i2c_slave/present_state_FSM_FFd1
                              5     FB1_16  3    GTS/I/O (b)    +   +      

Signals Used by Logic in Function Block
  1: CTRL<10>          13: DQ<7>                 24: i2c_slave/data_in<7> 
  2: DQ<0>             14: DQ<8>                 25: i2c_slave/index<0> 
  3: DQ<10>            15: DQ<9>                 26: i2c_slave/index<1> 
  4: DQ<11>            16: I2C_SCL               27: i2c_slave/index<2> 
  5: DQ<12>            17: I2C_SDA               28: i2c_slave/index<3> 
  6: DQ<13>            18: i2c_slave/data_in<1>  29: i2c_slave/latch_data_in 
  7: DQ<1>             19: i2c_slave/data_in<2>  30: i2c_slave/present_state_FSM_FFd1 
  8: DQ<2>             20: i2c_slave/data_in<3>  31: i2c_slave/present_state_FSM_FFd2 
  9: DQ<3>             21: i2c_slave/data_in<4>  32: i2c_slave/shift_data_in 
 10: DQ<4>             22: i2c_slave/data_in<5>  33: i2c_slave/start 
 11: DQ<5>             23: i2c_slave/data_in<6>  34: out_en 
 12: DQ<6>            

Signal                     1         2         3         4 FB      
Name             0----+----0----+----0----+----0----+----0 Inputs  
i2c_slave/latch_data_in 
                  X..............X........XXXX.XX......... 8       
i2c_slave/index<3> 
                  X..............X.XXXXXXXXXXX.XX.X....... 16      
i2c_slave/index<1> 
                  X..............X........XX.X.XX.X....... 8       
DQ<11>            XXX...XXXXXXXXX......................... 12      
i2c_slave/latch_data_out 
                  X..............XX.......XXXX.XX......... 9       
DQ<12>            XXXX..XXXXXXXXX......................... 13      
out_en            X..............XXXXXXXXXXXXX.XX.XX...... 18      
i2c_slave/present_state_FSM_FFd2 
                  X..............XXXXXXXXXXXXX.XX.X....... 17      
i2c_slave/shift_data_in 
                  X..............XXXXXXXXXXXXX.XXXX....... 18      
i2c_slave/data_in<2> 
                  X..............X.X.............X........ 4       
i2c_slave/index<2> 
                  X..............X........XXXX.XX.X....... 9       
DQ<13>            XXXXX.XXXXXXXXX......................... 14      
ack_out           X..............X.XXXXXXXXXXX.XX......... 15      
I2C_LEDs<1>       X..............X.X..........X........... 4       
DQ<14>            XXXXXXXXXXXXXXX......................... 15      
i2c_slave/present_state_FSM_FFd1 
                  X..............X.XXXXXXXXXXX.XX.X....... 16      
                 0----+----1----+----2----+----3----+----4
                           0         0         0         0
*********************************** FB2  ***********************************
This function block is part of I/O Bank number:               1
Number of function block inputs used/remaining:               38/2
Number of function block control terms used/remaining:        3/1
Number of PLA product terms used/remaining:                   35/21
Signal                        Total Loc     Pin  Pin     Pin   CTC CTR CTS CTE
Name                          Pt            No.  Type    Use   
i2c_slave/data_in<7>          4     FB2_1        (b)     (b)    +   +      
sda_out                       11    FB2_2   14   I/O     (b)    +       +  
i2c_slave/index<0>            4     FB2_3   15   I/O     (b)    +       +  
I2C_LEDs<7>                   4     FB2_4   16   I/O     (b)    +       +  
i2c_slave/data_in<6>          4     FB2_5   17   I/O     (b)    +   +      
I2C_LEDs<5>                   4     FB2_6   18   I/O     (b)    +       +  
I2C_LEDs<6>                   4     FB2_7        (b)     (b)    +   +      
i2c_slave/data_in<5>          4     FB2_8        (b)     (b)    +   +      
I2C_LEDs<4>                   4     FB2_9        (b)     (b)    +   +      
i2c_slave/data_in<4>          4     FB2_10       (b)     (b)    +   +      
i2c_slave/data_in<3>          4     FB2_11  19   I/O     (b)    +   +      
I2C_LEDs<3>                   4     FB2_12       (b)     (b)    +   +      
I2C_LEDs<2>                   4     FB2_13  22   GCK/I/O GCK    +       +  
DQ<10>                        2     FB2_14  23   GCK/I/O O          +      
I2C_LEDs<0>                   4     FB2_15  24   CDR/I/O (b)    +       +  
i2c_slave/data_in<1>          4     FB2_16  27   GCK/I/O (b)    +   +      

Signals Used by Logic in Function Block
  1: CTRL<10>          14: i2c_slave/data_in<2>     27: i2c_slave/gpio_input<7> 
  2: DQ<0>             15: i2c_slave/data_in<3>     28: i2c_slave/index<0> 
  3: DQ<1>             16: i2c_slave/data_in<4>     29: i2c_slave/index<1> 
  4: DQ<2>             17: i2c_slave/data_in<5>     30: i2c_slave/index<2> 
  5: DQ<3>             18: i2c_slave/data_in<6>     31: i2c_slave/index<3> 
  6: DQ<4>             19: i2c_slave/data_in<7>     32: i2c_slave/latch_data_in 
  7: DQ<5>             20: i2c_slave/gpio_input<0>  33: i2c_slave/present_state_FSM_FFd1 
  8: DQ<6>             21: i2c_slave/gpio_input<1>  34: i2c_slave/present_state_FSM_FFd2 
  9: DQ<7>             22: i2c_slave/gpio_input<2>  35: i2c_slave/shift_data_in 
 10: DQ<8>             23: i2c_slave/gpio_input<3>  36: i2c_slave/start 
 11: DQ<9>             24: i2c_slave/gpio_input<4>  37: out_en 
 12: I2C_SCL           25: i2c_slave/gpio_input<5>  38: sda_out 
 13: I2C_SDA           26: i2c_slave/gpio_input<6> 

Signal                     1         2         3         4 FB      
Name             0----+----0----+----0----+----0----+----0 Inputs  
i2c_slave/data_in<7> 
                  X..........X.....X................X..... 4       
sda_out           X..........X.......XXXXXXXXXXX......XX.. 15      
i2c_slave/index<0> 
                  X..........X...............X..X.XX.X.... 7       
I2C_LEDs<7>       X..........X......X............X........ 4       
i2c_slave/data_in<6> 
                  X..........X....X.................X..... 4       
I2C_LEDs<5>       X..........X....X..............X........ 4       
I2C_LEDs<6>       X..........X.....X.............X........ 4       
i2c_slave/data_in<5> 
                  X..........X...X..................X..... 4       
I2C_LEDs<4>       X..........X...X...............X........ 4       
i2c_slave/data_in<4> 
                  X..........X..X...................X..... 4       
i2c_slave/data_in<3> 
                  X..........X.X....................X..... 4       
I2C_LEDs<3>       X..........X..X................X........ 4       
I2C_LEDs<2>       X..........X.X.................X........ 4       
DQ<10>            XXXXXXXXXXX............................. 11      
I2C_LEDs<0>       X..........XX..................X........ 4       
i2c_slave/data_in<1> 
                  X..........XX.....................X..... 4       
                 0----+----1----+----2----+----3----+----4
                           0         0         0         0
*********************************** FB3  ***********************************
This function block is part of I/O Bank number:               2
Number of function block inputs used/remaining:               38/2
Number of function block control terms used/remaining:        2/2
Number of PLA product terms used/remaining:                   14/42
Signal                        Total Loc     Pin  Pin     Pin   CTC CTR CTS CTE
Name                          Pt            No.  Type    Use   
(unused)                      0     FB3_1        (b)           
DQ<15>                        2     FB3_2   2    GTS/I/O O          +      
(unused)                      0     FB3_3   1    GTS/I/O       
INT                           0     FB3_4   99   GSR/I/O O                 
DQ<31>                        2     FB3_5   97   I/O     O          +      
DQ<30>                        2     FB3_6   96   I/O     O          +      
DQ<29>                        2     FB3_7   95   I/O     O          +      
(unused)                      0     FB3_8        (b)           
(unused)                      0     FB3_9        (b)           
(unused)                      0     FB3_10       (b)           
DQ<28>                        2     FB3_11  94   I/O     O          +      
i2c_slave/start_rst           2     FB3_12       (b)     (b)    +          
DQ<27>                        2     FB3_13  93   I/O     O          +      
DQ<26>                        2     FB3_14  92   I/O     O          +      
LED<7>                        2     FB3_15  91   I/O     O                 
LED<6>                        2     FB3_16  90   I/O     O                 

Signals Used by Logic in Function Block
  1: Button<7>         14: DQ<1>             27: DQ<31> 
  2: CTRL<10>          15: DQ<20>            28: DQ<3> 
  3: DQ<0>             16: DQ<21>            29: DQ<4> 
  4: DQ<10>            17: DQ<22>            30: DQ<5> 
  5: DQ<11>            18: DQ<23>            31: DQ<6> 
  6: DQ<12>            19: DQ<24>            32: DQ<7> 
  7: DQ<13>            20: DQ<25>            33: DQ<8> 
  8: DQ<14>            21: DQ<26>            34: DQ<9> 
  9: DQ<15>            22: DQ<27>            35: I2C_LEDs<6> 
 10: DQ<16>            23: DQ<28>            36: I2C_LEDs<7> 
 11: DQ<17>            24: DQ<29>            37: I2C_SCL 
 12: DQ<18>            25: DQ<2>             38: i2c_slave/start 
 13: DQ<19>            26: DQ<30>           

Signal                     1         2         3         4 FB      
Name             0----+----0----+----0----+----0----+----0 Inputs  
DQ<15>            .XXXXXXX.....X..........X..XXXXXXX...... 16      
INT               ........................................ 0       
DQ<31>            .XXXXXXXXXXXXXXXXXXXXXXXXX.XXXXXXX...... 32      
DQ<30>            .XXXXXXXXXXXXXXXXXXXXXXXX..XXXXXXX...... 31      
DQ<29>            .XXXXXXXXXXXXXXXXXXXXXX.X..XXXXXXX...... 30      
DQ<28>            .XXXXXXXXXXXXXXXXXXXXX..X..XXXXXXX...... 29      
i2c_slave/start_rst 
                  ....................................XX.. 2       
DQ<27>            .XXXXXXXXXXXXXXXXXXXX...X..XXXXXXX...... 28      
DQ<26>            .XXXXXXXXXXXXXXXXXXX....X..XXXXXXX...... 27      
LED<7>            X.........................X........X.... 3       
LED<6>            X........................X........X..... 3       
                 0----+----1----+----2----+----3----+----4
                           0         0         0         0
*********************************** FB4  ***********************************
This function block is part of I/O Bank number:               1
Number of function block inputs used/remaining:               17/23
Number of function block control terms used/remaining:        2/2
Number of PLA product terms used/remaining:                   12/44
Signal                        Total Loc     Pin  Pin     Pin   CTC CTR CTS CTE
Name                          Pt            No.  Type    Use   
DQ<9>                         2     FB4_1   28   DGE/I/O O          +      
(unused)                      0     FB4_2        (b)           
(unused)                      0     FB4_3        (b)           
I2C_SDA                       5     FB4_4   29   I/O     I/O    +   +      
i2c_slave/start               2     FB4_5   30   I/O     I                 
DQ<8>                         2     FB4_6   32   I/O     O          +      
(unused)                      0     FB4_7   33   I/O           
(unused)                      0     FB4_8        (b)           
(unused)                      0     FB4_9        (b)           
(unused)                      0     FB4_10       (b)           
DQ<7>                         2     FB4_11  34   I/O     O          +      
(unused)                      0     FB4_12  35   I/O           
DQ<6>                         2     FB4_13  36   I/O     O          +      
(unused)                      0     FB4_14  37   I/O           
DQ<5>                         2     FB4_15  39   I/O     O          +      
(unused)                      0     FB4_16  40   I/O           

Signals Used by Logic in Function Block
  1: CTRL<10>           7: DQ<5>             13: ack_out 
  2: DQ<0>              8: DQ<6>             14: i2c_slave/shift_data_in 
  3: DQ<1>              9: DQ<7>             15: i2c_slave/start_rst 
  4: DQ<2>             10: DQ<8>             16: out_en 
  5: DQ<3>             11: I2C_SCL           17: sda_out 
  6: DQ<4>             12: I2C_SDA.PIN      

Signal                     1         2         3         4 FB      
Name             0----+----0----+----0----+----0----+----0 Inputs  
DQ<9>             XXXXXXXXXX.............................. 10      
I2C_SDA           X.........X.XX.XX....................... 6       
DQ<8>             XXXXXXXXX............................... 9       
DQ<7>             XXXXXXXX................................ 8       
DQ<6>             XXXXXXX................................. 7       
DQ<5>             XXXXXX.................................. 6       
                 0----+----1----+----2----+----3----+----4
                           0         0         0         0
*********************************** FB5  ***********************************
This function block is part of I/O Bank number:               2
Number of function block inputs used/remaining:               3/37
Number of function block control terms used/remaining:        2/2
Number of PLA product terms used/remaining:                   9/47
Signal                        Total Loc     Pin  Pin     Pin   CTC CTR CTS CTE
Name                          Pt            No.  Type    Use   
i2c_slave/gpio_input<6>       3     FB5_1   65   I/O     I      +   +      
i2c_slave/gpio_input<5>       3     FB5_2   66   I/O     I      +   +      
i2c_slave/gpio_input<4>       3     FB5_3   67   I/O     I      +   +      
(unused)                      0     FB5_4        (b)           
i2c_slave/gpio_input<3>       3     FB5_5   68   I/O     I      +   +      
(unused)                      0     FB5_6        (b)           
i2c_slave/gpio_input<2>       3     FB5_7   70   I/O     I      +   +      
(unused)                      0     FB5_8        (b)           
(unused)                      0     FB5_9        (b)           
(unused)                      0     FB5_10       (b)           
i2c_slave/gpio_input<1>       3     FB5_11  71   I/O     I      +   +      
i2c_slave/gpio_input<0>       3     FB5_12  72   I/O     I      +   +      
FlashCS_n                     0     FB5_13  73   I/O     O                 
(unused)                      0     FB5_14  74   I/O           
(unused)                      0     FB5_15  76   I/O           
(unused)                      0     FB5_16       (b)           

Signals Used by Logic in Function Block
  1: CTRL<10>           2: I2C_SCL            3: i2c_slave/latch_data_out 

Signal                     1         2         3         4 FB      
Name             0----+----0----+----0----+----0----+----0 Inputs  
FlashCS_n         ........................................ 0       
                 0----+----1----+----2----+----3----+----4
                           0         0         0         0
*********************************** FB6  ***********************************
This function block is part of I/O Bank number:               1
Number of function block inputs used/remaining:               28/12
Number of function block control terms used/remaining:        2/2
Number of PLA product terms used/remaining:                   11/45
Signal                        Total Loc     Pin  Pin     Pin   CTC CTR CTS CTE
Name                          Pt            No.  Type    Use   
i2c_slave/gpio_input<7>       3     FB6_1   64   I/O     I      +   +      
DQ<25>                        2     FB6_2   63   I/O     O          +      
DQ<24>                        2     FB6_3   61   I/O     O          +      
DQ<23>                        2     FB6_4   60   I/O     O          +      
DQ<22>                        2     FB6_5   59   I/O     O          +      
DQ<21>                        2     FB6_6   58   I/O     O          +      
(unused)                      0     FB6_7        (b)           
(unused)                      0     FB6_8        (b)           
(unused)                      0     FB6_9        (b)           
(unused)                      0     FB6_10       (b)           
(unused)                      0     FB6_11       (b)           
DQ<20>                        2     FB6_12  56   I/O     O          +      
(unused)                      0     FB6_13       (b)           
DQ<19>                        2     FB6_14  55   I/O     O          +      
(unused)                      0     FB6_15       (b)           
DQ<18>                        2     FB6_16  54   I/O     O          +      

Signals Used by Logic in Function Block
  1: CTRL<10>          11: DQ<18>            20: DQ<3> 
  2: DQ<0>             12: DQ<19>            21: DQ<4> 
  3: DQ<10>            13: DQ<1>             22: DQ<5> 
  4: DQ<11>            14: DQ<20>            23: DQ<6> 
  5: DQ<12>            15: DQ<21>            24: DQ<7> 
  6: DQ<13>            16: DQ<22>            25: DQ<8> 
  7: DQ<14>            17: DQ<23>            26: DQ<9> 
  8: DQ<15>            18: DQ<24>            27: I2C_SCL 
  9: DQ<16>            19: DQ<2>             28: i2c_slave/latch_data_out 
 10: DQ<17>           

Signal                     1         2         3         4 FB      
Name             0----+----0----+----0----+----0----+----0 Inputs  
DQ<25>            XXXXXXXXXXXXXXXXXXXXXXXXXX.............. 26      
DQ<24>            XXXXXXXXXXXXXXXXX.XXXXXXXX.............. 25      
DQ<23>            XXXXXXXXXXXXXXXX..XXXXXXXX.............. 24      
DQ<22>            XXXXXXXXXXXXXXX...XXXXXXXX.............. 23      
DQ<21>            XXXXXXXXXXXXXX....XXXXXXXX.............. 22      
DQ<20>            XXXXXXXXXXXXX.....XXXXXXXX.............. 21      
DQ<19>            XXXXXXXXXXX.X.....XXXXXXXX.............. 20      
DQ<18>            XXXXXXXXXX..X.....XXXXXXXX.............. 19      
                 0----+----1----+----2----+----3----+----4
                           0         0         0         0
*********************************** FB7  ***********************************
This function block is part of I/O Bank number:               2
Number of function block inputs used/remaining:               13/27
Number of function block control terms used/remaining:        0/4
Number of PLA product terms used/remaining:                   12/44
Signal                        Total Loc     Pin  Pin     Pin   CTC CTR CTS CTE
Name                          Pt            No.  Type    Use   
TX_MISO                       1     FB7_1   77   I/O     O                 
(unused)                      0     FB7_2   78   I/O           
(unused)                      0     FB7_3        (b)           
(unused)                      0     FB7_4   79   I/O           
(unused)                      0     FB7_5   80   I/O           
LED<0>                        2     FB7_6   81   I/O     O                 
(unused)                      0     FB7_7        (b)           
(unused)                      0     FB7_8        (b)           
(unused)                      0     FB7_9        (b)           
(unused)                      0     FB7_10       (b)           
LED<1>                        2     FB7_11  82   I/O     O                 
(unused)                      0     FB7_12       (b)           
LED<2>                        2     FB7_13  85   I/O     O                 
LED<3>                        2     FB7_14  86   I/O     O                 
LED<4>                        2     FB7_15  87   I/O     O                 
LED<5>                        2     FB7_16  89   I/O     O                 

Signals Used by Logic in Function Block
  1: Button<7>          6: DQ<28>            10: I2C_LEDs<2> 
  2: DQ<24>             7: DQ<29>            11: I2C_LEDs<3> 
  3: DQ<25>             8: I2C_LEDs<0>       12: I2C_LEDs<4> 
  4: DQ<26>             9: I2C_LEDs<1>       13: I2C_LEDs<5> 
  5: DQ<27>           

Signal                     1         2         3         4 FB      
Name             0----+----0----+----0----+----0----+----0 Inputs  
TX_MISO           ........................................ 0       
LED<0>            XX.....X................................ 3       
LED<1>            X.X.....X............................... 3       
LED<2>            X..X.....X.............................. 3       
LED<3>            X...X.....X............................. 3       
LED<4>            X....X.....X............................ 3       
LED<5>            X.....X.....X........................... 3       
                 0----+----1----+----2----+----3----+----4
                           0         0         0         0
*********************************** FB8  ***********************************
This function block is part of I/O Bank number:               1
Number of function block inputs used/remaining:               18/22
Number of function block control terms used/remaining:        2/2
Number of PLA product terms used/remaining:                   8/48
Signal                        Total Loc     Pin  Pin     Pin   CTC CTR CTS CTE
Name                          Pt            No.  Type    Use   
(unused)                      0     FB8_1        (b)           
DQ<17>                        2     FB8_2   53   I/O     O          +      
DQ<16>                        2     FB8_3   52   I/O     O          +      
DQ<0>                         1     FB8_4   50   I/O     O          +      
(unused)                      0     FB8_5        (b)           
DQ<1>                         2     FB8_6   49   I/O     O          +      
(unused)                      0     FB8_7        (b)           
(unused)                      0     FB8_8        (b)           
(unused)                      0     FB8_9        (b)           
(unused)                      0     FB8_10       (b)           
(unused)                      0     FB8_11       (b)           
DQ<2>                         2     FB8_12  46   I/O     O          +      
CTRL<0>                       1     FB8_13  44   I/O     O              +  
DQ<3>                         2     FB8_14  43   I/O     O          +      
(unused)                      0     FB8_15  42   I/O           
DQ<4>                         2     FB8_16  41   I/O     O          +      

Signals Used by Logic in Function Block
  1: CTRL<10>           7: DQ<14>            13: DQ<4> 
  2: DQ<0>              8: DQ<15>            14: DQ<5> 
  3: DQ<10>             9: DQ<16>            15: DQ<6> 
  4: DQ<11>            10: DQ<1>             16: DQ<7> 
  5: DQ<12>            11: DQ<2>             17: DQ<8> 
  6: DQ<13>            12: DQ<3>             18: DQ<9> 

Signal                     1         2         3         4 FB      
Name             0----+----0----+----0----+----0----+----0 Inputs  
DQ<17>            XXXXXXXXXXXXXXXXXX...................... 18      
DQ<16>            XXXXXXXX.XXXXXXXXX...................... 17      
DQ<0>             X....................................... 1       
DQ<1>             XX...................................... 2       
DQ<2>             XX.......X.............................. 3       
CTRL<0>           X....................................... 1       
DQ<3>             XX.......XX............................. 4       
DQ<4>             XX.......XXX............................ 5       
                 0----+----1----+----2----+----3----+----4
                           0         0         0         0
*******************************  Equations  ********************************

********** Mapped Logic **********

FDCPE_CTRL0: FDCPE port map (CTRL(0),'0',NOT PCLK,'0',CTRL(10),'1');

FTCPE_DQ0: FTCPE port map (DQ(0),'0',NOT PCLK,CTRL(10),'0','1');

FTCPE_DQ1: FTCPE port map (DQ(1),DQ(0),NOT PCLK,CTRL(10),'0','1');

FTCPE_DQ2: FTCPE port map (DQ(2),DQ_T(2),NOT PCLK,CTRL(10),'0','1');
DQ_T(2) <= (DQ(0) AND DQ(1));

FTCPE_DQ3: FTCPE port map (DQ(3),DQ_T(3),NOT PCLK,CTRL(10),'0','1');
DQ_T(3) <= (DQ(0) AND DQ(1) AND DQ(2));

FTCPE_DQ4: FTCPE port map (DQ(4),DQ_T(4),NOT PCLK,CTRL(10),'0','1');
DQ_T(4) <= (DQ(0) AND DQ(1) AND DQ(2) AND DQ(3));

FTCPE_DQ5: FTCPE port map (DQ(5),DQ_T(5),NOT PCLK,CTRL(10),'0','1');
DQ_T(5) <= (DQ(0) AND DQ(1) AND DQ(2) AND DQ(3) AND DQ(4));

FTCPE_DQ6: FTCPE port map (DQ(6),DQ_T(6),NOT PCLK,CTRL(10),'0','1');
DQ_T(6) <= (DQ(0) AND DQ(1) AND DQ(2) AND DQ(3) AND DQ(4) AND DQ(5));

FTCPE_DQ7: FTCPE port map (DQ(7),DQ_T(7),NOT PCLK,CTRL(10),'0','1');
DQ_T(7) <= (DQ(0) AND DQ(1) AND DQ(2) AND DQ(3) AND DQ(4) AND DQ(5) AND 
	DQ(6));

FTCPE_DQ8: FTCPE port map (DQ(8),DQ_T(8),NOT PCLK,CTRL(10),'0','1');
DQ_T(8) <= (DQ(0) AND DQ(1) AND DQ(2) AND DQ(3) AND DQ(4) AND DQ(5) AND 
	DQ(6) AND DQ(7));

FTCPE_DQ9: FTCPE port map (DQ(9),DQ_T(9),NOT PCLK,CTRL(10),'0','1');
DQ_T(9) <= (DQ(0) AND DQ(1) AND DQ(2) AND DQ(3) AND DQ(4) AND DQ(5) AND 
	DQ(6) AND DQ(7) AND DQ(8));

FTCPE_DQ10: FTCPE port map (DQ(10),DQ_T(10),NOT PCLK,CTRL(10),'0','1');
DQ_T(10) <= (DQ(0) AND DQ(1) AND DQ(2) AND DQ(3) AND DQ(4) AND DQ(5) AND 
	DQ(6) AND DQ(7) AND DQ(8) AND DQ(9));

FTCPE_DQ11: FTCPE port map (DQ(11),DQ_T(11),NOT PCLK,CTRL(10),'0','1');
DQ_T(11) <= (DQ(0) AND DQ(1) AND DQ(2) AND DQ(3) AND DQ(4) AND DQ(5) AND 
	DQ(6) AND DQ(7) AND DQ(8) AND DQ(9) AND DQ(10));

FTCPE_DQ12: FTCPE port map (DQ(12),DQ_T(12),NOT PCLK,CTRL(10),'0','1');
DQ_T(12) <= (DQ(0) AND DQ(1) AND DQ(2) AND DQ(3) AND DQ(4) AND DQ(5) AND 
	DQ(6) AND DQ(7) AND DQ(8) AND DQ(9) AND DQ(10) AND DQ(11));

FTCPE_DQ13: FTCPE port map (DQ(13),DQ_T(13),NOT PCLK,CTRL(10),'0','1');
DQ_T(13) <= (DQ(0) AND DQ(1) AND DQ(2) AND DQ(3) AND DQ(4) AND DQ(5) AND 
	DQ(6) AND DQ(7) AND DQ(8) AND DQ(9) AND DQ(10) AND DQ(11) AND 
	DQ(12));

FTCPE_DQ14: FTCPE port map (DQ(14),DQ_T(14),NOT PCLK,CTRL(10),'0','1');
DQ_T(14) <= (DQ(0) AND DQ(1) AND DQ(2) AND DQ(3) AND DQ(4) AND DQ(5) AND 
	DQ(6) AND DQ(7) AND DQ(8) AND DQ(9) AND DQ(10) AND DQ(11) AND 
	DQ(12) AND DQ(13));

FTCPE_DQ15: FTCPE port map (DQ(15),DQ_T(15),NOT PCLK,CTRL(10),'0','1');
DQ_T(15) <= (DQ(0) AND DQ(1) AND DQ(2) AND DQ(3) AND DQ(4) AND DQ(5) AND 
	DQ(6) AND DQ(7) AND DQ(8) AND DQ(9) AND DQ(10) AND DQ(11) AND 
	DQ(12) AND DQ(13) AND DQ(14));

FTCPE_DQ16: FTCPE port map (DQ(16),DQ_T(16),NOT PCLK,CTRL(10),'0','1');
DQ_T(16) <= (DQ(0) AND DQ(1) AND DQ(2) AND DQ(3) AND DQ(4) AND DQ(5) AND 
	DQ(6) AND DQ(7) AND DQ(8) AND DQ(9) AND DQ(10) AND DQ(11) AND 
	DQ(12) AND DQ(13) AND DQ(14) AND DQ(15));

FTCPE_DQ17: FTCPE port map (DQ(17),DQ_T(17),NOT PCLK,CTRL(10),'0','1');
DQ_T(17) <= (DQ(0) AND DQ(1) AND DQ(2) AND DQ(3) AND DQ(4) AND DQ(5) AND 
	DQ(6) AND DQ(7) AND DQ(8) AND DQ(9) AND DQ(10) AND DQ(11) AND 
	DQ(12) AND DQ(13) AND DQ(14) AND DQ(15) AND DQ(16));

FTCPE_DQ18: FTCPE port map (DQ(18),DQ_T(18),NOT PCLK,CTRL(10),'0','1');
DQ_T(18) <= (DQ(0) AND DQ(1) AND DQ(2) AND DQ(3) AND DQ(4) AND DQ(5) AND 
	DQ(6) AND DQ(7) AND DQ(8) AND DQ(9) AND DQ(10) AND DQ(11) AND 
	DQ(12) AND DQ(13) AND DQ(14) AND DQ(15) AND DQ(16) AND DQ(17));

FTCPE_DQ19: FTCPE port map (DQ(19),DQ_T(19),NOT PCLK,CTRL(10),'0','1');
DQ_T(19) <= (DQ(0) AND DQ(1) AND DQ(2) AND DQ(3) AND DQ(4) AND DQ(5) AND 
	DQ(6) AND DQ(7) AND DQ(8) AND DQ(9) AND DQ(10) AND DQ(11) AND 
	DQ(12) AND DQ(13) AND DQ(14) AND DQ(15) AND DQ(16) AND DQ(17) AND 
	DQ(18));

FTCPE_DQ20: FTCPE port map (DQ(20),DQ_T(20),NOT PCLK,CTRL(10),'0','1');
DQ_T(20) <= (DQ(0) AND DQ(1) AND DQ(2) AND DQ(3) AND DQ(4) AND DQ(5) AND 
	DQ(6) AND DQ(7) AND DQ(8) AND DQ(9) AND DQ(10) AND DQ(11) AND 
	DQ(12) AND DQ(13) AND DQ(14) AND DQ(15) AND DQ(16) AND DQ(17) AND 
	DQ(18) AND DQ(19));

FTCPE_DQ21: FTCPE port map (DQ(21),DQ_T(21),NOT PCLK,CTRL(10),'0','1');
DQ_T(21) <= (DQ(0) AND DQ(1) AND DQ(2) AND DQ(3) AND DQ(4) AND DQ(5) AND 
	DQ(6) AND DQ(7) AND DQ(8) AND DQ(9) AND DQ(10) AND DQ(11) AND 
	DQ(12) AND DQ(13) AND DQ(14) AND DQ(15) AND DQ(16) AND DQ(17) AND 
	DQ(18) AND DQ(19) AND DQ(20));

FTCPE_DQ22: FTCPE port map (DQ(22),DQ_T(22),NOT PCLK,CTRL(10),'0','1');
DQ_T(22) <= (DQ(0) AND DQ(1) AND DQ(2) AND DQ(3) AND DQ(4) AND DQ(5) AND 
	DQ(6) AND DQ(7) AND DQ(8) AND DQ(9) AND DQ(10) AND DQ(11) AND 
	DQ(12) AND DQ(13) AND DQ(14) AND DQ(15) AND DQ(16) AND DQ(17) AND 
	DQ(18) AND DQ(19) AND DQ(20) AND DQ(21));

FTCPE_DQ23: FTCPE port map (DQ(23),DQ_T(23),NOT PCLK,CTRL(10),'0','1');
DQ_T(23) <= (DQ(0) AND DQ(1) AND DQ(2) AND DQ(3) AND DQ(4) AND DQ(5) AND 
	DQ(6) AND DQ(7) AND DQ(8) AND DQ(9) AND DQ(10) AND DQ(11) AND 
	DQ(12) AND DQ(13) AND DQ(14) AND DQ(15) AND DQ(16) AND DQ(17) AND 
	DQ(18) AND DQ(19) AND DQ(20) AND DQ(21) AND DQ(22));

FTCPE_DQ24: FTCPE port map (DQ(24),DQ_T(24),NOT PCLK,CTRL(10),'0','1');
DQ_T(24) <= (DQ(0) AND DQ(1) AND DQ(2) AND DQ(3) AND DQ(4) AND DQ(5) AND 
	DQ(6) AND DQ(7) AND DQ(8) AND DQ(9) AND DQ(10) AND DQ(11) AND 
	DQ(12) AND DQ(13) AND DQ(14) AND DQ(15) AND DQ(16) AND DQ(17) AND 
	DQ(18) AND DQ(19) AND DQ(20) AND DQ(21) AND DQ(22) AND DQ(23));

FTCPE_DQ25: FTCPE port map (DQ(25),DQ_T(25),NOT PCLK,CTRL(10),'0','1');
DQ_T(25) <= (DQ(0) AND DQ(1) AND DQ(2) AND DQ(3) AND DQ(4) AND DQ(5) AND 
	DQ(6) AND DQ(7) AND DQ(8) AND DQ(9) AND DQ(10) AND DQ(11) AND 
	DQ(12) AND DQ(13) AND DQ(14) AND DQ(15) AND DQ(16) AND DQ(17) AND 
	DQ(18) AND DQ(19) AND DQ(20) AND DQ(21) AND DQ(22) AND DQ(23) AND 
	DQ(24));

FTCPE_DQ26: FTCPE port map (DQ(26),DQ_T(26),NOT PCLK,CTRL(10),'0','1');
DQ_T(26) <= (DQ(0) AND DQ(1) AND DQ(2) AND DQ(3) AND DQ(4) AND DQ(5) AND 
	DQ(6) AND DQ(7) AND DQ(8) AND DQ(9) AND DQ(10) AND DQ(11) AND 
	DQ(12) AND DQ(13) AND DQ(14) AND DQ(15) AND DQ(16) AND DQ(17) AND 
	DQ(18) AND DQ(19) AND DQ(20) AND DQ(21) AND DQ(22) AND DQ(23) AND 
	DQ(24) AND DQ(25));

FTCPE_DQ27: FTCPE port map (DQ(27),DQ_T(27),NOT PCLK,CTRL(10),'0','1');
DQ_T(27) <= (DQ(0) AND DQ(1) AND DQ(2) AND DQ(3) AND DQ(4) AND DQ(5) AND 
	DQ(6) AND DQ(7) AND DQ(8) AND DQ(9) AND DQ(10) AND DQ(11) AND 
	DQ(12) AND DQ(13) AND DQ(14) AND DQ(15) AND DQ(16) AND DQ(17) AND 
	DQ(18) AND DQ(19) AND DQ(20) AND DQ(21) AND DQ(22) AND DQ(23) AND 
	DQ(24) AND DQ(25) AND DQ(26));

FTCPE_DQ28: FTCPE port map (DQ(28),DQ_T(28),NOT PCLK,CTRL(10),'0','1');
DQ_T(28) <= (DQ(0) AND DQ(1) AND DQ(2) AND DQ(3) AND DQ(4) AND DQ(5) AND 
	DQ(6) AND DQ(7) AND DQ(8) AND DQ(9) AND DQ(10) AND DQ(11) AND 
	DQ(12) AND DQ(13) AND DQ(14) AND DQ(15) AND DQ(16) AND DQ(17) AND 
	DQ(18) AND DQ(19) AND DQ(20) AND DQ(21) AND DQ(22) AND DQ(23) AND 
	DQ(24) AND DQ(25) AND DQ(26) AND DQ(27));

FTCPE_DQ29: FTCPE port map (DQ(29),DQ_T(29),NOT PCLK,CTRL(10),'0','1');
DQ_T(29) <= (DQ(0) AND DQ(1) AND DQ(2) AND DQ(3) AND DQ(4) AND DQ(5) AND 
	DQ(6) AND DQ(7) AND DQ(8) AND DQ(9) AND DQ(10) AND DQ(11) AND 
	DQ(12) AND DQ(13) AND DQ(14) AND DQ(15) AND DQ(16) AND DQ(17) AND 
	DQ(18) AND DQ(19) AND DQ(20) AND DQ(21) AND DQ(22) AND DQ(23) AND 
	DQ(24) AND DQ(25) AND DQ(26) AND DQ(27) AND DQ(28));

FTCPE_DQ30: FTCPE port map (DQ(30),DQ_T(30),NOT PCLK,CTRL(10),'0','1');
DQ_T(30) <= (DQ(0) AND DQ(1) AND DQ(2) AND DQ(3) AND DQ(4) AND DQ(5) AND 
	DQ(6) AND DQ(7) AND DQ(8) AND DQ(9) AND DQ(10) AND DQ(11) AND 
	DQ(12) AND DQ(13) AND DQ(14) AND DQ(15) AND DQ(16) AND DQ(17) AND 
	DQ(18) AND DQ(19) AND DQ(20) AND DQ(21) AND DQ(22) AND DQ(23) AND 
	DQ(24) AND DQ(25) AND DQ(26) AND DQ(27) AND DQ(28) AND DQ(29));

FTCPE_DQ31: FTCPE port map (DQ(31),DQ_T(31),NOT PCLK,CTRL(10),'0','1');
DQ_T(31) <= (DQ(0) AND DQ(1) AND DQ(2) AND DQ(3) AND DQ(4) AND DQ(5) AND 
	DQ(6) AND DQ(7) AND DQ(8) AND DQ(9) AND DQ(10) AND DQ(11) AND 
	DQ(12) AND DQ(13) AND DQ(14) AND DQ(15) AND DQ(16) AND DQ(17) AND 
	DQ(18) AND DQ(19) AND DQ(20) AND DQ(21) AND DQ(22) AND DQ(23) AND 
	DQ(24) AND DQ(25) AND DQ(26) AND DQ(27) AND DQ(28) AND DQ(29) AND 
	DQ(30));


FlashCS_n <= NOT ('0');

FDCPE_I2C_LEDs0: FDCPE port map (I2C_LEDs(0),i2c_slave/data_in(0),I2C_SCL,'0',CTRL(10),i2c_slave/latch_data_in);

FDCPE_I2C_LEDs1: FDCPE port map (I2C_LEDs(1),i2c_slave/data_in(1),I2C_SCL,CTRL(10),'0',i2c_slave/latch_data_in);

FDCPE_I2C_LEDs2: FDCPE port map (I2C_LEDs(2),i2c_slave/data_in(2),I2C_SCL,'0',CTRL(10),i2c_slave/latch_data_in);

FDCPE_I2C_LEDs3: FDCPE port map (I2C_LEDs(3),i2c_slave/data_in(3),I2C_SCL,CTRL(10),'0',i2c_slave/latch_data_in);

FDCPE_I2C_LEDs4: FDCPE port map (I2C_LEDs(4),i2c_slave/data_in(4),I2C_SCL,CTRL(10),'0',i2c_slave/latch_data_in);

FDCPE_I2C_LEDs5: FDCPE port map (I2C_LEDs(5),i2c_slave/data_in(5),I2C_SCL,'0',CTRL(10),i2c_slave/latch_data_in);

FDCPE_I2C_LEDs6: FDCPE port map (I2C_LEDs(6),i2c_slave/data_in(6),I2C_SCL,CTRL(10),'0',i2c_slave/latch_data_in);

FDCPE_I2C_LEDs7: FDCPE port map (I2C_LEDs(7),i2c_slave/data_in(7),I2C_SCL,'0',CTRL(10),i2c_slave/latch_data_in);


INT <= '0';


LED(0) <= NOT (((DQ(24) AND NOT Button(7))
	OR (Button(7) AND NOT I2C_LEDs(0))));


LED(1) <= NOT (((DQ(25) AND NOT Button(7))
	OR (Button(7) AND NOT I2C_LEDs(1))));


LED(2) <= NOT (((DQ(26) AND NOT Button(7))
	OR (Button(7) AND NOT I2C_LEDs(2))));


LED(3) <= NOT (((DQ(27) AND NOT Button(7))
	OR (Button(7) AND NOT I2C_LEDs(3))));


LED(4) <= NOT (((DQ(28) AND NOT Button(7))
	OR (Button(7) AND NOT I2C_LEDs(4))));


LED(5) <= NOT (((DQ(29) AND NOT Button(7))
	OR (Button(7) AND NOT I2C_LEDs(5))));


LED(6) <= NOT (((DQ(30) AND NOT Button(7))
	OR (Button(7) AND NOT I2C_LEDs(6))));


LED(7) <= NOT (((Button(7) AND NOT I2C_LEDs(7))
	OR (NOT Button(7) AND DQ(31))));


TX_MISO_I <= '0';
TX_MISO <= TX_MISO_I when TX_MISO_OE = '1' else 'Z';
TX_MISO_OE <= '0';

FDCPE_ack_out: FDCPE port map (ack_out,ack_out_D,I2C_SCL,CTRL(10),'0','1');
ack_out_D <= ((NOT i2c_slave/index(2) AND 
	i2c_slave/present_state_FSM_FFd1 AND NOT i2c_slave/index(0) AND 
	NOT i2c_slave/present_state_FSM_FFd2 AND NOT i2c_slave/index(1) AND i2c_slave/index(3))
	OR (NOT i2c_slave/index(2) AND 
	NOT i2c_slave/present_state_FSM_FFd1 AND NOT i2c_slave/index(0) AND 
	i2c_slave/present_state_FSM_FFd2 AND NOT i2c_slave/data_in(1) AND i2c_slave/data_in(2) AND 
	i2c_slave/data_in(3) AND NOT i2c_slave/data_in(4) AND i2c_slave/data_in(5) AND 
	NOT i2c_slave/data_in(6) AND i2c_slave/data_in(7) AND NOT i2c_slave/index(1) AND 
	i2c_slave/index(3)));


I2C_SDA <= ((NOT out_en AND NOT ack_out)
	OR (NOT ack_out AND sda_out));FDCPE_i2c_slave/data_in0: FDCPE port map (i2c_slave/data_in(0),I2C_SDA.PIN,I2C_SCL,CTRL(10),'0',i2c_slave/shift_data_in); -- Open Drain

FDCPE_i2c_slave/data_in1: FDCPE port map (i2c_slave/data_in(1),i2c_slave/data_in(0),I2C_SCL,CTRL(10),'0',i2c_slave/shift_data_in);

FDCPE_i2c_slave/data_in2: FDCPE port map (i2c_slave/data_in(2),i2c_slave/data_in(1),I2C_SCL,CTRL(10),'0',i2c_slave/shift_data_in);

FDCPE_i2c_slave/data_in3: FDCPE port map (i2c_slave/data_in(3),i2c_slave/data_in(2),I2C_SCL,CTRL(10),'0',i2c_slave/shift_data_in);

FDCPE_i2c_slave/data_in4: FDCPE port map (i2c_slave/data_in(4),i2c_slave/data_in(3),I2C_SCL,CTRL(10),'0',i2c_slave/shift_data_in);

FDCPE_i2c_slave/data_in5: FDCPE port map (i2c_slave/data_in(5),i2c_slave/data_in(4),I2C_SCL,CTRL(10),'0',i2c_slave/shift_data_in);

FDCPE_i2c_slave/data_in6: FDCPE port map (i2c_slave/data_in(6),i2c_slave/data_in(5),I2C_SCL,CTRL(10),'0',i2c_slave/shift_data_in);

FDCPE_i2c_slave/data_in7: FDCPE port map (i2c_slave/data_in(7),i2c_slave/data_in(6),I2C_SCL,CTRL(10),'0',i2c_slave/shift_data_in);

FDCPE_i2c_slave/gpio_input0: FDCPE port map (i2c_slave/gpio_input(0),Button(0),I2C_SCL,CTRL(10),'0',i2c_slave/latch_data_out);

FDCPE_i2c_slave/gpio_input1: FDCPE port map (i2c_slave/gpio_input(1),Button(1),I2C_SCL,CTRL(10),'0',i2c_slave/latch_data_out);

FDCPE_i2c_slave/gpio_input2: FDCPE port map (i2c_slave/gpio_input(2),Button(2),I2C_SCL,CTRL(10),'0',i2c_slave/latch_data_out);

FDCPE_i2c_slave/gpio_input3: FDCPE port map (i2c_slave/gpio_input(3),Button(3),I2C_SCL,CTRL(10),'0',i2c_slave/latch_data_out);

FDCPE_i2c_slave/gpio_input4: FDCPE port map (i2c_slave/gpio_input(4),Button(4),I2C_SCL,CTRL(10),'0',i2c_slave/latch_data_out);

FDCPE_i2c_slave/gpio_input5: FDCPE port map (i2c_slave/gpio_input(5),Button(5),I2C_SCL,CTRL(10),'0',i2c_slave/latch_data_out);

FDCPE_i2c_slave/gpio_input6: FDCPE port map (i2c_slave/gpio_input(6),Button(6),I2C_SCL,CTRL(10),'0',i2c_slave/latch_data_out);

FDCPE_i2c_slave/gpio_input7: FDCPE port map (i2c_slave/gpio_input(7),Button(7),I2C_SCL,CTRL(10),'0',i2c_slave/latch_data_out);

FDCPE_i2c_slave/index0: FDCPE port map (i2c_slave/index(0),i2c_slave/index_D(0),I2C_SCL,'0',CTRL(10),'1');
i2c_slave/index_D(0) <= NOT (((i2c_slave/index(0) AND NOT i2c_slave/start AND 
	NOT i2c_slave/index(3))
	OR (NOT i2c_slave/present_state_FSM_FFd1 AND 
	i2c_slave/index(0) AND NOT i2c_slave/present_state_FSM_FFd2 AND 
	NOT i2c_slave/start)));

FDCPE_i2c_slave/index1: FDCPE port map (i2c_slave/index(1),i2c_slave/index_D(1),I2C_SCL,CTRL(10),'0','1');
i2c_slave/index_D(1) <= ((i2c_slave/index(0) AND NOT i2c_slave/index(1) AND 
	NOT i2c_slave/start AND NOT i2c_slave/index(3))
	OR (NOT i2c_slave/index(0) AND i2c_slave/index(1) AND 
	NOT i2c_slave/start AND NOT i2c_slave/index(3))
	OR (NOT i2c_slave/present_state_FSM_FFd1 AND 
	i2c_slave/index(0) AND NOT i2c_slave/present_state_FSM_FFd2 AND 
	NOT i2c_slave/index(1) AND NOT i2c_slave/start)
	OR (NOT i2c_slave/present_state_FSM_FFd1 AND 
	NOT i2c_slave/index(0) AND NOT i2c_slave/present_state_FSM_FFd2 AND 
	i2c_slave/index(1) AND NOT i2c_slave/start));

FTCPE_i2c_slave/index2: FTCPE port map (i2c_slave/index(2),i2c_slave/index_T(2),I2C_SCL,CTRL(10),'0','1');
i2c_slave/index_T(2) <= ((i2c_slave/index(2) AND i2c_slave/start)
	OR (i2c_slave/index(2) AND 
	i2c_slave/present_state_FSM_FFd1 AND i2c_slave/index(3))
	OR (i2c_slave/index(2) AND 
	i2c_slave/present_state_FSM_FFd2 AND i2c_slave/index(3))
	OR (i2c_slave/index(0) AND i2c_slave/index(1) AND 
	NOT i2c_slave/start AND NOT i2c_slave/index(3))
	OR (NOT i2c_slave/present_state_FSM_FFd1 AND 
	i2c_slave/index(0) AND NOT i2c_slave/present_state_FSM_FFd2 AND 
	i2c_slave/index(1) AND NOT i2c_slave/start));

FDCPE_i2c_slave/index3: FDCPE port map (i2c_slave/index(3),i2c_slave/index_D(3),I2C_SCL,CTRL(10),'0','1');
i2c_slave/index_D(3) <= ((i2c_slave/index(2) AND i2c_slave/index(0) AND 
	i2c_slave/index(1) AND NOT i2c_slave/start AND NOT i2c_slave/index(3))
	OR (NOT i2c_slave/index(2) AND 
	NOT i2c_slave/present_state_FSM_FFd1 AND NOT i2c_slave/present_state_FSM_FFd2 AND 
	NOT i2c_slave/start AND i2c_slave/index(3))
	OR (NOT i2c_slave/present_state_FSM_FFd1 AND 
	NOT i2c_slave/index(0) AND NOT i2c_slave/present_state_FSM_FFd2 AND 
	NOT i2c_slave/start AND i2c_slave/index(3))
	OR (NOT i2c_slave/present_state_FSM_FFd1 AND 
	NOT i2c_slave/present_state_FSM_FFd2 AND NOT i2c_slave/index(1) AND NOT i2c_slave/start AND 
	i2c_slave/index(3))
	OR (NOT i2c_slave/index(2) AND 
	i2c_slave/present_state_FSM_FFd1 AND NOT i2c_slave/index(0) AND NOT i2c_slave/index(1) AND 
	NOT i2c_slave/start AND i2c_slave/index(3))
	OR (NOT i2c_slave/index(2) AND NOT i2c_slave/index(0) AND 
	NOT i2c_slave/data_in(1) AND i2c_slave/data_in(2) AND i2c_slave/data_in(3) AND 
	NOT i2c_slave/data_in(4) AND i2c_slave/data_in(5) AND NOT i2c_slave/data_in(6) AND 
	i2c_slave/data_in(7) AND NOT i2c_slave/index(1) AND NOT i2c_slave/start AND 
	i2c_slave/index(3)));

FDCPE_i2c_slave/latch_data_in: FDCPE port map (i2c_slave/latch_data_in,i2c_slave/latch_data_in_D,I2C_SCL,CTRL(10),'0','1');
i2c_slave/latch_data_in_D <= (i2c_slave/index(2) AND 
	i2c_slave/present_state_FSM_FFd1 AND i2c_slave/index(0) AND 
	NOT i2c_slave/present_state_FSM_FFd2 AND i2c_slave/index(1) AND NOT i2c_slave/index(3));

FDCPE_i2c_slave/latch_data_out: FDCPE port map (i2c_slave/latch_data_out,i2c_slave/latch_data_out_D,I2C_SCL,CTRL(10),'0','1');
i2c_slave/latch_data_out_D <= (i2c_slave/data_in(0) AND NOT i2c_slave/index(2) AND 
	NOT i2c_slave/present_state_FSM_FFd1 AND NOT i2c_slave/index(0) AND 
	i2c_slave/present_state_FSM_FFd2 AND NOT i2c_slave/index(1) AND i2c_slave/index(3));

FDCPE_i2c_slave/present_state_FSM_FFd1: FDCPE port map (i2c_slave/present_state_FSM_FFd1,i2c_slave/present_state_FSM_FFd1_D,I2C_SCL,CTRL(10),'0','1');
i2c_slave/present_state_FSM_FFd1_D <= ((i2c_slave/present_state_FSM_FFd1 AND 
	NOT i2c_slave/start AND NOT i2c_slave/index(3))
	OR (NOT i2c_slave/index(2) AND 
	i2c_slave/present_state_FSM_FFd1 AND NOT i2c_slave/index(0) AND NOT i2c_slave/index(1) AND 
	NOT i2c_slave/start)
	OR (NOT i2c_slave/index(2) AND 
	NOT i2c_slave/present_state_FSM_FFd1 AND i2c_slave/index(0) AND 
	i2c_slave/present_state_FSM_FFd2 AND NOT i2c_slave/data_in(1) AND i2c_slave/data_in(2) AND 
	i2c_slave/data_in(3) AND NOT i2c_slave/data_in(4) AND i2c_slave/data_in(5) AND 
	NOT i2c_slave/data_in(6) AND i2c_slave/data_in(7) AND NOT i2c_slave/index(1) AND 
	NOT i2c_slave/start AND i2c_slave/index(3)));

FDCPE_i2c_slave/present_state_FSM_FFd2: FDCPE port map (i2c_slave/present_state_FSM_FFd2,i2c_slave/present_state_FSM_FFd2_D,I2C_SCL,CTRL(10),'0','1');
i2c_slave/present_state_FSM_FFd2_D <= ((i2c_slave/start)
	OR (i2c_slave/present_state_FSM_FFd2 AND 
	NOT i2c_slave/index(3))
	OR (NOT i2c_slave/index(2) AND 
	i2c_slave/present_state_FSM_FFd1 AND NOT i2c_slave/index(0) AND 
	i2c_slave/present_state_FSM_FFd2 AND NOT i2c_slave/index(1))
	OR (NOT i2c_slave/index(2) AND NOT i2c_slave/index(0) AND 
	i2c_slave/present_state_FSM_FFd2 AND NOT i2c_slave/data_in(1) AND i2c_slave/data_in(2) AND 
	i2c_slave/data_in(3) AND NOT i2c_slave/data_in(4) AND i2c_slave/data_in(5) AND 
	NOT i2c_slave/data_in(6) AND i2c_slave/data_in(7) AND NOT i2c_slave/index(1))
	OR (i2c_slave/data_in(0) AND NOT i2c_slave/index(2) AND 
	NOT i2c_slave/present_state_FSM_FFd1 AND i2c_slave/present_state_FSM_FFd2 AND 
	NOT i2c_slave/data_in(1) AND i2c_slave/data_in(2) AND i2c_slave/data_in(3) AND 
	NOT i2c_slave/data_in(4) AND i2c_slave/data_in(5) AND NOT i2c_slave/data_in(6) AND 
	i2c_slave/data_in(7) AND NOT i2c_slave/index(1)));

FTCPE_i2c_slave/shift_data_in: FTCPE port map (i2c_slave/shift_data_in,i2c_slave/shift_data_in_T,I2C_SCL,CTRL(10),'0','1');
i2c_slave/shift_data_in_T <= ((NOT i2c_slave/shift_data_in AND 
	i2c_slave/present_state_FSM_FFd1 AND i2c_slave/start)
	OR (NOT i2c_slave/shift_data_in AND 
	NOT i2c_slave/present_state_FSM_FFd2 AND i2c_slave/start)
	OR (i2c_slave/shift_data_in AND 
	NOT i2c_slave/present_state_FSM_FFd1 AND NOT i2c_slave/present_state_FSM_FFd2 AND 
	NOT i2c_slave/start)
	OR (i2c_slave/shift_data_in AND NOT i2c_slave/index(2) AND 
	NOT i2c_slave/present_state_FSM_FFd1 AND NOT i2c_slave/index(0) AND 
	i2c_slave/present_state_FSM_FFd2 AND NOT i2c_slave/index(1) AND i2c_slave/index(3))
	OR (i2c_slave/shift_data_in AND NOT i2c_slave/index(2) AND 
	NOT i2c_slave/index(0) AND NOT i2c_slave/present_state_FSM_FFd2 AND 
	NOT i2c_slave/index(1) AND NOT i2c_slave/start AND i2c_slave/index(3))
	OR (NOT i2c_slave/data_in(0) AND NOT i2c_slave/shift_data_in AND 
	NOT i2c_slave/index(2) AND NOT i2c_slave/present_state_FSM_FFd1 AND 
	i2c_slave/index(0) AND i2c_slave/present_state_FSM_FFd2 AND 
	NOT i2c_slave/data_in(1) AND i2c_slave/data_in(2) AND i2c_slave/data_in(3) AND 
	NOT i2c_slave/data_in(4) AND i2c_slave/data_in(5) AND NOT i2c_slave/data_in(6) AND 
	i2c_slave/data_in(7) AND NOT i2c_slave/index(1) AND NOT i2c_slave/start AND 
	i2c_slave/index(3)));

FDCPE_i2c_slave/start: FDCPE port map (i2c_slave/start,I2C_SCL,I2C_SDA.PIN,i2c_slave/start_rst,'0','1');

FDCPE_i2c_slave/start_rst: FDCPE port map (i2c_slave/start_rst,i2c_slave/start,I2C_SCL,'0','0','1');

FTCPE_out_en: FTCPE port map (out_en,out_en_T,I2C_SCL,CTRL(10),'0','1');
out_en_T <= ((NOT i2c_slave/present_state_FSM_FFd1 AND 
	NOT i2c_slave/present_state_FSM_FFd2 AND out_en)
	OR (NOT i2c_slave/index(2) AND 
	i2c_slave/present_state_FSM_FFd1 AND NOT i2c_slave/index(0) AND 
	i2c_slave/present_state_FSM_FFd2 AND NOT i2c_slave/index(1) AND i2c_slave/index(3) AND out_en)
	OR (i2c_slave/data_in(0) AND NOT i2c_slave/index(2) AND 
	NOT i2c_slave/present_state_FSM_FFd1 AND i2c_slave/index(0) AND 
	i2c_slave/present_state_FSM_FFd2 AND NOT i2c_slave/data_in(1) AND i2c_slave/data_in(2) AND 
	i2c_slave/data_in(3) AND NOT i2c_slave/data_in(4) AND i2c_slave/data_in(5) AND 
	NOT i2c_slave/data_in(6) AND i2c_slave/data_in(7) AND NOT i2c_slave/index(1) AND 
	NOT i2c_slave/start AND i2c_slave/index(3) AND NOT out_en));

FDCPE_sda_out: FDCPE port map (sda_out,sda_out_D,I2C_SCL,'0',CTRL(10),'1');
sda_out_D <= ((NOT out_en AND sda_out)
	OR (i2c_slave/index(2) AND i2c_slave/index(0) AND 
	i2c_slave/index(1) AND out_en AND i2c_slave/gpio_input(0))
	OR (i2c_slave/index(2) AND i2c_slave/index(0) AND 
	NOT i2c_slave/index(1) AND out_en AND i2c_slave/gpio_input(2))
	OR (i2c_slave/index(2) AND NOT i2c_slave/index(0) AND 
	i2c_slave/index(1) AND out_en AND i2c_slave/gpio_input(1))
	OR (i2c_slave/index(2) AND NOT i2c_slave/index(0) AND 
	NOT i2c_slave/index(1) AND out_en AND i2c_slave/gpio_input(3))
	OR (NOT i2c_slave/index(2) AND i2c_slave/index(0) AND 
	i2c_slave/index(1) AND out_en AND i2c_slave/gpio_input(4))
	OR (NOT i2c_slave/index(2) AND i2c_slave/index(0) AND 
	NOT i2c_slave/index(1) AND out_en AND i2c_slave/gpio_input(6))
	OR (NOT i2c_slave/index(2) AND NOT i2c_slave/index(0) AND 
	i2c_slave/index(1) AND out_en AND i2c_slave/gpio_input(5))
	OR (NOT i2c_slave/index(2) AND NOT i2c_slave/index(0) AND 
	NOT i2c_slave/index(1) AND out_en AND i2c_slave/gpio_input(7)));


Register Legend:
 FDCPE (Q,D,C,CLR,PRE,CE); 
 FDDCPE (Q,D,C,CLR,PRE,CE); 
 FTCPE (Q,D,C,CLR,PRE,CE); 
 FTDCPE (Q,D,C,CLR,PRE,CE); 
 LDCP  (Q,D,G,CLR,PRE); 

******************************  Device Pin Out *****************************

Device : XC2C128-6-VQ100


   --------------------------------------------------  
  /100 98  96  94  92  90  88  86  84  82  80  78  76  \
 |   99  97  95  93  91  89  87  85  83  81  79  77    |
 | 1                                               75  | 
 | 2                                               74  | 
 | 3                                               73  | 
 | 4                                               72  | 
 | 5                                               71  | 
 | 6                                               70  | 
 | 7                                               69  | 
 | 8                                               68  | 
 | 9                                               67  | 
 | 10                                              66  | 
 | 11                                              65  | 
 | 12                                              64  | 
 | 13                XC2C128-6-VQ100               63  | 
 | 14                                              62  | 
 | 15                                              61  | 
 | 16                                              60  | 
 | 17                                              59  | 
 | 18                                              58  | 
 | 19                                              57  | 
 | 20                                              56  | 
 | 21                                              55  | 
 | 22                                              54  | 
 | 23                                              53  | 
 | 24                                              52  | 
 | 25                                              51  | 
 |   27  29  31  33  35  37  39  41  43  45  47  49    |
  \26  28  30  32  34  36  38  40  42  44  46  48  50  /
   --------------------------------------------------  


Pin Signal                         Pin Signal                        
No. Name                           No. Name                          
  1 PGND                             51 VCCIO-3.3                     
  2 DQ<15>                           52 DQ<16>                        
  3 PGND                             53 DQ<17>                        
  4 DQ<14>                           54 DQ<18>                        
  5 VCCAUX                           55 DQ<19>                        
  6 CTRL<10>                         56 DQ<20>                        
  7 DQ<13>                           57 VCC                           
  8 PGND                             58 DQ<21>                        
  9 DQ<12>                           59 DQ<22>                        
 10 PGND                             60 DQ<23>                        
 11 DQ<11>                           61 DQ<24>                        
 12 PGND                             62 GND                           
 13 PGND                             63 DQ<25>                        
 14 PGND                             64 Button<7>                     
 15 PGND                             65 Button<6>                     
 16 PGND                             66 Button<5>                     
 17 PGND                             67 Button<4>                     
 18 PGND                             68 Button<3>                     
 19 PGND                             69 GND                           
 20 VCCIO-3.3                        70 Button<2>                     
 21 GND                              71 Button<1>                     
 22 PCLK                             72 Button<0>                     
 23 DQ<10>                           73 FlashCS_n                     
 24 PGND                             74 PGND                          
 25 GND                              75 GND                           
 26 VCC                              76 PGND                          
 27 PGND                             77 TX_MISO                       
 28 DQ<9>                            78 PGND                          
 29 I2C_SDA                          79 PGND                          
 30 I2C_SCL                          80 PGND                          
 31 GND                              81 LED<0>                        
 32 DQ<8>                            82 LED<1>                        
 33 PGND                             83 TDO                           
 34 DQ<7>                            84 GND                           
 35 PGND                             85 LED<2>                        
 36 DQ<6>                            86 LED<3>                        
 37 PGND                             87 LED<4>                        
 38 VCCIO-3.3                        88 VCCIO-3.3                     
 39 DQ<5>                            89 LED<5>                        
 40 PGND                             90 LED<6>                        
 41 DQ<4>                            91 LED<7>                        
 42 PGND                             92 DQ<26>                        
 43 DQ<3>                            93 DQ<27>                        
 44 CTRL<0>                          94 DQ<28>                        
 45 TDI                              95 DQ<29>                        
 46 DQ<2>                            96 DQ<30>                        
 47 TMS                              97 DQ<31>                        
 48 TCK                              98 VCCIO-3.3                     
 49 DQ<1>                            99 INT                           
 50 DQ<0>                           100 GND                           


Legend :  NC  = Not Connected, unbonded pin
        PGND  = Unused I/O configured as additional Ground pin
         KPR  = Unused I/O with weak keeper (leave unconnected)
         WPU  = Unused I/O with weak pull up (leave unconnected)
         TIE  = Unused I/O floating -- must tie to VCC, GND or other signal
         VCC  = Dedicated Power Pin
      VCCAUX  = Power supply for JTAG pins
   VCCIO-3.3  = I/O supply voltage for LVTTL, LVCMOS33, SSTL3_I
   VCCIO-2.5  = I/O supply voltage for LVCMOS25, SSTL2_I
   VCCIO-1.8  = I/O supply voltage for LVCMOS18
   VCCIO-1.5  = I/O supply voltage for LVCMOS15, HSTL_I
        VREF  = Reference voltage for indicated input standard
       *VREF  = Reference voltage pin selected by software
         GND  = Dedicated Ground Pin
         TDI  = Test Data In, JTAG pin
         TDO  = Test Data Out, JTAG pin
         TCK  = Test Clock, JTAG pin
         TMS  = Test Mode Select, JTAG pin
  PROHIBITED  = User reserved pin
****************************  Compiler Options  ****************************

Following is a list of all global compiler options used by the fitter run.

Device(s) Specified                         : xc2c128-6-VQ100
Optimization Method                         : DENSITY
Multi-Level Logic Optimization              : ON
Ignore Timing Specifications                : OFF
Default Register Power Up Value             : LOW
Keep User Location Constraints              : ON
What-You-See-Is-What-You-Get                : OFF
Exhaustive Fitting                          : OFF
Keep Unused Inputs                          : OFF
Slew Rate                                   : FAST
Set Unused I/O Pin Termination              : GROUND
Global Clock Optimization                   : ON
Global Set/Reset Optimization               : ON
Global Ouput Enable Optimization            : ON
Enable Input Registers                      : ON
Function Block Fan-in Limit                 : 38
Use DATA_GATE Attribute                     : ON
Set Tristate Outputs to Termination Mode    : FLOAT
Default Voltage Standard for All Outputs    : LVCMOS33
Input Limit                                 : 32
Pterm Limit                                 : 28
